[0.266s] DEBUG:colcon:Command line arguments: ['/usr/bin/colcon', 'build', '--cmake-args', '-DROS_EDITION=ROS2', '-DHUMBLE_ROS=humble']
[0.266s] DEBUG:colcon:Parsed command line arguments: Namespace(log_base=None, log_level=None, verb_name='build', build_base='build', install_base='install', merge_install=False, symlink_install=False, test_result_base=None, continue_on_error=False, executor='parallel', parallel_workers=8, event_handlers=None, ignore_user_meta=False, metas=['./colcon.meta'], base_paths=['.'], packages_ignore=None, packages_ignore_regex=None, paths=None, packages_up_to=None, packages_up_to_regex=None, packages_above=None, packages_above_and_dependencies=None, packages_above_depth=None, packages_select_by_dep=None, packages_skip_by_dep=None, packages_skip_up_to=None, packages_select_build_failed=False, packages_skip_build_finished=False, packages_select_test_failures=False, packages_skip_test_passed=False, packages_select=None, packages_skip=None, packages_select_regex=None, packages_skip_regex=None, packages_start=None, packages_end=None, allow_overriding=[], cmake_args=['-DROS_EDITION=ROS2', '-DHUMBLE_ROS=humble'], cmake_target=None, cmake_target_skip_unavailable=False, cmake_clean_cache=False, cmake_clean_first=False, cmake_force_configure=False, ament_cmake_args=None, catkin_cmake_args=None, catkin_skip_building_tests=False, verb_parser=<colcon_defaults.argument_parser.defaults.DefaultArgumentsDecorator object at 0x7810090173d0>, verb_extension=<colcon_core.verb.build.BuildVerb object at 0x7810090163b0>, main=<bound method BuildVerb.main of <colcon_core.verb.build.BuildVerb object at 0x7810090163b0>>)
[0.545s] Level 1:colcon.colcon_core.package_discovery:discover_packages(colcon_meta) check parameters
[0.546s] Level 1:colcon.colcon_core.package_discovery:discover_packages(recursive) check parameters
[0.546s] Level 1:colcon.colcon_core.package_discovery:discover_packages(ignore) check parameters
[0.546s] Level 1:colcon.colcon_core.package_discovery:discover_packages(path) check parameters
[0.546s] Level 1:colcon.colcon_core.package_discovery:discover_packages(colcon_meta) discover
[0.546s] Level 1:colcon.colcon_core.package_discovery:discover_packages(recursive) discover
[0.546s] INFO:colcon.colcon_core.package_discovery:Crawling recursively for packages in '/home/niuniu/mid360_ws'
[0.546s] Level 1:colcon.colcon_core.package_identification:_identify(.) by extensions ['ignore', 'ignore_ament_install']
[0.546s] Level 1:colcon.colcon_core.package_identification:_identify(.) by extension 'ignore'
[0.546s] Level 1:colcon.colcon_core.package_identification:_identify(.) by extension 'ignore_ament_install'
[0.546s] Level 1:colcon.colcon_core.package_identification:_identify(.) by extensions ['colcon_pkg']
[0.546s] Level 1:colcon.colcon_core.package_identification:_identify(.) by extension 'colcon_pkg'
[0.546s] Level 1:colcon.colcon_core.package_identification:_identify(.) by extensions ['colcon_meta']
[0.546s] Level 1:colcon.colcon_core.package_identification:_identify(.) by extension 'colcon_meta'
[0.546s] Level 1:colcon.colcon_core.package_identification:_identify(.) by extensions ['ros']
[0.546s] Level 1:colcon.colcon_core.package_identification:_identify(.) by extension 'ros'
[0.556s] Level 1:colcon.colcon_core.package_identification:_identify(.) by extensions ['cmake', 'python']
[0.556s] Level 1:colcon.colcon_core.package_identification:_identify(.) by extension 'cmake'
[0.556s] Level 1:colcon.colcon_core.package_identification:_identify(.) by extension 'python'
[0.556s] Level 1:colcon.colcon_core.package_identification:_identify(.) by extensions ['python_setup_py']
[0.556s] Level 1:colcon.colcon_core.package_identification:_identify(.) by extension 'python_setup_py'
[0.556s] Level 1:colcon.colcon_core.package_identification:_identify(build) by extensions ['ignore', 'ignore_ament_install']
[0.556s] Level 1:colcon.colcon_core.package_identification:_identify(build) by extension 'ignore'
[0.556s] Level 1:colcon.colcon_core.package_identification:_identify(build) ignored
[0.557s] Level 1:colcon.colcon_core.package_identification:_identify(install) by extensions ['ignore', 'ignore_ament_install']
[0.557s] Level 1:colcon.colcon_core.package_identification:_identify(install) by extension 'ignore'
[0.557s] Level 1:colcon.colcon_core.package_identification:_identify(install) ignored
[0.557s] Level 1:colcon.colcon_core.package_identification:_identify(log) by extensions ['ignore', 'ignore_ament_install']
[0.557s] Level 1:colcon.colcon_core.package_identification:_identify(log) by extension 'ignore'
[0.557s] Level 1:colcon.colcon_core.package_identification:_identify(log) ignored
[0.557s] Level 1:colcon.colcon_core.package_identification:_identify(src) by extensions ['ignore', 'ignore_ament_install']
[0.557s] Level 1:colcon.colcon_core.package_identification:_identify(src) by extension 'ignore'
[0.557s] Level 1:colcon.colcon_core.package_identification:_identify(src) by extension 'ignore_ament_install'
[0.557s] Level 1:colcon.colcon_core.package_identification:_identify(src) by extensions ['colcon_pkg']
[0.557s] Level 1:colcon.colcon_core.package_identification:_identify(src) by extension 'colcon_pkg'
[0.557s] Level 1:colcon.colcon_core.package_identification:_identify(src) by extensions ['colcon_meta']
[0.557s] Level 1:colcon.colcon_core.package_identification:_identify(src) by extension 'colcon_meta'
[0.557s] Level 1:colcon.colcon_core.package_identification:_identify(src) by extensions ['ros']
[0.557s] Level 1:colcon.colcon_core.package_identification:_identify(src) by extension 'ros'
[0.557s] Level 1:colcon.colcon_core.package_identification:_identify(src) by extensions ['cmake', 'python']
[0.557s] Level 1:colcon.colcon_core.package_identification:_identify(src) by extension 'cmake'
[0.557s] Level 1:colcon.colcon_core.package_identification:_identify(src) by extension 'python'
[0.557s] Level 1:colcon.colcon_core.package_identification:_identify(src) by extensions ['python_setup_py']
[0.557s] Level 1:colcon.colcon_core.package_identification:_identify(src) by extension 'python_setup_py'
[0.557s] Level 1:colcon.colcon_core.package_identification:_identify(src/Livox-SDK2) by extensions ['ignore', 'ignore_ament_install']
[0.557s] Level 1:colcon.colcon_core.package_identification:_identify(src/Livox-SDK2) by extension 'ignore'
[0.557s] Level 1:colcon.colcon_core.package_identification:_identify(src/Livox-SDK2) by extension 'ignore_ament_install'
[0.557s] Level 1:colcon.colcon_core.package_identification:_identify(src/Livox-SDK2) by extensions ['colcon_pkg']
[0.557s] Level 1:colcon.colcon_core.package_identification:_identify(src/Livox-SDK2) by extension 'colcon_pkg'
[0.557s] Level 1:colcon.colcon_core.package_identification:_identify(src/Livox-SDK2) by extensions ['colcon_meta']
[0.557s] Level 1:colcon.colcon_core.package_identification:_identify(src/Livox-SDK2) by extension 'colcon_meta'
[0.557s] Level 1:colcon.colcon_core.package_identification:_identify(src/Livox-SDK2) by extensions ['ros']
[0.557s] Level 1:colcon.colcon_core.package_identification:_identify(src/Livox-SDK2) by extension 'ros'
[0.557s] Level 1:colcon.colcon_core.package_identification:_identify(src/Livox-SDK2) by extensions ['cmake', 'python']
[0.557s] Level 1:colcon.colcon_core.package_identification:_identify(src/Livox-SDK2) by extension 'cmake'
[0.578s] Level 1:colcon.colcon_core.package_identification:_identify(src/Livox-SDK2) by extension 'python'
[0.578s] DEBUG:colcon.colcon_core.package_identification:Package 'src/Livox-SDK2' with type 'cmake' and name 'livox_sdk2'
[0.578s] Level 1:colcon.colcon_core.package_identification:_identify(src/livox_ros_driver2) by extensions ['ignore', 'ignore_ament_install']
[0.578s] Level 1:colcon.colcon_core.package_identification:_identify(src/livox_ros_driver2) by extension 'ignore'
[0.578s] Level 1:colcon.colcon_core.package_identification:_identify(src/livox_ros_driver2) by extension 'ignore_ament_install'
[0.578s] Level 1:colcon.colcon_core.package_identification:_identify(src/livox_ros_driver2) by extensions ['colcon_pkg']
[0.578s] Level 1:colcon.colcon_core.package_identification:_identify(src/livox_ros_driver2) by extension 'colcon_pkg'
[0.578s] Level 1:colcon.colcon_core.package_identification:_identify(src/livox_ros_driver2) by extensions ['colcon_meta']
[0.578s] Level 1:colcon.colcon_core.package_identification:_identify(src/livox_ros_driver2) by extension 'colcon_meta'
[0.578s] Level 1:colcon.colcon_core.package_identification:_identify(src/livox_ros_driver2) by extensions ['ros']
[0.578s] Level 1:colcon.colcon_core.package_identification:_identify(src/livox_ros_driver2) by extension 'ros'
[0.581s] DEBUG:colcon.colcon_core.package_identification:Package 'src/livox_ros_driver2' with type 'ros.ament_cmake' and name 'livox_ros_driver2'
[0.581s] Level 1:colcon.colcon_core.package_discovery:discover_packages(recursive) using defaults
[0.581s] Level 1:colcon.colcon_core.package_discovery:discover_packages(ignore) discover
[0.581s] Level 1:colcon.colcon_core.package_discovery:discover_packages(ignore) using defaults
[0.581s] Level 1:colcon.colcon_core.package_discovery:discover_packages(path) discover
[0.581s] Level 1:colcon.colcon_core.package_discovery:discover_packages(path) using defaults
[0.607s] Level 1:colcon.colcon_core.package_discovery:discover_packages(prefix_path) check parameters
[0.607s] Level 1:colcon.colcon_core.package_discovery:discover_packages(prefix_path) discover
[0.612s] DEBUG:colcon.colcon_installed_package_information.package_discovery:Found 2 installed packages in /home/niuniu/ydlidar_ws/install
[0.613s] DEBUG:colcon.colcon_installed_package_information.package_discovery:Found 303 installed packages in /opt/ros/humble
[0.620s] Level 1:colcon.colcon_core.package_discovery:discover_packages(prefix_path) using defaults
[0.647s] Level 5:colcon.colcon_core.verb:set package 'livox_ros_driver2' build argument 'cmake_args' from command line to '['-DROS_EDITION=ROS2', '-DHUMBLE_ROS=humble']'
[0.647s] Level 5:colcon.colcon_core.verb:set package 'livox_ros_driver2' build argument 'cmake_target' from command line to 'None'
[0.647s] Level 5:colcon.colcon_core.verb:set package 'livox_ros_driver2' build argument 'cmake_target_skip_unavailable' from command line to 'False'
[0.647s] Level 5:colcon.colcon_core.verb:set package 'livox_ros_driver2' build argument 'cmake_clean_cache' from command line to 'False'
[0.647s] Level 5:colcon.colcon_core.verb:set package 'livox_ros_driver2' build argument 'cmake_clean_first' from command line to 'False'
[0.647s] Level 5:colcon.colcon_core.verb:set package 'livox_ros_driver2' build argument 'cmake_force_configure' from command line to 'False'
[0.647s] Level 5:colcon.colcon_core.verb:set package 'livox_ros_driver2' build argument 'ament_cmake_args' from command line to 'None'
[0.647s] Level 5:colcon.colcon_core.verb:set package 'livox_ros_driver2' build argument 'catkin_cmake_args' from command line to 'None'
[0.647s] Level 5:colcon.colcon_core.verb:set package 'livox_ros_driver2' build argument 'catkin_skip_building_tests' from command line to 'False'
[0.647s] DEBUG:colcon.colcon_core.verb:Building package 'livox_ros_driver2' with the following arguments: {'ament_cmake_args': None, 'build_base': '/home/niuniu/mid360_ws/build/livox_ros_driver2', 'catkin_cmake_args': None, 'catkin_skip_building_tests': False, 'cmake_args': ['-DROS_EDITION=ROS2', '-DHUMBLE_ROS=humble'], 'cmake_clean_cache': False, 'cmake_clean_first': False, 'cmake_force_configure': False, 'cmake_target': None, 'cmake_target_skip_unavailable': False, 'install_base': '/home/niuniu/mid360_ws/install/livox_ros_driver2', 'merge_install': False, 'path': '/home/niuniu/mid360_ws/src/livox_ros_driver2', 'symlink_install': False, 'test_result_base': None}
[0.647s] Level 5:colcon.colcon_core.verb:set package 'livox_sdk2' build argument 'cmake_args' from command line to '['-DROS_EDITION=ROS2', '-DHUMBLE_ROS=humble']'
[0.647s] Level 5:colcon.colcon_core.verb:set package 'livox_sdk2' build argument 'cmake_target' from command line to 'None'
[0.647s] Level 5:colcon.colcon_core.verb:set package 'livox_sdk2' build argument 'cmake_target_skip_unavailable' from command line to 'False'
[0.647s] Level 5:colcon.colcon_core.verb:set package 'livox_sdk2' build argument 'cmake_clean_cache' from command line to 'False'
[0.647s] Level 5:colcon.colcon_core.verb:set package 'livox_sdk2' build argument 'cmake_clean_first' from command line to 'False'
[0.647s] Level 5:colcon.colcon_core.verb:set package 'livox_sdk2' build argument 'cmake_force_configure' from command line to 'False'
[0.647s] Level 5:colcon.colcon_core.verb:set package 'livox_sdk2' build argument 'ament_cmake_args' from command line to 'None'
[0.647s] Level 5:colcon.colcon_core.verb:set package 'livox_sdk2' build argument 'catkin_cmake_args' from command line to 'None'
[0.648s] Level 5:colcon.colcon_core.verb:set package 'livox_sdk2' build argument 'catkin_skip_building_tests' from command line to 'False'
[0.648s] DEBUG:colcon.colcon_core.verb:Building package 'livox_sdk2' with the following arguments: {'ament_cmake_args': None, 'build_base': '/home/niuniu/mid360_ws/build/livox_sdk2', 'catkin_cmake_args': None, 'catkin_skip_building_tests': False, 'cmake_args': ['-DROS_EDITION=ROS2', '-DHUMBLE_ROS=humble'], 'cmake_clean_cache': False, 'cmake_clean_first': False, 'cmake_force_configure': False, 'cmake_target': None, 'cmake_target_skip_unavailable': False, 'install_base': '/home/niuniu/mid360_ws/install/livox_sdk2', 'merge_install': False, 'path': '/home/niuniu/mid360_ws/src/Livox-SDK2', 'symlink_install': False, 'test_result_base': None}
[0.648s] INFO:colcon.colcon_core.executor:Executing jobs using 'parallel' executor
[0.648s] DEBUG:colcon.colcon_parallel_executor.executor.parallel:run_until_complete
[0.648s] INFO:colcon.colcon_ros.task.ament_cmake.build:Building ROS package in '/home/niuniu/mid360_ws/src/livox_ros_driver2' with build type 'ament_cmake'
[0.649s] INFO:colcon.colcon_cmake.task.cmake.build:Building CMake package in '/home/niuniu/mid360_ws/src/livox_ros_driver2'
[0.655s] INFO:colcon.colcon_core.plugin_system:Skipping extension 'colcon_core.shell.bat': Not used on non-Windows systems
[0.655s] INFO:colcon.colcon_core.shell:Skip shell extension 'powershell' for command environment: Not usable outside of PowerShell
[0.655s] DEBUG:colcon.colcon_core.shell:Skip shell extension 'dsv' for command environment
[0.658s] INFO:colcon.colcon_cmake.task.cmake.build:Building CMake package in '/home/niuniu/mid360_ws/src/Livox-SDK2'
[0.658s] INFO:colcon.colcon_core.shell:Skip shell extension 'powershell' for command environment: Not usable outside of PowerShell
[0.658s] DEBUG:colcon.colcon_core.shell:Skip shell extension 'dsv' for command environment
[0.662s] DEBUG:colcon.colcon_core.event_handler.log_command:Invoking command in '/home/niuniu/mid360_ws/build/livox_ros_driver2': CMAKE_PREFIX_PATH=${CMAKE_PREFIX_PATH}:/opt/ros/humble /usr/bin/cmake /home/niuniu/mid360_ws/src/livox_ros_driver2 -DROS_EDITION=ROS2 -DHUMBLE_ROS=humble -DCMAKE_INSTALL_PREFIX=/home/niuniu/mid360_ws/install/livox_ros_driver2
[0.668s] DEBUG:colcon.colcon_core.event_handler.log_command:Invoking command in '/home/niuniu/mid360_ws/build/livox_sdk2': /usr/bin/cmake /home/niuniu/mid360_ws/src/Livox-SDK2 -DROS_EDITION=ROS2 -DHUMBLE_ROS=humble -DCMAKE_INSTALL_PREFIX=/home/niuniu/mid360_ws/install/livox_sdk2
[1.037s] DEBUG:colcon.colcon_core.event_handler.log_command:Invoked command in '/home/niuniu/mid360_ws/build/livox_sdk2' returned '0': /usr/bin/cmake /home/niuniu/mid360_ws/src/Livox-SDK2 -DROS_EDITION=ROS2 -DHUMBLE_ROS=humble -DCMAKE_INSTALL_PREFIX=/home/niuniu/mid360_ws/install/livox_sdk2
[1.040s] DEBUG:colcon.colcon_core.event_handler.log_command:Invoking command in '/home/niuniu/mid360_ws/build/livox_sdk2': /usr/bin/cmake --build /home/niuniu/mid360_ws/build/livox_sdk2 -- -j8 -l8
[7.645s] DEBUG:colcon.colcon_core.event_handler.log_command:Invoked command in '/home/niuniu/mid360_ws/build/livox_ros_driver2' returned '0': CMAKE_PREFIX_PATH=${CMAKE_PREFIX_PATH}:/opt/ros/humble /usr/bin/cmake /home/niuniu/mid360_ws/src/livox_ros_driver2 -DROS_EDITION=ROS2 -DHUMBLE_ROS=humble -DCMAKE_INSTALL_PREFIX=/home/niuniu/mid360_ws/install/livox_ros_driver2
[7.651s] DEBUG:colcon.colcon_core.event_handler.log_command:Invoking command in '/home/niuniu/mid360_ws/build/livox_ros_driver2': CMAKE_PREFIX_PATH=${CMAKE_PREFIX_PATH}:/opt/ros/humble /usr/bin/cmake --build /home/niuniu/mid360_ws/build/livox_ros_driver2 -- -j8 -l8
[16.615s] DEBUG:colcon.colcon_core.event_handler.log_command:Invoked command in '/home/niuniu/mid360_ws/build/livox_sdk2' returned '0': /usr/bin/cmake --build /home/niuniu/mid360_ws/build/livox_sdk2 -- -j8 -l8
[16.627s] DEBUG:colcon.colcon_core.event_handler.log_command:Invoking command in '/home/niuniu/mid360_ws/build/livox_sdk2': /usr/bin/cmake --install /home/niuniu/mid360_ws/build/livox_sdk2
[16.673s] Level 1:colcon.colcon_core.environment:create_environment_scripts_only(livox_sdk2)
[16.674s] DEBUG:colcon.colcon_core.event_handler.log_command:Invoked command in '/home/niuniu/mid360_ws/build/livox_sdk2' returned '0': /usr/bin/cmake --install /home/niuniu/mid360_ws/build/livox_sdk2
[16.683s] Level 1:colcon.colcon_core.environment:checking '/home/niuniu/mid360_ws/install/livox_sdk2' for CMake module files
[16.683s] Level 1:colcon.colcon_core.environment:checking '/home/niuniu/mid360_ws/install/livox_sdk2' for CMake config files
[16.683s] Level 1:colcon.colcon_core.environment:checking '/home/niuniu/mid360_ws/install/livox_sdk2/lib'
[16.683s] Level 1:colcon.colcon_core.shell:create_environment_hook('livox_sdk2', 'ld_library_path_lib')
[16.683s] INFO:colcon.colcon_core.shell:Creating environment hook '/home/niuniu/mid360_ws/install/livox_sdk2/share/livox_sdk2/hook/ld_library_path_lib.ps1'
[16.684s] INFO:colcon.colcon_core.shell:Creating environment descriptor '/home/niuniu/mid360_ws/install/livox_sdk2/share/livox_sdk2/hook/ld_library_path_lib.dsv'
[16.685s] INFO:colcon.colcon_core.shell:Creating environment hook '/home/niuniu/mid360_ws/install/livox_sdk2/share/livox_sdk2/hook/ld_library_path_lib.sh'
[16.685s] Level 1:colcon.colcon_core.environment:checking '/home/niuniu/mid360_ws/install/livox_sdk2/bin'
[16.685s] Level 1:colcon.colcon_core.environment:checking '/home/niuniu/mid360_ws/install/livox_sdk2/lib/pkgconfig/livox_sdk2.pc'
[16.686s] Level 1:colcon.colcon_core.environment:checking '/home/niuniu/mid360_ws/install/livox_sdk2/lib/python3.10/site-packages'
[16.686s] Level 1:colcon.colcon_core.environment:checking '/home/niuniu/mid360_ws/install/livox_sdk2/bin'
[16.686s] INFO:colcon.colcon_core.shell:Creating package script '/home/niuniu/mid360_ws/install/livox_sdk2/share/livox_sdk2/package.ps1'
[16.688s] INFO:colcon.colcon_core.shell:Creating package descriptor '/home/niuniu/mid360_ws/install/livox_sdk2/share/livox_sdk2/package.dsv'
[16.689s] INFO:colcon.colcon_core.shell:Creating package script '/home/niuniu/mid360_ws/install/livox_sdk2/share/livox_sdk2/package.sh'
[16.690s] INFO:colcon.colcon_core.shell:Creating package script '/home/niuniu/mid360_ws/install/livox_sdk2/share/livox_sdk2/package.bash'
[16.690s] INFO:colcon.colcon_core.shell:Creating package script '/home/niuniu/mid360_ws/install/livox_sdk2/share/livox_sdk2/package.zsh'
[16.691s] Level 1:colcon.colcon_core.environment:create_file_with_runtime_dependencies(/home/niuniu/mid360_ws/install/livox_sdk2/share/colcon-core/packages/livox_sdk2)
[19.432s] DEBUG:colcon.colcon_core.event_handler.log_command:Invoked command in '/home/niuniu/mid360_ws/build/livox_ros_driver2' returned '0': CMAKE_PREFIX_PATH=${CMAKE_PREFIX_PATH}:/opt/ros/humble /usr/bin/cmake --build /home/niuniu/mid360_ws/build/livox_ros_driver2 -- -j8 -l8
[19.434s] DEBUG:colcon.colcon_core.event_handler.log_command:Invoking command in '/home/niuniu/mid360_ws/build/livox_ros_driver2': CMAKE_PREFIX_PATH=${CMAKE_PREFIX_PATH}:/opt/ros/humble /usr/bin/cmake --install /home/niuniu/mid360_ws/build/livox_ros_driver2
[19.531s] Level 1:colcon.colcon_core.environment:create_environment_scripts_only(livox_ros_driver2)
[19.532s] Level 1:colcon.colcon_core.environment:checking '/home/niuniu/mid360_ws/install/livox_ros_driver2' for CMake module files
[19.532s] DEBUG:colcon.colcon_core.event_handler.log_command:Invoked command in '/home/niuniu/mid360_ws/build/livox_ros_driver2' returned '0': CMAKE_PREFIX_PATH=${CMAKE_PREFIX_PATH}:/opt/ros/humble /usr/bin/cmake --install /home/niuniu/mid360_ws/build/livox_ros_driver2
[19.532s] Level 1:colcon.colcon_core.environment:checking '/home/niuniu/mid360_ws/install/livox_ros_driver2' for CMake config files
[19.533s] Level 1:colcon.colcon_core.shell:create_environment_hook('livox_ros_driver2', 'cmake_prefix_path')
[19.533s] INFO:colcon.colcon_core.shell:Creating environment hook '/home/niuniu/mid360_ws/install/livox_ros_driver2/share/livox_ros_driver2/hook/cmake_prefix_path.ps1'
[19.533s] INFO:colcon.colcon_core.shell:Creating environment descriptor '/home/niuniu/mid360_ws/install/livox_ros_driver2/share/livox_ros_driver2/hook/cmake_prefix_path.dsv'
[19.533s] INFO:colcon.colcon_core.shell:Creating environment hook '/home/niuniu/mid360_ws/install/livox_ros_driver2/share/livox_ros_driver2/hook/cmake_prefix_path.sh'
[19.534s] Level 1:colcon.colcon_core.environment:checking '/home/niuniu/mid360_ws/install/livox_ros_driver2/lib'
[19.534s] Level 1:colcon.colcon_core.shell:create_environment_hook('livox_ros_driver2', 'ld_library_path_lib')
[19.534s] INFO:colcon.colcon_core.shell:Creating environment hook '/home/niuniu/mid360_ws/install/livox_ros_driver2/share/livox_ros_driver2/hook/ld_library_path_lib.ps1'
[19.534s] INFO:colcon.colcon_core.shell:Creating environment descriptor '/home/niuniu/mid360_ws/install/livox_ros_driver2/share/livox_ros_driver2/hook/ld_library_path_lib.dsv'
[19.534s] INFO:colcon.colcon_core.shell:Creating environment hook '/home/niuniu/mid360_ws/install/livox_ros_driver2/share/livox_ros_driver2/hook/ld_library_path_lib.sh'
[19.534s] Level 1:colcon.colcon_core.environment:checking '/home/niuniu/mid360_ws/install/livox_ros_driver2/bin'
[19.534s] Level 1:colcon.colcon_core.environment:checking '/home/niuniu/mid360_ws/install/livox_ros_driver2/lib/pkgconfig/livox_ros_driver2.pc'
[19.535s] Level 1:colcon.colcon_core.environment:checking '/home/niuniu/mid360_ws/install/livox_ros_driver2/lib/python3.10/site-packages'
[19.535s] Level 1:colcon.colcon_core.environment:checking '/home/niuniu/mid360_ws/install/livox_ros_driver2/bin'
[19.535s] INFO:colcon.colcon_core.shell:Creating package script '/home/niuniu/mid360_ws/install/livox_ros_driver2/share/livox_ros_driver2/package.ps1'
[19.535s] INFO:colcon.colcon_core.shell:Creating package descriptor '/home/niuniu/mid360_ws/install/livox_ros_driver2/share/livox_ros_driver2/package.dsv'
[19.535s] INFO:colcon.colcon_core.shell:Creating package script '/home/niuniu/mid360_ws/install/livox_ros_driver2/share/livox_ros_driver2/package.sh'
[19.536s] INFO:colcon.colcon_core.shell:Creating package script '/home/niuniu/mid360_ws/install/livox_ros_driver2/share/livox_ros_driver2/package.bash'
[19.536s] INFO:colcon.colcon_core.shell:Creating package script '/home/niuniu/mid360_ws/install/livox_ros_driver2/share/livox_ros_driver2/package.zsh'
[19.536s] Level 1:colcon.colcon_core.environment:create_file_with_runtime_dependencies(/home/niuniu/mid360_ws/install/livox_ros_driver2/share/colcon-core/packages/livox_ros_driver2)
[19.537s] Level 1:colcon.colcon_core.environment:create_environment_scripts_only(livox_ros_driver2)
[19.537s] Level 1:colcon.colcon_core.environment:checking '/home/niuniu/mid360_ws/install/livox_ros_driver2' for CMake module files
[19.537s] Level 1:colcon.colcon_core.environment:checking '/home/niuniu/mid360_ws/install/livox_ros_driver2' for CMake config files
[19.538s] Level 1:colcon.colcon_core.shell:create_environment_hook('livox_ros_driver2', 'cmake_prefix_path')
[19.538s] INFO:colcon.colcon_core.shell:Creating environment hook '/home/niuniu/mid360_ws/install/livox_ros_driver2/share/livox_ros_driver2/hook/cmake_prefix_path.ps1'
[19.538s] INFO:colcon.colcon_core.shell:Creating environment descriptor '/home/niuniu/mid360_ws/install/livox_ros_driver2/share/livox_ros_driver2/hook/cmake_prefix_path.dsv'
[19.538s] INFO:colcon.colcon_core.shell:Creating environment hook '/home/niuniu/mid360_ws/install/livox_ros_driver2/share/livox_ros_driver2/hook/cmake_prefix_path.sh'
[19.538s] Level 1:colcon.colcon_core.environment:checking '/home/niuniu/mid360_ws/install/livox_ros_driver2/lib'
[19.539s] Level 1:colcon.colcon_core.shell:create_environment_hook('livox_ros_driver2', 'ld_library_path_lib')
[19.539s] INFO:colcon.colcon_core.shell:Creating environment hook '/home/niuniu/mid360_ws/install/livox_ros_driver2/share/livox_ros_driver2/hook/ld_library_path_lib.ps1'
[19.539s] INFO:colcon.colcon_core.shell:Creating environment descriptor '/home/niuniu/mid360_ws/install/livox_ros_driver2/share/livox_ros_driver2/hook/ld_library_path_lib.dsv'
[19.539s] INFO:colcon.colcon_core.shell:Creating environment hook '/home/niuniu/mid360_ws/install/livox_ros_driver2/share/livox_ros_driver2/hook/ld_library_path_lib.sh'
[19.539s] Level 1:colcon.colcon_core.environment:checking '/home/niuniu/mid360_ws/install/livox_ros_driver2/bin'
[19.539s] Level 1:colcon.colcon_core.environment:checking '/home/niuniu/mid360_ws/install/livox_ros_driver2/lib/pkgconfig/livox_ros_driver2.pc'
[19.540s] Level 1:colcon.colcon_core.environment:checking '/home/niuniu/mid360_ws/install/livox_ros_driver2/lib/python3.10/site-packages'
[19.540s] Level 1:colcon.colcon_core.environment:checking '/home/niuniu/mid360_ws/install/livox_ros_driver2/bin'
[19.540s] INFO:colcon.colcon_core.shell:Creating package script '/home/niuniu/mid360_ws/install/livox_ros_driver2/share/livox_ros_driver2/package.ps1'
[19.540s] INFO:colcon.colcon_core.shell:Creating package descriptor '/home/niuniu/mid360_ws/install/livox_ros_driver2/share/livox_ros_driver2/package.dsv'
[19.541s] INFO:colcon.colcon_core.shell:Creating package script '/home/niuniu/mid360_ws/install/livox_ros_driver2/share/livox_ros_driver2/package.sh'
[19.541s] INFO:colcon.colcon_core.shell:Creating package script '/home/niuniu/mid360_ws/install/livox_ros_driver2/share/livox_ros_driver2/package.bash'
[19.541s] INFO:colcon.colcon_core.shell:Creating package script '/home/niuniu/mid360_ws/install/livox_ros_driver2/share/livox_ros_driver2/package.zsh'
[19.542s] Level 1:colcon.colcon_core.environment:create_file_with_runtime_dependencies(/home/niuniu/mid360_ws/install/livox_ros_driver2/share/colcon-core/packages/livox_ros_driver2)
[19.542s] DEBUG:colcon.colcon_parallel_executor.executor.parallel:closing loop
[19.542s] DEBUG:colcon.colcon_parallel_executor.executor.parallel:loop closed
[19.543s] DEBUG:colcon.colcon_parallel_executor.executor.parallel:run_until_complete finished with '0'
[19.543s] DEBUG:colcon.colcon_core.event_reactor:joining thread
[19.561s] INFO:colcon.colcon_core.plugin_system:Skipping extension 'colcon_notification.desktop_notification.terminal_notifier': Not used on non-Darwin systems
[19.561s] INFO:colcon.colcon_core.plugin_system:Skipping extension 'colcon_notification.desktop_notification.win32': Not used on non-Windows systems
[19.561s] INFO:colcon.colcon_notification.desktop_notification:Sending desktop notification using 'notify2'
[19.621s] DEBUG:colcon.colcon_core.event_reactor:joined thread
[19.621s] INFO:colcon.colcon_core.shell:Creating prefix script '/home/niuniu/mid360_ws/install/local_setup.ps1'
[19.622s] INFO:colcon.colcon_core.shell:Creating prefix util module '/home/niuniu/mid360_ws/install/_local_setup_util_ps1.py'
[19.623s] INFO:colcon.colcon_core.shell:Creating prefix chain script '/home/niuniu/mid360_ws/install/setup.ps1'
[19.625s] INFO:colcon.colcon_core.shell:Creating prefix script '/home/niuniu/mid360_ws/install/local_setup.sh'
[19.626s] INFO:colcon.colcon_core.shell:Creating prefix util module '/home/niuniu/mid360_ws/install/_local_setup_util_sh.py'
[19.626s] INFO:colcon.colcon_core.shell:Creating prefix chain script '/home/niuniu/mid360_ws/install/setup.sh'
[19.627s] INFO:colcon.colcon_core.shell:Creating prefix script '/home/niuniu/mid360_ws/install/local_setup.bash'
[19.628s] INFO:colcon.colcon_core.shell:Creating prefix chain script '/home/niuniu/mid360_ws/install/setup.bash'
[19.628s] INFO:colcon.colcon_core.shell:Creating prefix script '/home/niuniu/mid360_ws/install/local_setup.zsh'
[19.629s] INFO:colcon.colcon_core.shell:Creating prefix chain script '/home/niuniu/mid360_ws/install/setup.zsh'
