[0.024s] Invoking command in '/home/niuniu/mid360_ws/build/livox_sdk2': /usr/bin/cmake /home/niuniu/mid360_ws/src/Livox-SDK2 -DCMAKE_INSTALL_PREFIX=/home/niuniu/mid360_ws/install/livox_sdk2
[0.067s] -- main project dir: /home/niuniu/mid360_ws/src/Livox-SDK2
[0.069s] -- main project dir: /home/niuniu/mid360_ws/src/Livox-SDK2/samples
[0.078s] -- Configuring done
[0.143s] -- Generating done
[0.154s] -- Build files have been written to: /home/niuniu/mid360_ws/build/livox_sdk2
[0.162s] Invoked command in '/home/niuniu/mid360_ws/build/livox_sdk2' returned '0': /usr/bin/cmake /home/niuniu/mid360_ws/src/Livox-SDK2 -DCMAKE_INSTALL_PREFIX=/home/niuniu/mid360_ws/install/livox_sdk2
[0.162s] Invoking command in '/home/niuniu/mid360_ws/build/livox_sdk2': /usr/bin/cmake --build /home/niuniu/mid360_ws/build/livox_sdk2 -- -j8 -l8
[0.353s] [35m[1mConsolidate compiler generated dependencies of target livox_lidar_sdk_shared[0m
[0.353s] [35m[1mConsolidate compiler generated dependencies of target livox_lidar_sdk_static[0m
[0.469s] [ 42%] Built target livox_lidar_sdk_static
[0.474s] [ 84%] Built target livox_lidar_sdk_shared
[0.496s] [35m[1mConsolidate compiler generated dependencies of target logger[0m
[0.496s] [35m[1mConsolidate compiler generated dependencies of target livox_lidar_quick_start[0m
[0.496s] [35m[1mConsolidate compiler generated dependencies of target lidar_cmd_observer[0m
[0.498s] [35m[1mConsolidate compiler generated dependencies of target debug_point_cloud[0m
[0.512s] [35m[1mConsolidate compiler generated dependencies of target multi_lidars_upgrade[0m
[0.514s] [35m[1mConsolidate compiler generated dependencies of target livox_lidar_rmc_time_sync[0m
[0.516s] [ 86%] Built target logger
[0.518s] [ 89%] Built target livox_lidar_quick_start
[0.520s] [ 91%] Built target debug_point_cloud
[0.521s] [ 93%] Built target lidar_cmd_observer
[0.530s] [ 96%] Built target multi_lidars_upgrade
[0.532s] [100%] Built target livox_lidar_rmc_time_sync
[0.549s] Invoked command in '/home/niuniu/mid360_ws/build/livox_sdk2' returned '0': /usr/bin/cmake --build /home/niuniu/mid360_ws/build/livox_sdk2 -- -j8 -l8
[0.563s] Invoking command in '/home/niuniu/mid360_ws/build/livox_sdk2': /usr/bin/cmake --install /home/niuniu/mid360_ws/build/livox_sdk2
[0.571s] -- Install configuration: ""
[0.571s] -- Up-to-date: /home/niuniu/mid360_ws/install/livox_sdk2/lib/liblivox_lidar_sdk_static.a
[0.572s] -- Up-to-date: /home/niuniu/mid360_ws/install/livox_sdk2/include/livox_lidar_def.h
[0.572s] -- Up-to-date: /home/niuniu/mid360_ws/install/livox_sdk2/include/livox_lidar_api.h
[0.572s] -- Up-to-date: /home/niuniu/mid360_ws/install/livox_sdk2/include/livox_lidar_cfg.h
[0.572s] -- Up-to-date: /home/niuniu/mid360_ws/install/livox_sdk2/lib/liblivox_lidar_sdk_shared.so
[0.575s] Invoked command in '/home/niuniu/mid360_ws/build/livox_sdk2' returned '0': /usr/bin/cmake --install /home/niuniu/mid360_ws/build/livox_sdk2
