[0.121s] DEBUG:colcon:Command line arguments: ['/usr/bin/colcon', 'build']
[0.121s] DEBUG:colcon:Parsed command line arguments: Namespace(log_base=None, log_level=None, verb_name='build', build_base='build', install_base='install', merge_install=False, symlink_install=False, test_result_base=None, continue_on_error=False, executor='parallel', parallel_workers=8, event_handlers=None, ignore_user_meta=False, metas=['./colcon.meta'], base_paths=['.'], packages_ignore=None, packages_ignore_regex=None, paths=None, packages_up_to=None, packages_up_to_regex=None, packages_above=None, packages_above_and_dependencies=None, packages_above_depth=None, packages_select_by_dep=None, packages_skip_by_dep=None, packages_skip_up_to=None, packages_select_build_failed=False, packages_skip_build_finished=False, packages_select_test_failures=False, packages_skip_test_passed=False, packages_select=None, packages_skip=None, packages_select_regex=None, packages_skip_regex=None, packages_start=None, packages_end=None, allow_overriding=[], cmake_args=None, cmake_target=None, cmake_target_skip_unavailable=False, cmake_clean_cache=False, cmake_clean_first=False, cmake_force_configure=False, ament_cmake_args=None, catkin_cmake_args=None, catkin_skip_building_tests=False, verb_parser=<colcon_defaults.argument_parser.defaults.DefaultArgumentsDecorator object at 0x7d3e52aab4f0>, verb_extension=<colcon_core.verb.build.BuildVerb object at 0x7d3e52aaa4d0>, main=<bound method BuildVerb.main of <colcon_core.verb.build.BuildVerb object at 0x7d3e52aaa4d0>>)
[0.365s] Level 1:colcon.colcon_core.package_discovery:discover_packages(colcon_meta) check parameters
[0.365s] Level 1:colcon.colcon_core.package_discovery:discover_packages(recursive) check parameters
[0.365s] Level 1:colcon.colcon_core.package_discovery:discover_packages(ignore) check parameters
[0.365s] Level 1:colcon.colcon_core.package_discovery:discover_packages(path) check parameters
[0.365s] Level 1:colcon.colcon_core.package_discovery:discover_packages(colcon_meta) discover
[0.365s] Level 1:colcon.colcon_core.package_discovery:discover_packages(recursive) discover
[0.365s] INFO:colcon.colcon_core.package_discovery:Crawling recursively for packages in '/home/niuniu/mid360_ws'
[0.365s] Level 1:colcon.colcon_core.package_identification:_identify(.) by extensions ['ignore', 'ignore_ament_install']
[0.365s] Level 1:colcon.colcon_core.package_identification:_identify(.) by extension 'ignore'
[0.365s] Level 1:colcon.colcon_core.package_identification:_identify(.) by extension 'ignore_ament_install'
[0.365s] Level 1:colcon.colcon_core.package_identification:_identify(.) by extensions ['colcon_pkg']
[0.365s] Level 1:colcon.colcon_core.package_identification:_identify(.) by extension 'colcon_pkg'
[0.365s] Level 1:colcon.colcon_core.package_identification:_identify(.) by extensions ['colcon_meta']
[0.365s] Level 1:colcon.colcon_core.package_identification:_identify(.) by extension 'colcon_meta'
[0.365s] Level 1:colcon.colcon_core.package_identification:_identify(.) by extensions ['ros']
[0.365s] Level 1:colcon.colcon_core.package_identification:_identify(.) by extension 'ros'
[0.373s] Level 1:colcon.colcon_core.package_identification:_identify(.) by extensions ['cmake', 'python']
[0.373s] Level 1:colcon.colcon_core.package_identification:_identify(.) by extension 'cmake'
[0.373s] Level 1:colcon.colcon_core.package_identification:_identify(.) by extension 'python'
[0.373s] Level 1:colcon.colcon_core.package_identification:_identify(.) by extensions ['python_setup_py']
[0.373s] Level 1:colcon.colcon_core.package_identification:_identify(.) by extension 'python_setup_py'
[0.373s] Level 1:colcon.colcon_core.package_identification:_identify(build) by extensions ['ignore', 'ignore_ament_install']
[0.373s] Level 1:colcon.colcon_core.package_identification:_identify(build) by extension 'ignore'
[0.373s] Level 1:colcon.colcon_core.package_identification:_identify(build) ignored
[0.373s] Level 1:colcon.colcon_core.package_identification:_identify(install) by extensions ['ignore', 'ignore_ament_install']
[0.373s] Level 1:colcon.colcon_core.package_identification:_identify(install) by extension 'ignore'
[0.373s] Level 1:colcon.colcon_core.package_identification:_identify(install) ignored
[0.374s] Level 1:colcon.colcon_core.package_identification:_identify(log) by extensions ['ignore', 'ignore_ament_install']
[0.374s] Level 1:colcon.colcon_core.package_identification:_identify(log) by extension 'ignore'
[0.374s] Level 1:colcon.colcon_core.package_identification:_identify(log) ignored
[0.374s] Level 1:colcon.colcon_core.package_identification:_identify(src) by extensions ['ignore', 'ignore_ament_install']
[0.374s] Level 1:colcon.colcon_core.package_identification:_identify(src) by extension 'ignore'
[0.374s] Level 1:colcon.colcon_core.package_identification:_identify(src) by extension 'ignore_ament_install'
[0.374s] Level 1:colcon.colcon_core.package_identification:_identify(src) by extensions ['colcon_pkg']
[0.374s] Level 1:colcon.colcon_core.package_identification:_identify(src) by extension 'colcon_pkg'
[0.374s] Level 1:colcon.colcon_core.package_identification:_identify(src) by extensions ['colcon_meta']
[0.374s] Level 1:colcon.colcon_core.package_identification:_identify(src) by extension 'colcon_meta'
[0.374s] Level 1:colcon.colcon_core.package_identification:_identify(src) by extensions ['ros']
[0.374s] Level 1:colcon.colcon_core.package_identification:_identify(src) by extension 'ros'
[0.374s] Level 1:colcon.colcon_core.package_identification:_identify(src) by extensions ['cmake', 'python']
[0.374s] Level 1:colcon.colcon_core.package_identification:_identify(src) by extension 'cmake'
[0.374s] Level 1:colcon.colcon_core.package_identification:_identify(src) by extension 'python'
[0.374s] Level 1:colcon.colcon_core.package_identification:_identify(src) by extensions ['python_setup_py']
[0.374s] Level 1:colcon.colcon_core.package_identification:_identify(src) by extension 'python_setup_py'
[0.374s] Level 1:colcon.colcon_core.package_identification:_identify(src/Livox-SDK2) by extensions ['ignore', 'ignore_ament_install']
[0.374s] Level 1:colcon.colcon_core.package_identification:_identify(src/Livox-SDK2) by extension 'ignore'
[0.374s] Level 1:colcon.colcon_core.package_identification:_identify(src/Livox-SDK2) by extension 'ignore_ament_install'
[0.374s] Level 1:colcon.colcon_core.package_identification:_identify(src/Livox-SDK2) by extensions ['colcon_pkg']
[0.374s] Level 1:colcon.colcon_core.package_identification:_identify(src/Livox-SDK2) by extension 'colcon_pkg'
[0.374s] Level 1:colcon.colcon_core.package_identification:_identify(src/Livox-SDK2) by extensions ['colcon_meta']
[0.375s] Level 1:colcon.colcon_core.package_identification:_identify(src/Livox-SDK2) by extension 'colcon_meta'
[0.375s] Level 1:colcon.colcon_core.package_identification:_identify(src/Livox-SDK2) by extensions ['ros']
[0.375s] Level 1:colcon.colcon_core.package_identification:_identify(src/Livox-SDK2) by extension 'ros'
[0.375s] Level 1:colcon.colcon_core.package_identification:_identify(src/Livox-SDK2) by extensions ['cmake', 'python']
[0.375s] Level 1:colcon.colcon_core.package_identification:_identify(src/Livox-SDK2) by extension 'cmake'
[0.381s] Level 1:colcon.colcon_core.package_identification:_identify(src/Livox-SDK2) by extension 'python'
[0.381s] DEBUG:colcon.colcon_core.package_identification:Package 'src/Livox-SDK2' with type 'cmake' and name 'livox_sdk2'
[0.381s] Level 1:colcon.colcon_core.package_identification:_identify(src/rm_driver) by extensions ['ignore', 'ignore_ament_install']
[0.381s] Level 1:colcon.colcon_core.package_identification:_identify(src/rm_driver) by extension 'ignore'
[0.381s] Level 1:colcon.colcon_core.package_identification:_identify(src/rm_driver) by extension 'ignore_ament_install'
[0.382s] Level 1:colcon.colcon_core.package_identification:_identify(src/rm_driver) by extensions ['colcon_pkg']
[0.382s] Level 1:colcon.colcon_core.package_identification:_identify(src/rm_driver) by extension 'colcon_pkg'
[0.382s] Level 1:colcon.colcon_core.package_identification:_identify(src/rm_driver) by extensions ['colcon_meta']
[0.382s] Level 1:colcon.colcon_core.package_identification:_identify(src/rm_driver) by extension 'colcon_meta'
[0.382s] Level 1:colcon.colcon_core.package_identification:_identify(src/rm_driver) by extensions ['ros']
[0.382s] Level 1:colcon.colcon_core.package_identification:_identify(src/rm_driver) by extension 'ros'
[0.382s] Level 1:colcon.colcon_core.package_identification:_identify(src/rm_driver) by extensions ['cmake', 'python']
[0.382s] Level 1:colcon.colcon_core.package_identification:_identify(src/rm_driver) by extension 'cmake'
[0.382s] Level 1:colcon.colcon_core.package_identification:_identify(src/rm_driver) by extension 'python'
[0.382s] Level 1:colcon.colcon_core.package_identification:_identify(src/rm_driver) by extensions ['python_setup_py']
[0.382s] Level 1:colcon.colcon_core.package_identification:_identify(src/rm_driver) by extension 'python_setup_py'
[0.382s] Level 1:colcon.colcon_core.package_identification:_identify(src/rm_driver/livox_ros_driver2) by extensions ['ignore', 'ignore_ament_install']
[0.382s] Level 1:colcon.colcon_core.package_identification:_identify(src/rm_driver/livox_ros_driver2) by extension 'ignore'
[0.382s] Level 1:colcon.colcon_core.package_identification:_identify(src/rm_driver/livox_ros_driver2) by extension 'ignore_ament_install'
[0.382s] Level 1:colcon.colcon_core.package_identification:_identify(src/rm_driver/livox_ros_driver2) by extensions ['colcon_pkg']
[0.382s] Level 1:colcon.colcon_core.package_identification:_identify(src/rm_driver/livox_ros_driver2) by extension 'colcon_pkg'
[0.382s] Level 1:colcon.colcon_core.package_identification:_identify(src/rm_driver/livox_ros_driver2) by extensions ['colcon_meta']
[0.382s] Level 1:colcon.colcon_core.package_identification:_identify(src/rm_driver/livox_ros_driver2) by extension 'colcon_meta'
[0.382s] Level 1:colcon.colcon_core.package_identification:_identify(src/rm_driver/livox_ros_driver2) by extensions ['ros']
[0.382s] Level 1:colcon.colcon_core.package_identification:_identify(src/rm_driver/livox_ros_driver2) by extension 'ros'
[0.386s] DEBUG:colcon.colcon_core.package_identification:Package 'src/rm_driver/livox_ros_driver2' with type 'ros.ament_cmake' and name 'livox_ros_driver2'
[0.386s] Level 1:colcon.colcon_core.package_identification:_identify(src/rm_localization) by extensions ['ignore', 'ignore_ament_install']
[0.386s] Level 1:colcon.colcon_core.package_identification:_identify(src/rm_localization) by extension 'ignore'
[0.386s] Level 1:colcon.colcon_core.package_identification:_identify(src/rm_localization) by extension 'ignore_ament_install'
[0.386s] Level 1:colcon.colcon_core.package_identification:_identify(src/rm_localization) by extensions ['colcon_pkg']
[0.386s] Level 1:colcon.colcon_core.package_identification:_identify(src/rm_localization) by extension 'colcon_pkg'
[0.386s] Level 1:colcon.colcon_core.package_identification:_identify(src/rm_localization) by extensions ['colcon_meta']
[0.386s] Level 1:colcon.colcon_core.package_identification:_identify(src/rm_localization) by extension 'colcon_meta'
[0.386s] Level 1:colcon.colcon_core.package_identification:_identify(src/rm_localization) by extensions ['ros']
[0.386s] Level 1:colcon.colcon_core.package_identification:_identify(src/rm_localization) by extension 'ros'
[0.386s] Level 1:colcon.colcon_core.package_identification:_identify(src/rm_localization) by extensions ['cmake', 'python']
[0.386s] Level 1:colcon.colcon_core.package_identification:_identify(src/rm_localization) by extension 'cmake'
[0.386s] Level 1:colcon.colcon_core.package_identification:_identify(src/rm_localization) by extension 'python'
[0.386s] Level 1:colcon.colcon_core.package_identification:_identify(src/rm_localization) by extensions ['python_setup_py']
[0.386s] Level 1:colcon.colcon_core.package_identification:_identify(src/rm_localization) by extension 'python_setup_py'
[0.387s] Level 1:colcon.colcon_core.package_identification:_identify(src/rm_localization/FAST_LIO) by extensions ['ignore', 'ignore_ament_install']
[0.387s] Level 1:colcon.colcon_core.package_identification:_identify(src/rm_localization/FAST_LIO) by extension 'ignore'
[0.387s] Level 1:colcon.colcon_core.package_identification:_identify(src/rm_localization/FAST_LIO) by extension 'ignore_ament_install'
[0.387s] Level 1:colcon.colcon_core.package_identification:_identify(src/rm_localization/FAST_LIO) by extensions ['colcon_pkg']
[0.387s] Level 1:colcon.colcon_core.package_identification:_identify(src/rm_localization/FAST_LIO) by extension 'colcon_pkg'
[0.387s] Level 1:colcon.colcon_core.package_identification:_identify(src/rm_localization/FAST_LIO) by extensions ['colcon_meta']
[0.387s] Level 1:colcon.colcon_core.package_identification:_identify(src/rm_localization/FAST_LIO) by extension 'colcon_meta'
[0.387s] Level 1:colcon.colcon_core.package_identification:_identify(src/rm_localization/FAST_LIO) by extensions ['ros']
[0.387s] Level 1:colcon.colcon_core.package_identification:_identify(src/rm_localization/FAST_LIO) by extension 'ros'
[0.387s] DEBUG:colcon.colcon_core.package_identification:Package 'src/rm_localization/FAST_LIO' with type 'ros.ament_cmake' and name 'fast_lio'
[0.387s] Level 1:colcon.colcon_core.package_identification:_identify(src/rm_navigation) by extensions ['ignore', 'ignore_ament_install']
[0.388s] Level 1:colcon.colcon_core.package_identification:_identify(src/rm_navigation) by extension 'ignore'
[0.388s] Level 1:colcon.colcon_core.package_identification:_identify(src/rm_navigation) by extension 'ignore_ament_install'
[0.388s] Level 1:colcon.colcon_core.package_identification:_identify(src/rm_navigation) by extensions ['colcon_pkg']
[0.388s] Level 1:colcon.colcon_core.package_identification:_identify(src/rm_navigation) by extension 'colcon_pkg'
[0.388s] Level 1:colcon.colcon_core.package_identification:_identify(src/rm_navigation) by extensions ['colcon_meta']
[0.388s] Level 1:colcon.colcon_core.package_identification:_identify(src/rm_navigation) by extension 'colcon_meta'
[0.388s] Level 1:colcon.colcon_core.package_identification:_identify(src/rm_navigation) by extensions ['ros']
[0.388s] Level 1:colcon.colcon_core.package_identification:_identify(src/rm_navigation) by extension 'ros'
[0.388s] Level 1:colcon.colcon_core.package_identification:_identify(src/rm_navigation) by extensions ['cmake', 'python']
[0.388s] Level 1:colcon.colcon_core.package_identification:_identify(src/rm_navigation) by extension 'cmake'
[0.388s] Level 1:colcon.colcon_core.package_identification:_identify(src/rm_navigation) by extension 'python'
[0.388s] Level 1:colcon.colcon_core.package_identification:_identify(src/rm_navigation) by extensions ['python_setup_py']
[0.388s] Level 1:colcon.colcon_core.package_identification:_identify(src/rm_navigation) by extension 'python_setup_py'
[0.388s] Level 1:colcon.colcon_core.package_identification:_identify(src/rm_navigation/src) by extensions ['ignore', 'ignore_ament_install']
[0.388s] Level 1:colcon.colcon_core.package_identification:_identify(src/rm_navigation/src) by extension 'ignore'
[0.388s] Level 1:colcon.colcon_core.package_identification:_identify(src/rm_navigation/src) by extension 'ignore_ament_install'
[0.388s] Level 1:colcon.colcon_core.package_identification:_identify(src/rm_navigation/src) by extensions ['colcon_pkg']
[0.388s] Level 1:colcon.colcon_core.package_identification:_identify(src/rm_navigation/src) by extension 'colcon_pkg'
[0.388s] Level 1:colcon.colcon_core.package_identification:_identify(src/rm_navigation/src) by extensions ['colcon_meta']
[0.388s] Level 1:colcon.colcon_core.package_identification:_identify(src/rm_navigation/src) by extension 'colcon_meta'
[0.388s] Level 1:colcon.colcon_core.package_identification:_identify(src/rm_navigation/src) by extensions ['ros']
[0.388s] Level 1:colcon.colcon_core.package_identification:_identify(src/rm_navigation/src) by extension 'ros'
[0.388s] Level 1:colcon.colcon_core.package_identification:_identify(src/rm_navigation/src) by extensions ['cmake', 'python']
[0.388s] Level 1:colcon.colcon_core.package_identification:_identify(src/rm_navigation/src) by extension 'cmake'
[0.388s] Level 1:colcon.colcon_core.package_identification:_identify(src/rm_navigation/src) by extension 'python'
[0.388s] Level 1:colcon.colcon_core.package_identification:_identify(src/rm_navigation/src) by extensions ['python_setup_py']
[0.388s] Level 1:colcon.colcon_core.package_identification:_identify(src/rm_navigation/src) by extension 'python_setup_py'
[0.388s] Level 1:colcon.colcon_core.package_identification:_identify(src/rm_navigation/third_party) by extensions ['ignore', 'ignore_ament_install']
[0.388s] Level 1:colcon.colcon_core.package_identification:_identify(src/rm_navigation/third_party) by extension 'ignore'
[0.388s] Level 1:colcon.colcon_core.package_identification:_identify(src/rm_navigation/third_party) by extension 'ignore_ament_install'
[0.389s] Level 1:colcon.colcon_core.package_identification:_identify(src/rm_navigation/third_party) by extensions ['colcon_pkg']
[0.389s] Level 1:colcon.colcon_core.package_identification:_identify(src/rm_navigation/third_party) by extension 'colcon_pkg'
[0.389s] Level 1:colcon.colcon_core.package_identification:_identify(src/rm_navigation/third_party) by extensions ['colcon_meta']
[0.389s] Level 1:colcon.colcon_core.package_identification:_identify(src/rm_navigation/third_party) by extension 'colcon_meta'
[0.389s] Level 1:colcon.colcon_core.package_identification:_identify(src/rm_navigation/third_party) by extensions ['ros']
[0.389s] Level 1:colcon.colcon_core.package_identification:_identify(src/rm_navigation/third_party) by extension 'ros'
[0.389s] Level 1:colcon.colcon_core.package_identification:_identify(src/rm_navigation/third_party) by extensions ['cmake', 'python']
[0.389s] Level 1:colcon.colcon_core.package_identification:_identify(src/rm_navigation/third_party) by extension 'cmake'
[0.389s] Level 1:colcon.colcon_core.package_identification:_identify(src/rm_navigation/third_party) by extension 'python'
[0.389s] Level 1:colcon.colcon_core.package_identification:_identify(src/rm_navigation/third_party) by extensions ['python_setup_py']
[0.389s] Level 1:colcon.colcon_core.package_identification:_identify(src/rm_navigation/third_party) by extension 'python_setup_py'
[0.389s] Level 1:colcon.colcon_core.package_discovery:discover_packages(recursive) using defaults
[0.389s] Level 1:colcon.colcon_core.package_discovery:discover_packages(ignore) discover
[0.389s] Level 1:colcon.colcon_core.package_discovery:discover_packages(ignore) using defaults
[0.389s] Level 1:colcon.colcon_core.package_discovery:discover_packages(path) discover
[0.389s] Level 1:colcon.colcon_core.package_discovery:discover_packages(path) using defaults
[0.410s] Level 1:colcon.colcon_core.package_discovery:discover_packages(prefix_path) check parameters
[0.410s] Level 1:colcon.colcon_core.package_discovery:discover_packages(prefix_path) discover
[0.414s] DEBUG:colcon.colcon_installed_package_information.package_discovery:Found 2 installed packages in /home/niuniu/ydlidar_ws/install
[0.415s] DEBUG:colcon.colcon_installed_package_information.package_discovery:Found 303 installed packages in /opt/ros/humble
[0.422s] Level 1:colcon.colcon_core.package_discovery:discover_packages(prefix_path) using defaults
[0.449s] Level 5:colcon.colcon_core.verb:set package 'livox_ros_driver2' build argument 'cmake_args' from command line to 'None'
[0.449s] Level 5:colcon.colcon_core.verb:set package 'livox_ros_driver2' build argument 'cmake_target' from command line to 'None'
[0.449s] Level 5:colcon.colcon_core.verb:set package 'livox_ros_driver2' build argument 'cmake_target_skip_unavailable' from command line to 'False'
[0.449s] Level 5:colcon.colcon_core.verb:set package 'livox_ros_driver2' build argument 'cmake_clean_cache' from command line to 'False'
[0.449s] Level 5:colcon.colcon_core.verb:set package 'livox_ros_driver2' build argument 'cmake_clean_first' from command line to 'False'
[0.449s] Level 5:colcon.colcon_core.verb:set package 'livox_ros_driver2' build argument 'cmake_force_configure' from command line to 'False'
[0.449s] Level 5:colcon.colcon_core.verb:set package 'livox_ros_driver2' build argument 'ament_cmake_args' from command line to 'None'
[0.450s] Level 5:colcon.colcon_core.verb:set package 'livox_ros_driver2' build argument 'catkin_cmake_args' from command line to 'None'
[0.450s] Level 5:colcon.colcon_core.verb:set package 'livox_ros_driver2' build argument 'catkin_skip_building_tests' from command line to 'False'
[0.450s] DEBUG:colcon.colcon_core.verb:Building package 'livox_ros_driver2' with the following arguments: {'ament_cmake_args': None, 'build_base': '/home/niuniu/mid360_ws/build/livox_ros_driver2', 'catkin_cmake_args': None, 'catkin_skip_building_tests': False, 'cmake_args': None, 'cmake_clean_cache': False, 'cmake_clean_first': False, 'cmake_force_configure': False, 'cmake_target': None, 'cmake_target_skip_unavailable': False, 'install_base': '/home/niuniu/mid360_ws/install/livox_ros_driver2', 'merge_install': False, 'path': '/home/niuniu/mid360_ws/src/rm_driver/livox_ros_driver2', 'symlink_install': False, 'test_result_base': None}
[0.450s] Level 5:colcon.colcon_core.verb:set package 'livox_sdk2' build argument 'cmake_args' from command line to 'None'
[0.450s] Level 5:colcon.colcon_core.verb:set package 'livox_sdk2' build argument 'cmake_target' from command line to 'None'
[0.450s] Level 5:colcon.colcon_core.verb:set package 'livox_sdk2' build argument 'cmake_target_skip_unavailable' from command line to 'False'
[0.450s] Level 5:colcon.colcon_core.verb:set package 'livox_sdk2' build argument 'cmake_clean_cache' from command line to 'False'
[0.450s] Level 5:colcon.colcon_core.verb:set package 'livox_sdk2' build argument 'cmake_clean_first' from command line to 'False'
[0.450s] Level 5:colcon.colcon_core.verb:set package 'livox_sdk2' build argument 'cmake_force_configure' from command line to 'False'
[0.450s] Level 5:colcon.colcon_core.verb:set package 'livox_sdk2' build argument 'ament_cmake_args' from command line to 'None'
[0.450s] Level 5:colcon.colcon_core.verb:set package 'livox_sdk2' build argument 'catkin_cmake_args' from command line to 'None'
[0.450s] Level 5:colcon.colcon_core.verb:set package 'livox_sdk2' build argument 'catkin_skip_building_tests' from command line to 'False'
[0.450s] DEBUG:colcon.colcon_core.verb:Building package 'livox_sdk2' with the following arguments: {'ament_cmake_args': None, 'build_base': '/home/niuniu/mid360_ws/build/livox_sdk2', 'catkin_cmake_args': None, 'catkin_skip_building_tests': False, 'cmake_args': None, 'cmake_clean_cache': False, 'cmake_clean_first': False, 'cmake_force_configure': False, 'cmake_target': None, 'cmake_target_skip_unavailable': False, 'install_base': '/home/niuniu/mid360_ws/install/livox_sdk2', 'merge_install': False, 'path': '/home/niuniu/mid360_ws/src/Livox-SDK2', 'symlink_install': False, 'test_result_base': None}
[0.450s] Level 5:colcon.colcon_core.verb:set package 'fast_lio' build argument 'cmake_args' from command line to 'None'
[0.450s] Level 5:colcon.colcon_core.verb:set package 'fast_lio' build argument 'cmake_target' from command line to 'None'
[0.450s] Level 5:colcon.colcon_core.verb:set package 'fast_lio' build argument 'cmake_target_skip_unavailable' from command line to 'False'
[0.450s] Level 5:colcon.colcon_core.verb:set package 'fast_lio' build argument 'cmake_clean_cache' from command line to 'False'
[0.450s] Level 5:colcon.colcon_core.verb:set package 'fast_lio' build argument 'cmake_clean_first' from command line to 'False'
[0.450s] Level 5:colcon.colcon_core.verb:set package 'fast_lio' build argument 'cmake_force_configure' from command line to 'False'
[0.450s] Level 5:colcon.colcon_core.verb:set package 'fast_lio' build argument 'ament_cmake_args' from command line to 'None'
[0.450s] Level 5:colcon.colcon_core.verb:set package 'fast_lio' build argument 'catkin_cmake_args' from command line to 'None'
[0.450s] Level 5:colcon.colcon_core.verb:set package 'fast_lio' build argument 'catkin_skip_building_tests' from command line to 'False'
[0.450s] DEBUG:colcon.colcon_core.verb:Building package 'fast_lio' with the following arguments: {'ament_cmake_args': None, 'build_base': '/home/niuniu/mid360_ws/build/fast_lio', 'catkin_cmake_args': None, 'catkin_skip_building_tests': False, 'cmake_args': None, 'cmake_clean_cache': False, 'cmake_clean_first': False, 'cmake_force_configure': False, 'cmake_target': None, 'cmake_target_skip_unavailable': False, 'install_base': '/home/niuniu/mid360_ws/install/fast_lio', 'merge_install': False, 'path': '/home/niuniu/mid360_ws/src/rm_localization/FAST_LIO', 'symlink_install': False, 'test_result_base': None}
[0.450s] INFO:colcon.colcon_core.executor:Executing jobs using 'parallel' executor
[0.451s] DEBUG:colcon.colcon_parallel_executor.executor.parallel:run_until_complete
[0.451s] INFO:colcon.colcon_ros.task.ament_cmake.build:Building ROS package in '/home/niuniu/mid360_ws/src/rm_driver/livox_ros_driver2' with build type 'ament_cmake'
[0.452s] INFO:colcon.colcon_cmake.task.cmake.build:Building CMake package in '/home/niuniu/mid360_ws/src/rm_driver/livox_ros_driver2'
[0.456s] INFO:colcon.colcon_core.plugin_system:Skipping extension 'colcon_core.shell.bat': Not used on non-Windows systems
[0.457s] INFO:colcon.colcon_core.shell:Skip shell extension 'powershell' for command environment: Not usable outside of PowerShell
[0.457s] DEBUG:colcon.colcon_core.shell:Skip shell extension 'dsv' for command environment
[0.460s] INFO:colcon.colcon_cmake.task.cmake.build:Building CMake package in '/home/niuniu/mid360_ws/src/Livox-SDK2'
[0.460s] INFO:colcon.colcon_core.shell:Skip shell extension 'powershell' for command environment: Not usable outside of PowerShell
[0.460s] DEBUG:colcon.colcon_core.shell:Skip shell extension 'dsv' for command environment
[0.468s] DEBUG:colcon.colcon_core.event_handler.log_command:Invoking command in '/home/niuniu/mid360_ws/build/livox_ros_driver2': CMAKE_PREFIX_PATH=${CMAKE_PREFIX_PATH}:/opt/ros/humble /usr/bin/cmake --build /home/niuniu/mid360_ws/build/livox_ros_driver2 -- -j8 -l8
[0.473s] DEBUG:colcon.colcon_core.event_handler.log_command:Invoking command in '/home/niuniu/mid360_ws/build/livox_sdk2': /usr/bin/cmake --build /home/niuniu/mid360_ws/build/livox_sdk2 -- -j8 -l8
[0.609s] DEBUG:colcon.colcon_core.event_handler.log_command:Invoked command in '/home/niuniu/mid360_ws/build/livox_sdk2' returned '0': /usr/bin/cmake --build /home/niuniu/mid360_ws/build/livox_sdk2 -- -j8 -l8
[0.619s] DEBUG:colcon.colcon_core.event_handler.log_command:Invoking command in '/home/niuniu/mid360_ws/build/livox_sdk2': /usr/bin/cmake --install /home/niuniu/mid360_ws/build/livox_sdk2
[0.629s] Level 1:colcon.colcon_core.environment:create_environment_scripts_only(livox_sdk2)
[0.630s] DEBUG:colcon.colcon_core.event_handler.log_command:Invoked command in '/home/niuniu/mid360_ws/build/livox_sdk2' returned '0': /usr/bin/cmake --install /home/niuniu/mid360_ws/build/livox_sdk2
[0.639s] Level 1:colcon.colcon_core.environment:checking '/home/niuniu/mid360_ws/install/livox_sdk2' for CMake module files
[0.640s] Level 1:colcon.colcon_core.environment:checking '/home/niuniu/mid360_ws/install/livox_sdk2' for CMake config files
[0.640s] Level 1:colcon.colcon_core.environment:checking '/home/niuniu/mid360_ws/install/livox_sdk2/lib'
[0.640s] Level 1:colcon.colcon_core.shell:create_environment_hook('livox_sdk2', 'ld_library_path_lib')
[0.640s] INFO:colcon.colcon_core.shell:Creating environment hook '/home/niuniu/mid360_ws/install/livox_sdk2/share/livox_sdk2/hook/ld_library_path_lib.ps1'
[0.642s] INFO:colcon.colcon_core.shell:Creating environment descriptor '/home/niuniu/mid360_ws/install/livox_sdk2/share/livox_sdk2/hook/ld_library_path_lib.dsv'
[0.643s] INFO:colcon.colcon_core.shell:Creating environment hook '/home/niuniu/mid360_ws/install/livox_sdk2/share/livox_sdk2/hook/ld_library_path_lib.sh'
[0.644s] Level 1:colcon.colcon_core.environment:checking '/home/niuniu/mid360_ws/install/livox_sdk2/bin'
[0.644s] Level 1:colcon.colcon_core.environment:checking '/home/niuniu/mid360_ws/install/livox_sdk2/lib/pkgconfig/livox_sdk2.pc'
[0.644s] Level 1:colcon.colcon_core.environment:checking '/home/niuniu/mid360_ws/install/livox_sdk2/lib/python3.10/site-packages'
[0.644s] Level 1:colcon.colcon_core.environment:checking '/home/niuniu/mid360_ws/install/livox_sdk2/bin'
[0.644s] INFO:colcon.colcon_core.shell:Creating package script '/home/niuniu/mid360_ws/install/livox_sdk2/share/livox_sdk2/package.ps1'
[0.645s] INFO:colcon.colcon_core.shell:Creating package descriptor '/home/niuniu/mid360_ws/install/livox_sdk2/share/livox_sdk2/package.dsv'
[0.646s] INFO:colcon.colcon_core.shell:Creating package script '/home/niuniu/mid360_ws/install/livox_sdk2/share/livox_sdk2/package.sh'
[0.648s] INFO:colcon.colcon_core.shell:Creating package script '/home/niuniu/mid360_ws/install/livox_sdk2/share/livox_sdk2/package.bash'
[0.649s] INFO:colcon.colcon_core.shell:Creating package script '/home/niuniu/mid360_ws/install/livox_sdk2/share/livox_sdk2/package.zsh'
[0.650s] Level 1:colcon.colcon_core.environment:create_file_with_runtime_dependencies(/home/niuniu/mid360_ws/install/livox_sdk2/share/colcon-core/packages/livox_sdk2)
[0.804s] DEBUG:colcon.colcon_core.event_handler.log_command:Invoked command in '/home/niuniu/mid360_ws/build/livox_ros_driver2' returned '0': CMAKE_PREFIX_PATH=${CMAKE_PREFIX_PATH}:/opt/ros/humble /usr/bin/cmake --build /home/niuniu/mid360_ws/build/livox_ros_driver2 -- -j8 -l8
[0.807s] DEBUG:colcon.colcon_core.event_handler.log_command:Invoking command in '/home/niuniu/mid360_ws/build/livox_ros_driver2': CMAKE_PREFIX_PATH=${CMAKE_PREFIX_PATH}:/opt/ros/humble /usr/bin/cmake --install /home/niuniu/mid360_ws/build/livox_ros_driver2
[0.852s] Level 1:colcon.colcon_core.environment:create_environment_scripts_only(livox_ros_driver2)
[0.852s] Level 1:colcon.colcon_core.environment:checking '/home/niuniu/mid360_ws/install/livox_ros_driver2' for CMake module files
[0.852s] DEBUG:colcon.colcon_core.event_handler.log_command:Invoked command in '/home/niuniu/mid360_ws/build/livox_ros_driver2' returned '0': CMAKE_PREFIX_PATH=${CMAKE_PREFIX_PATH}:/opt/ros/humble /usr/bin/cmake --install /home/niuniu/mid360_ws/build/livox_ros_driver2
[0.853s] Level 1:colcon.colcon_core.environment:checking '/home/niuniu/mid360_ws/install/livox_ros_driver2' for CMake config files
[0.853s] Level 1:colcon.colcon_core.shell:create_environment_hook('livox_ros_driver2', 'cmake_prefix_path')
[0.853s] INFO:colcon.colcon_core.shell:Creating environment hook '/home/niuniu/mid360_ws/install/livox_ros_driver2/share/livox_ros_driver2/hook/cmake_prefix_path.ps1'
[0.854s] INFO:colcon.colcon_core.shell:Creating environment descriptor '/home/niuniu/mid360_ws/install/livox_ros_driver2/share/livox_ros_driver2/hook/cmake_prefix_path.dsv'
[0.854s] INFO:colcon.colcon_core.shell:Creating environment hook '/home/niuniu/mid360_ws/install/livox_ros_driver2/share/livox_ros_driver2/hook/cmake_prefix_path.sh'
[0.854s] Level 1:colcon.colcon_core.environment:checking '/home/niuniu/mid360_ws/install/livox_ros_driver2/lib'
[0.855s] Level 1:colcon.colcon_core.shell:create_environment_hook('livox_ros_driver2', 'ld_library_path_lib')
[0.855s] INFO:colcon.colcon_core.shell:Creating environment hook '/home/niuniu/mid360_ws/install/livox_ros_driver2/share/livox_ros_driver2/hook/ld_library_path_lib.ps1'
[0.855s] INFO:colcon.colcon_core.shell:Creating environment descriptor '/home/niuniu/mid360_ws/install/livox_ros_driver2/share/livox_ros_driver2/hook/ld_library_path_lib.dsv'
[0.855s] INFO:colcon.colcon_core.shell:Creating environment hook '/home/niuniu/mid360_ws/install/livox_ros_driver2/share/livox_ros_driver2/hook/ld_library_path_lib.sh'
[0.855s] Level 1:colcon.colcon_core.environment:checking '/home/niuniu/mid360_ws/install/livox_ros_driver2/bin'
[0.855s] Level 1:colcon.colcon_core.environment:checking '/home/niuniu/mid360_ws/install/livox_ros_driver2/lib/pkgconfig/livox_ros_driver2.pc'
[0.856s] Level 1:colcon.colcon_core.environment:checking '/home/niuniu/mid360_ws/install/livox_ros_driver2/lib/python3.10/site-packages'
[0.856s] Level 1:colcon.colcon_core.environment:checking '/home/niuniu/mid360_ws/install/livox_ros_driver2/bin'
[0.856s] INFO:colcon.colcon_core.shell:Creating package script '/home/niuniu/mid360_ws/install/livox_ros_driver2/share/livox_ros_driver2/package.ps1'
[0.856s] INFO:colcon.colcon_core.shell:Creating package descriptor '/home/niuniu/mid360_ws/install/livox_ros_driver2/share/livox_ros_driver2/package.dsv'
[0.857s] INFO:colcon.colcon_core.shell:Creating package script '/home/niuniu/mid360_ws/install/livox_ros_driver2/share/livox_ros_driver2/package.sh'
[0.857s] INFO:colcon.colcon_core.shell:Creating package script '/home/niuniu/mid360_ws/install/livox_ros_driver2/share/livox_ros_driver2/package.bash'
[0.857s] INFO:colcon.colcon_core.shell:Creating package script '/home/niuniu/mid360_ws/install/livox_ros_driver2/share/livox_ros_driver2/package.zsh'
[0.857s] Level 1:colcon.colcon_core.environment:create_file_with_runtime_dependencies(/home/niuniu/mid360_ws/install/livox_ros_driver2/share/colcon-core/packages/livox_ros_driver2)
[0.858s] Level 1:colcon.colcon_core.environment:create_environment_scripts_only(livox_ros_driver2)
[0.858s] Level 1:colcon.colcon_core.environment:checking '/home/niuniu/mid360_ws/install/livox_ros_driver2' for CMake module files
[0.858s] Level 1:colcon.colcon_core.environment:checking '/home/niuniu/mid360_ws/install/livox_ros_driver2' for CMake config files
[0.859s] Level 1:colcon.colcon_core.shell:create_environment_hook('livox_ros_driver2', 'cmake_prefix_path')
[0.859s] INFO:colcon.colcon_core.shell:Creating environment hook '/home/niuniu/mid360_ws/install/livox_ros_driver2/share/livox_ros_driver2/hook/cmake_prefix_path.ps1'
[0.859s] INFO:colcon.colcon_core.shell:Creating environment descriptor '/home/niuniu/mid360_ws/install/livox_ros_driver2/share/livox_ros_driver2/hook/cmake_prefix_path.dsv'
[0.859s] INFO:colcon.colcon_core.shell:Creating environment hook '/home/niuniu/mid360_ws/install/livox_ros_driver2/share/livox_ros_driver2/hook/cmake_prefix_path.sh'
[0.860s] Level 1:colcon.colcon_core.environment:checking '/home/niuniu/mid360_ws/install/livox_ros_driver2/lib'
[0.860s] Level 1:colcon.colcon_core.shell:create_environment_hook('livox_ros_driver2', 'ld_library_path_lib')
[0.860s] INFO:colcon.colcon_core.shell:Creating environment hook '/home/niuniu/mid360_ws/install/livox_ros_driver2/share/livox_ros_driver2/hook/ld_library_path_lib.ps1'
[0.860s] INFO:colcon.colcon_core.shell:Creating environment descriptor '/home/niuniu/mid360_ws/install/livox_ros_driver2/share/livox_ros_driver2/hook/ld_library_path_lib.dsv'
[0.861s] INFO:colcon.colcon_core.shell:Creating environment hook '/home/niuniu/mid360_ws/install/livox_ros_driver2/share/livox_ros_driver2/hook/ld_library_path_lib.sh'
[0.861s] Level 1:colcon.colcon_core.environment:checking '/home/niuniu/mid360_ws/install/livox_ros_driver2/bin'
[0.861s] Level 1:colcon.colcon_core.environment:checking '/home/niuniu/mid360_ws/install/livox_ros_driver2/lib/pkgconfig/livox_ros_driver2.pc'
[0.861s] Level 1:colcon.colcon_core.environment:checking '/home/niuniu/mid360_ws/install/livox_ros_driver2/lib/python3.10/site-packages'
[0.861s] Level 1:colcon.colcon_core.environment:checking '/home/niuniu/mid360_ws/install/livox_ros_driver2/bin'
[0.861s] INFO:colcon.colcon_core.shell:Creating package script '/home/niuniu/mid360_ws/install/livox_ros_driver2/share/livox_ros_driver2/package.ps1'
[0.862s] INFO:colcon.colcon_core.shell:Creating package descriptor '/home/niuniu/mid360_ws/install/livox_ros_driver2/share/livox_ros_driver2/package.dsv'
[0.862s] INFO:colcon.colcon_core.shell:Creating package script '/home/niuniu/mid360_ws/install/livox_ros_driver2/share/livox_ros_driver2/package.sh'
[0.863s] INFO:colcon.colcon_core.shell:Creating package script '/home/niuniu/mid360_ws/install/livox_ros_driver2/share/livox_ros_driver2/package.bash'
[0.863s] INFO:colcon.colcon_core.shell:Creating package script '/home/niuniu/mid360_ws/install/livox_ros_driver2/share/livox_ros_driver2/package.zsh'
[0.863s] Level 1:colcon.colcon_core.environment:create_file_with_runtime_dependencies(/home/niuniu/mid360_ws/install/livox_ros_driver2/share/colcon-core/packages/livox_ros_driver2)
[0.864s] INFO:colcon.colcon_ros.task.ament_cmake.build:Building ROS package in '/home/niuniu/mid360_ws/src/rm_localization/FAST_LIO' with build type 'ament_cmake'
[0.864s] INFO:colcon.colcon_cmake.task.cmake.build:Building CMake package in '/home/niuniu/mid360_ws/src/rm_localization/FAST_LIO'
[0.864s] INFO:colcon.colcon_core.shell:Skip shell extension 'powershell' for command environment: Not usable outside of PowerShell
[0.864s] DEBUG:colcon.colcon_core.shell:Skip shell extension 'dsv' for command environment
[0.877s] DEBUG:colcon.colcon_core.event_handler.log_command:Invoking command in '/home/niuniu/mid360_ws/build/fast_lio': AMENT_PREFIX_PATH=/home/niuniu/mid360_ws/install/livox_ros_driver2:${AMENT_PREFIX_PATH} CMAKE_PREFIX_PATH=/home/niuniu/mid360_ws/install/livox_ros_driver2:/home/niuniu/ydlidar_ws/install/ydlidar_ros2_driver:/opt/ros/humble LD_LIBRARY_PATH=/home/niuniu/mid360_ws/install/livox_ros_driver2/lib:${LD_LIBRARY_PATH} PYTHONPATH=/home/niuniu/mid360_ws/install/livox_ros_driver2/local/lib/python3.10/dist-packages:${PYTHONPATH} /usr/bin/cmake --build /home/niuniu/mid360_ws/build/fast_lio -- -j8 -l8
[1.142s] DEBUG:colcon.colcon_core.event_handler.log_command:Invoked command in '/home/niuniu/mid360_ws/build/fast_lio' returned '0': AMENT_PREFIX_PATH=/home/niuniu/mid360_ws/install/livox_ros_driver2:${AMENT_PREFIX_PATH} CMAKE_PREFIX_PATH=/home/niuniu/mid360_ws/install/livox_ros_driver2:/home/niuniu/ydlidar_ws/install/ydlidar_ros2_driver:/opt/ros/humble LD_LIBRARY_PATH=/home/niuniu/mid360_ws/install/livox_ros_driver2/lib:${LD_LIBRARY_PATH} PYTHONPATH=/home/niuniu/mid360_ws/install/livox_ros_driver2/local/lib/python3.10/dist-packages:${PYTHONPATH} /usr/bin/cmake --build /home/niuniu/mid360_ws/build/fast_lio -- -j8 -l8
[1.146s] DEBUG:colcon.colcon_core.event_handler.log_command:Invoking command in '/home/niuniu/mid360_ws/build/fast_lio': AMENT_PREFIX_PATH=/home/niuniu/mid360_ws/install/livox_ros_driver2:${AMENT_PREFIX_PATH} CMAKE_PREFIX_PATH=/home/niuniu/mid360_ws/install/livox_ros_driver2:/home/niuniu/ydlidar_ws/install/ydlidar_ros2_driver:/opt/ros/humble LD_LIBRARY_PATH=/home/niuniu/mid360_ws/install/livox_ros_driver2/lib:${LD_LIBRARY_PATH} PYTHONPATH=/home/niuniu/mid360_ws/install/livox_ros_driver2/local/lib/python3.10/dist-packages:${PYTHONPATH} /usr/bin/cmake --install /home/niuniu/mid360_ws/build/fast_lio
[1.206s] Level 1:colcon.colcon_core.environment:create_environment_scripts_only(fast_lio)
[1.207s] Level 1:colcon.colcon_core.environment:checking '/home/niuniu/mid360_ws/install/fast_lio' for CMake module files
[1.207s] DEBUG:colcon.colcon_core.event_handler.log_command:Invoked command in '/home/niuniu/mid360_ws/build/fast_lio' returned '0': AMENT_PREFIX_PATH=/home/niuniu/mid360_ws/install/livox_ros_driver2:${AMENT_PREFIX_PATH} CMAKE_PREFIX_PATH=/home/niuniu/mid360_ws/install/livox_ros_driver2:/home/niuniu/ydlidar_ws/install/ydlidar_ros2_driver:/opt/ros/humble LD_LIBRARY_PATH=/home/niuniu/mid360_ws/install/livox_ros_driver2/lib:${LD_LIBRARY_PATH} PYTHONPATH=/home/niuniu/mid360_ws/install/livox_ros_driver2/local/lib/python3.10/dist-packages:${PYTHONPATH} /usr/bin/cmake --install /home/niuniu/mid360_ws/build/fast_lio
[1.207s] Level 1:colcon.colcon_core.environment:checking '/home/niuniu/mid360_ws/install/fast_lio' for CMake config files
[1.208s] Level 1:colcon.colcon_core.shell:create_environment_hook('fast_lio', 'cmake_prefix_path')
[1.208s] INFO:colcon.colcon_core.shell:Creating environment hook '/home/niuniu/mid360_ws/install/fast_lio/share/fast_lio/hook/cmake_prefix_path.ps1'
[1.208s] INFO:colcon.colcon_core.shell:Creating environment descriptor '/home/niuniu/mid360_ws/install/fast_lio/share/fast_lio/hook/cmake_prefix_path.dsv'
[1.209s] INFO:colcon.colcon_core.shell:Creating environment hook '/home/niuniu/mid360_ws/install/fast_lio/share/fast_lio/hook/cmake_prefix_path.sh'
[1.209s] Level 1:colcon.colcon_core.environment:checking '/home/niuniu/mid360_ws/install/fast_lio/lib'
[1.209s] Level 1:colcon.colcon_core.shell:create_environment_hook('fast_lio', 'ld_library_path_lib')
[1.209s] INFO:colcon.colcon_core.shell:Creating environment hook '/home/niuniu/mid360_ws/install/fast_lio/share/fast_lio/hook/ld_library_path_lib.ps1'
[1.209s] INFO:colcon.colcon_core.shell:Creating environment descriptor '/home/niuniu/mid360_ws/install/fast_lio/share/fast_lio/hook/ld_library_path_lib.dsv'
[1.210s] INFO:colcon.colcon_core.shell:Creating environment hook '/home/niuniu/mid360_ws/install/fast_lio/share/fast_lio/hook/ld_library_path_lib.sh'
[1.210s] Level 1:colcon.colcon_core.environment:checking '/home/niuniu/mid360_ws/install/fast_lio/bin'
[1.210s] Level 1:colcon.colcon_core.environment:checking '/home/niuniu/mid360_ws/install/fast_lio/lib/pkgconfig/fast_lio.pc'
[1.210s] Level 1:colcon.colcon_core.environment:checking '/home/niuniu/mid360_ws/install/fast_lio/lib/python3.10/site-packages'
[1.210s] Level 1:colcon.colcon_core.environment:checking '/home/niuniu/mid360_ws/install/fast_lio/bin'
[1.210s] INFO:colcon.colcon_core.shell:Creating package script '/home/niuniu/mid360_ws/install/fast_lio/share/fast_lio/package.ps1'
[1.211s] INFO:colcon.colcon_core.shell:Creating package descriptor '/home/niuniu/mid360_ws/install/fast_lio/share/fast_lio/package.dsv'
[1.211s] INFO:colcon.colcon_core.shell:Creating package script '/home/niuniu/mid360_ws/install/fast_lio/share/fast_lio/package.sh'
[1.212s] INFO:colcon.colcon_core.shell:Creating package script '/home/niuniu/mid360_ws/install/fast_lio/share/fast_lio/package.bash'
[1.212s] INFO:colcon.colcon_core.shell:Creating package script '/home/niuniu/mid360_ws/install/fast_lio/share/fast_lio/package.zsh'
[1.212s] Level 1:colcon.colcon_core.environment:create_file_with_runtime_dependencies(/home/niuniu/mid360_ws/install/fast_lio/share/colcon-core/packages/fast_lio)
[1.213s] Level 1:colcon.colcon_core.environment:create_environment_scripts_only(fast_lio)
[1.213s] Level 1:colcon.colcon_core.environment:checking '/home/niuniu/mid360_ws/install/fast_lio' for CMake module files
[1.213s] Level 1:colcon.colcon_core.environment:checking '/home/niuniu/mid360_ws/install/fast_lio' for CMake config files
[1.213s] Level 1:colcon.colcon_core.shell:create_environment_hook('fast_lio', 'cmake_prefix_path')
[1.214s] INFO:colcon.colcon_core.shell:Creating environment hook '/home/niuniu/mid360_ws/install/fast_lio/share/fast_lio/hook/cmake_prefix_path.ps1'
[1.214s] INFO:colcon.colcon_core.shell:Creating environment descriptor '/home/niuniu/mid360_ws/install/fast_lio/share/fast_lio/hook/cmake_prefix_path.dsv'
[1.214s] INFO:colcon.colcon_core.shell:Creating environment hook '/home/niuniu/mid360_ws/install/fast_lio/share/fast_lio/hook/cmake_prefix_path.sh'
[1.215s] Level 1:colcon.colcon_core.environment:checking '/home/niuniu/mid360_ws/install/fast_lio/lib'
[1.215s] Level 1:colcon.colcon_core.shell:create_environment_hook('fast_lio', 'ld_library_path_lib')
[1.215s] INFO:colcon.colcon_core.shell:Creating environment hook '/home/niuniu/mid360_ws/install/fast_lio/share/fast_lio/hook/ld_library_path_lib.ps1'
[1.215s] INFO:colcon.colcon_core.shell:Creating environment descriptor '/home/niuniu/mid360_ws/install/fast_lio/share/fast_lio/hook/ld_library_path_lib.dsv'
[1.215s] INFO:colcon.colcon_core.shell:Creating environment hook '/home/niuniu/mid360_ws/install/fast_lio/share/fast_lio/hook/ld_library_path_lib.sh'
[1.216s] Level 1:colcon.colcon_core.environment:checking '/home/niuniu/mid360_ws/install/fast_lio/bin'
[1.216s] Level 1:colcon.colcon_core.environment:checking '/home/niuniu/mid360_ws/install/fast_lio/lib/pkgconfig/fast_lio.pc'
[1.216s] Level 1:colcon.colcon_core.environment:checking '/home/niuniu/mid360_ws/install/fast_lio/lib/python3.10/site-packages'
[1.216s] Level 1:colcon.colcon_core.environment:checking '/home/niuniu/mid360_ws/install/fast_lio/bin'
[1.216s] INFO:colcon.colcon_core.shell:Creating package script '/home/niuniu/mid360_ws/install/fast_lio/share/fast_lio/package.ps1'
[1.217s] INFO:colcon.colcon_core.shell:Creating package descriptor '/home/niuniu/mid360_ws/install/fast_lio/share/fast_lio/package.dsv'
[1.217s] INFO:colcon.colcon_core.shell:Creating package script '/home/niuniu/mid360_ws/install/fast_lio/share/fast_lio/package.sh'
[1.217s] INFO:colcon.colcon_core.shell:Creating package script '/home/niuniu/mid360_ws/install/fast_lio/share/fast_lio/package.bash'
[1.218s] INFO:colcon.colcon_core.shell:Creating package script '/home/niuniu/mid360_ws/install/fast_lio/share/fast_lio/package.zsh'
[1.218s] Level 1:colcon.colcon_core.environment:create_file_with_runtime_dependencies(/home/niuniu/mid360_ws/install/fast_lio/share/colcon-core/packages/fast_lio)
[1.218s] DEBUG:colcon.colcon_parallel_executor.executor.parallel:closing loop
[1.218s] DEBUG:colcon.colcon_parallel_executor.executor.parallel:loop closed
[1.218s] DEBUG:colcon.colcon_parallel_executor.executor.parallel:run_until_complete finished with '0'
[1.219s] DEBUG:colcon.colcon_core.event_reactor:joining thread
[1.225s] INFO:colcon.colcon_core.plugin_system:Skipping extension 'colcon_notification.desktop_notification.terminal_notifier': Not used on non-Darwin systems
[1.225s] INFO:colcon.colcon_core.plugin_system:Skipping extension 'colcon_notification.desktop_notification.win32': Not used on non-Windows systems
[1.225s] INFO:colcon.colcon_notification.desktop_notification:Sending desktop notification using 'notify2'
[1.240s] DEBUG:colcon.colcon_core.event_reactor:joined thread
[1.241s] INFO:colcon.colcon_core.shell:Creating prefix script '/home/niuniu/mid360_ws/install/local_setup.ps1'
[1.242s] INFO:colcon.colcon_core.shell:Creating prefix util module '/home/niuniu/mid360_ws/install/_local_setup_util_ps1.py'
[1.244s] INFO:colcon.colcon_core.shell:Creating prefix chain script '/home/niuniu/mid360_ws/install/setup.ps1'
[1.246s] INFO:colcon.colcon_core.shell:Creating prefix script '/home/niuniu/mid360_ws/install/local_setup.sh'
[1.247s] INFO:colcon.colcon_core.shell:Creating prefix util module '/home/niuniu/mid360_ws/install/_local_setup_util_sh.py'
[1.247s] INFO:colcon.colcon_core.shell:Creating prefix chain script '/home/niuniu/mid360_ws/install/setup.sh'
[1.248s] INFO:colcon.colcon_core.shell:Creating prefix script '/home/niuniu/mid360_ws/install/local_setup.bash'
[1.249s] INFO:colcon.colcon_core.shell:Creating prefix chain script '/home/niuniu/mid360_ws/install/setup.bash'
[1.250s] INFO:colcon.colcon_core.shell:Creating prefix script '/home/niuniu/mid360_ws/install/local_setup.zsh'
[1.251s] INFO:colcon.colcon_core.shell:Creating prefix chain script '/home/niuniu/mid360_ws/install/setup.zsh'
