[0.012s] Invoking command in '/home/niuniu/mid360_ws/build/livox_sdk2': /usr/bin/cmake /home/niuniu/mid360_ws/src/Livox-SDK2 -DCMAKE_INSTALL_PREFIX=/home/niuniu/mid360_ws/install/livox_sdk2
[0.025s] -- main project dir: /home/niuniu/mid360_ws/src/Livox-SDK2
[0.026s] -- main project dir: /home/niuniu/mid360_ws/src/Livox-SDK2/samples
[0.028s] -- Configuring done
[0.054s] -- Generating done
[0.061s] -- Build files have been written to: /home/niuniu/mid360_ws/build/livox_sdk2
[0.064s] Invoked command in '/home/niuniu/mid360_ws/build/livox_sdk2' returned '0': /usr/bin/cmake /home/niuniu/mid360_ws/src/Livox-SDK2 -DCMAKE_INSTALL_PREFIX=/home/niuniu/mid360_ws/install/livox_sdk2
[0.066s] Invoking command in '/home/niuniu/mid360_ws/build/livox_sdk2': /usr/bin/cmake --build /home/niuniu/mid360_ws/build/livox_sdk2 -- -j8 -l8
[0.109s] [35m[1mConsolidate compiler generated dependencies of target livox_lidar_sdk_shared[0m
[0.111s] [35m[1mConsolidate compiler generated dependencies of target livox_lidar_sdk_static[0m
[0.143s] [ 84%] Built target livox_lidar_sdk_static
[0.143s] [ 84%] Built target livox_lidar_sdk_shared
[0.153s] [35m[1mConsolidate compiler generated dependencies of target livox_lidar_quick_start[0m
[0.153s] [35m[1mConsolidate compiler generated dependencies of target multi_lidars_upgrade[0m
[0.154s] [35m[1mConsolidate compiler generated dependencies of target logger[0m
[0.154s] [35m[1mConsolidate compiler generated dependencies of target debug_point_cloud[0m
[0.154s] [35m[1mConsolidate compiler generated dependencies of target lidar_cmd_observer[0m
[0.155s] [35m[1mConsolidate compiler generated dependencies of target livox_lidar_rmc_time_sync[0m
[0.166s] [ 89%] Built target livox_lidar_quick_start
[0.166s] [ 89%] Built target logger
[0.167s] [ 91%] Built target multi_lidars_upgrade
[0.167s] [ 93%] Built target lidar_cmd_observer
[0.167s] [ 96%] Built target debug_point_cloud
[0.168s] [100%] Built target livox_lidar_rmc_time_sync
[0.180s] Invoked command in '/home/niuniu/mid360_ws/build/livox_sdk2' returned '0': /usr/bin/cmake --build /home/niuniu/mid360_ws/build/livox_sdk2 -- -j8 -l8
[0.190s] Invoking command in '/home/niuniu/mid360_ws/build/livox_sdk2': /usr/bin/cmake --install /home/niuniu/mid360_ws/build/livox_sdk2
[0.196s] -- Install configuration: ""
[0.197s] -- Up-to-date: /home/niuniu/mid360_ws/install/livox_sdk2/lib/liblivox_lidar_sdk_static.a
[0.197s] -- Up-to-date: /home/niuniu/mid360_ws/install/livox_sdk2/include/livox_lidar_def.h
[0.197s] -- Up-to-date: /home/niuniu/mid360_ws/install/livox_sdk2/include/livox_lidar_api.h
[0.197s] -- Up-to-date: /home/niuniu/mid360_ws/install/livox_sdk2/include/livox_lidar_cfg.h
[0.197s] -- Up-to-date: /home/niuniu/mid360_ws/install/livox_sdk2/lib/liblivox_lidar_sdk_shared.so
[0.199s] Invoked command in '/home/niuniu/mid360_ws/build/livox_sdk2' returned '0': /usr/bin/cmake --install /home/niuniu/mid360_ws/build/livox_sdk2
