[0.027s] Invoking command in '/home/niuniu/mid360_ws/build/livox_ros_driver2': CMAKE_PREFIX_PATH=${CMAKE_PREFIX_PATH}:/opt/ros/humble /usr/bin/cmake /home/niuniu/mid360_ws/src/rm_driver/livox_ros_driver2 -DROS_EDITION=ROS2 -DHUMBLE_ROS=humble -DCMAKE_INSTALL_PREFIX=/home/niuniu/mid360_ws/install/livox_ros_driver2
[0.531s] -- The C compiler identification is GNU 11.4.0
[0.834s] -- The CXX compiler identification is GNU 11.4.0
[0.851s] -- Detecting C compiler ABI info
[1.006s] -- Detecting C compiler ABI info - done
[1.011s] -- Check for working C compiler: /usr/bin/cc - skipped
[1.012s] -- Detecting C compile features
[1.013s] -- Detecting C compile features - done
[1.018s] -- Detecting CXX compiler ABI info
[1.110s] -- Detecting CXX compiler ABI info - done
[1.115s] -- Check for working CXX compiler: /usr/bin/c++ - skipped
[1.115s] -- Detecting CXX compile features
[1.116s] -- Detecting CXX compile features - done
[1.118s] -- livox_ros_driver2 version: 1.2.4
[1.127s] -- Found ament_cmake_auto: 1.3.11 (/opt/ros/humble/share/ament_cmake_auto/cmake)
[1.277s] -- Found Python3: /usr/bin/python3 (found version "3.10.12") found components: Interpreter 
[1.505s] -- Using all available rosidl_typesupport_c: rosidl_typesupport_fastrtps_c;rosidl_typesupport_introspection_c
[1.515s] -- Found rosidl_adapter: 3.1.6 (/opt/ros/humble/share/rosidl_adapter/cmake)
[1.596s] -- Using all available rosidl_typesupport_cpp: rosidl_typesupport_fastrtps_cpp;rosidl_typesupport_introspection_cpp
[1.744s] -- Found rmw_implementation_cmake: 6.1.2 (/opt/ros/humble/share/rmw_implementation_cmake/cmake)
[1.747s] -- Found rmw_fastrtps_cpp: 6.2.7 (/opt/ros/humble/share/rmw_fastrtps_cpp/cmake)
[1.947s] -- Found OpenSSL: /usr/lib/x86_64-linux-gnu/libcrypto.so (found version "3.0.2")  
[2.053s] -- Found FastRTPS: /opt/ros/humble/include  
[2.155s] -- Using RMW implementation 'rmw_fastrtps_cpp' as default
[2.178s] -- Looking for pthread.h
[2.551s] -- Looking for pthread.h - found
[2.551s] -- Performing Test CMAKE_HAVE_LIBC_PTHREAD
[3.140s] -- Performing Test CMAKE_HAVE_LIBC_PTHREAD - Success
[3.141s] -- Found Threads: TRUE  
[3.475s] -- Checking for module 'eigen3'
[3.493s] --   Found eigen3, version 3.4.0
[3.686s] -- Found Eigen: /usr/include/eigen3 (Required is at least version "3.1") 
[3.686s] -- Eigen found (include: /usr/include/eigen3, version: 3.4.0)
[3.837s] -- Checking for module 'flann'
[3.853s] --   Found flann, version 1.9.1
[4.036s] -- Found FLANN: /usr/lib/x86_64-linux-gnu/libflann_cpp.so  
[4.036s] -- FLANN found (include: /usr/include, lib: /usr/lib/x86_64-linux-gnu/libflann_cpp.so)
[18.890s] -- Checking for module 'libusb-1.0'
[18.931s] --   Found libusb-1.0, version 1.0.25
[19.091s] -- Found libusb: /usr/lib/x86_64-linux-gnu/libusb-1.0.so  
[19.095s] -- OpenNI found (version: 1.5.4.0, include: /usr/include/ni, lib: /usr/lib/libOpenNI.so;libusb::libusb)
[19.382s] -- OpenNI2 found (version: 2.2.0.33, include: /usr/include/openni2, lib: /usr/lib/x86_64-linux-gnu/libOpenNI2.so;libusb::libusb)
[19.659s] -- Eigen found (include: /usr/include/eigen3, version: 3.4.0)
[19.665s] -- OpenNI found (version: 1.5.4.0, include: /usr/include/ni, lib: /usr/lib/libOpenNI.so;libusb::libusb)
[19.694s] -- OpenNI2 found (version: 2.2.0.33, include: /usr/include/openni2, lib: /usr/lib/x86_64-linux-gnu/libOpenNI2.so;libusb::libusb)
[19.878s] -- Found Qhull version 8.0.2
[20.111s] -- OpenNI found (version: 1.5.4.0, include: /usr/include/ni, lib: /usr/lib/libOpenNI.so;libusb::libusb)
[20.363s] -- Found PCL_COMMON: /usr/lib/x86_64-linux-gnu/libpcl_common.so  
[20.371s] -- Found PCL_KDTREE: /usr/lib/x86_64-linux-gnu/libpcl_kdtree.so  
[20.375s] -- Found PCL_OCTREE: /usr/lib/x86_64-linux-gnu/libpcl_octree.so  
[20.375s] -- Found PCL_SEARCH: /usr/lib/x86_64-linux-gnu/libpcl_search.so  
[20.375s] -- Found PCL_SAMPLE_CONSENSUS: /usr/lib/x86_64-linux-gnu/libpcl_sample_consensus.so  
[20.375s] -- Found PCL_FILTERS: /usr/lib/x86_64-linux-gnu/libpcl_filters.so  
[20.375s] -- Found PCL_2D: /usr/include/pcl-1.12  
[20.376s] -- Found PCL_GEOMETRY: /usr/include/pcl-1.12  
[20.378s] -- Found PCL_IO: /usr/lib/x86_64-linux-gnu/libpcl_io.so  
[20.379s] -- Found PCL_FEATURES: /usr/lib/x86_64-linux-gnu/libpcl_features.so  
[20.380s] -- Found PCL_ML: /usr/lib/x86_64-linux-gnu/libpcl_ml.so  
[20.393s] -- Found PCL_SEGMENTATION: /usr/lib/x86_64-linux-gnu/libpcl_segmentation.so  
[20.397s] -- Found PCL_VISUALIZATION: /usr/lib/x86_64-linux-gnu/libpcl_visualization.so  
[20.397s] -- Found PCL_SURFACE: /usr/lib/x86_64-linux-gnu/libpcl_surface.so  
[20.402s] -- Found PCL_REGISTRATION: /usr/lib/x86_64-linux-gnu/libpcl_registration.so  
[20.405s] -- Found PCL_KEYPOINTS: /usr/lib/x86_64-linux-gnu/libpcl_keypoints.so  
[20.409s] -- Found PCL_TRACKING: /usr/lib/x86_64-linux-gnu/libpcl_tracking.so  
[20.416s] -- Found PCL_RECOGNITION: /usr/lib/x86_64-linux-gnu/libpcl_recognition.so  
[20.416s] -- Found PCL_STEREO: /usr/lib/x86_64-linux-gnu/libpcl_stereo.so  
[20.417s] -- Found PCL_APPS: /usr/lib/x86_64-linux-gnu/libpcl_apps.so  
[20.417s] -- Found PCL_IN_HAND_SCANNER: /usr/include/pcl-1.12  
[20.417s] -- Found PCL_MODELER: /usr/include/pcl-1.12  
[20.417s] -- Found PCL_POINT_CLOUD_EDITOR: /usr/include/pcl-1.12  
[20.418s] -- Found PCL_OUTOFCORE: /usr/lib/x86_64-linux-gnu/libpcl_outofcore.so  
[20.418s] -- Found PCL_PEOPLE: /usr/lib/x86_64-linux-gnu/libpcl_people.so  
[20.586s] -- Found PkgConfig: /usr/bin/pkg-config (found version "0.29.2") 
[20.587s] -- Checking for module 'apr-1'
[20.653s] --   Found apr-1, version 1.7.0
[20.877s] [0m/usr/include/apr-1.0[0m
[20.885s] [0mapr-1[0m
[21.608s] -- Found ament_cmake_ros: 0.10.0 (/opt/ros/humble/share/ament_cmake_ros/cmake)
[22.097s] -- Using all available rosidl_typesupport_c: rosidl_typesupport_fastrtps_c;rosidl_typesupport_introspection_c
[22.565s] -- Using all available rosidl_typesupport_cpp: rosidl_typesupport_fastrtps_cpp;rosidl_typesupport_introspection_cpp
[22.604s] -- Found PythonInterp: /usr/bin/python3 (found suitable version "3.10.12", minimum required is "3.6") 
[22.611s] -- Found python_cmake_module: 0.10.0 (/opt/ros/humble/share/python_cmake_module/cmake)
[22.675s] -- Found PythonLibs: /usr/lib/x86_64-linux-gnu/libpython3.10.so (found suitable version "3.10.12", minimum required is "3.5") 
[22.676s] -- Using PYTHON_EXECUTABLE: /usr/bin/python3
[22.676s] -- Using PYTHON_INCLUDE_DIRS: /usr/include/python3.10
[22.676s] -- Using PYTHON_LIBRARIES: /usr/lib/x86_64-linux-gnu/libpython3.10.so
[22.715s] -- Found PythonExtra: .so  
[22.894s] -- Found ament_lint_auto: 0.12.12 (/opt/ros/humble/share/ament_lint_auto/cmake)
[23.000s] -- Added test 'copyright' to check source files copyright and LICENSE
[23.011s] -- Added test 'cppcheck' to perform static code analysis on C / C++ code
[23.013s] -- Configured cppcheck include dirs: /home/niuniu/mid360_ws/src/rm_driver/livox_ros_driver2/3rdparty;/home/niuniu/mid360_ws/src/rm_driver/livox_ros_driver2/src
[23.013s] -- Configured cppcheck exclude dirs and/or files: 
[23.018s] -- Added test 'cpplint' to check C / C++ code against the Google style
[23.018s] -- Configured cpplint exclude dirs and/or files: 
[23.020s] -- Added test 'flake8' to check Python code syntax and style conventions
[23.023s] -- Added test 'lint_cmake' to check CMake code style
[23.029s] -- Added test 'pep257' to check Python code against some of the docstring style conventions in PEP 257
[23.038s] -- Added test 'uncrustify' to check C / C++ code style
[23.038s] -- Configured uncrustify additional arguments: 
[23.044s] -- Added test 'xmllint' to check XML markup files
[23.061s] -- Configuring done
[23.623s] -- Generating done
[23.702s] -- Build files have been written to: /home/niuniu/mid360_ws/build/livox_ros_driver2
[24.236s] Invoked command in '/home/niuniu/mid360_ws/build/livox_ros_driver2' returned '0': CMAKE_PREFIX_PATH=${CMAKE_PREFIX_PATH}:/opt/ros/humble /usr/bin/cmake /home/niuniu/mid360_ws/src/rm_driver/livox_ros_driver2 -DROS_EDITION=ROS2 -DHUMBLE_ROS=humble -DCMAKE_INSTALL_PREFIX=/home/niuniu/mid360_ws/install/livox_ros_driver2
[24.398s] Invoking command in '/home/niuniu/mid360_ws/build/livox_ros_driver2': CMAKE_PREFIX_PATH=${CMAKE_PREFIX_PATH}:/opt/ros/humble /usr/bin/cmake --build /home/niuniu/mid360_ws/build/livox_ros_driver2 -- -j8 -l8
[24.575s] [  1%] [34m[1mGenerating C code for ROS interfaces[0m
[24.595s] [  3%] [34m[1mGenerating C++ code for ROS interfaces[0m
[24.597s] [  5%] [32mBuilding CXX object CMakeFiles/livox_ros_driver2_node.dir/rclcpp_components/node_main_livox_ros_driver2_node.cpp.o[0m
[24.643s] [  5%] Built target ament_cmake_python_copy_livox_ros_driver2
[26.153s] [  5%] Built target livox_interfaces2__cpp
[26.328s] [  7%] [34m[1mGenerating C++ introspection for ROS interfaces[0m
[26.404s] [ 10%] [32mBuilding C object CMakeFiles/livox_interfaces2__rosidl_generator_c.dir/rosidl_generator_c/livox_ros_driver2/msg/detail/custom_msg__functions.c.o[0m
[26.405s] [  8%] [34m[1mGenerating C++ type support for eProsima Fast-RTPS[0m
[26.405s] [ 12%] [34m[1mGenerating C++ type support dispatch for ROS interfaces[0m
[26.486s] [ 14%] [32mBuilding C object CMakeFiles/livox_interfaces2__rosidl_generator_c.dir/rosidl_generator_c/livox_ros_driver2/msg/detail/custom_point__functions.c.o[0m
[26.733s] [ 15%] [32m[1mLinking C shared library liblivox_ros_driver2__rosidl_generator_c.so[0m
[26.871s] [ 15%] Built target livox_interfaces2__rosidl_generator_c
[26.913s] [ 19%] [34m[1mGenerating C type support dispatch for ROS interfaces[0m
[26.917s] [ 19%] [34m[1mGenerating C type support for eProsima Fast-RTPS[0m
[26.923s] [ 21%] [34m[1mGenerating C introspection for ROS interfaces[0m
[26.932s] [ 22%] [32mBuilding CXX object CMakeFiles/livox_interfaces2__rosidl_typesupport_introspection_cpp.dir/rosidl_typesupport_introspection_cpp/livox_ros_driver2/msg/detail/custom_point__type_support.cpp.o[0m
[27.323s] [ 24%] [32mBuilding CXX object CMakeFiles/livox_interfaces2__rosidl_typesupport_cpp.dir/rosidl_typesupport_cpp/livox_ros_driver2/msg/custom_point__type_support.cpp.o[0m
[27.380s] running egg_info
[27.380s] creating livox_ros_driver2.egg-info
[27.381s] writing livox_ros_driver2.egg-info/PKG-INFO
[27.387s] writing dependency_links to livox_ros_driver2.egg-info/dependency_links.txt
[27.387s] writing top-level names to livox_ros_driver2.egg-info/top_level.txt
[27.387s] writing manifest file 'livox_ros_driver2.egg-info/SOURCES.txt'
[27.403s] reading manifest file 'livox_ros_driver2.egg-info/SOURCES.txt'
[27.404s] writing manifest file 'livox_ros_driver2.egg-info/SOURCES.txt'
[27.595s] [ 24%] Built target ament_cmake_python_build_livox_ros_driver2_egg
[27.755s] [ 26%] [32mBuilding CXX object CMakeFiles/livox_interfaces2__rosidl_typesupport_cpp.dir/rosidl_typesupport_cpp/livox_ros_driver2/msg/custom_msg__type_support.cpp.o[0m
[27.884s] [ 28%] [32mBuilding CXX object CMakeFiles/livox_interfaces2__rosidl_typesupport_c.dir/rosidl_typesupport_c/livox_ros_driver2/msg/custom_point__type_support.cpp.o[0m
[27.884s] [ 29%] [32mBuilding CXX object CMakeFiles/livox_interfaces2__rosidl_typesupport_introspection_cpp.dir/rosidl_typesupport_introspection_cpp/livox_ros_driver2/msg/detail/custom_msg__type_support.cpp.o[0m
[27.888s] [ 31%] [32mBuilding CXX object CMakeFiles/livox_interfaces2__rosidl_typesupport_fastrtps_cpp.dir/rosidl_typesupport_fastrtps_cpp/livox_ros_driver2/msg/detail/dds_fastrtps/custom_point__type_support.cpp.o[0m
[27.952s] [ 33%] [32mBuilding CXX object CMakeFiles/livox_interfaces2__rosidl_typesupport_fastrtps_c.dir/rosidl_typesupport_fastrtps_c/livox_ros_driver2/msg/detail/custom_point__type_support_c.cpp.o[0m
[28.037s] [ 35%] [32mBuilding CXX object CMakeFiles/livox_interfaces2__rosidl_typesupport_c.dir/rosidl_typesupport_c/livox_ros_driver2/msg/custom_msg__type_support.cpp.o[0m
[28.234s] [ 36%] [32mBuilding C object CMakeFiles/livox_interfaces2__rosidl_typesupport_introspection_c.dir/rosidl_typesupport_introspection_c/livox_ros_driver2/msg/detail/custom_point__type_support.c.o[0m
[28.234s] [ 38%] [32mBuilding CXX object CMakeFiles/livox_interfaces2__rosidl_typesupport_fastrtps_c.dir/rosidl_typesupport_fastrtps_c/livox_ros_driver2/msg/detail/custom_msg__type_support_c.cpp.o[0m
[28.252s] [ 40%] [32m[1mLinking CXX shared library liblivox_ros_driver2__rosidl_typesupport_c.so[0m
[28.752s] [ 42%] [32mBuilding C object CMakeFiles/livox_interfaces2__rosidl_typesupport_introspection_c.dir/rosidl_typesupport_introspection_c/livox_ros_driver2/msg/detail/custom_msg__type_support.c.o[0m
[29.054s] [ 42%] Built target livox_interfaces2__rosidl_typesupport_c
[29.059s] [ 43%] [32m[1mLinking CXX shared library liblivox_ros_driver2__rosidl_typesupport_cpp.so[0m
[29.060s] [ 45%] [32m[1mLinking C shared library liblivox_ros_driver2__rosidl_typesupport_introspection_c.so[0m
[29.160s] [ 47%] [32mBuilding CXX object CMakeFiles/livox_interfaces2__rosidl_typesupport_fastrtps_cpp.dir/rosidl_typesupport_fastrtps_cpp/livox_ros_driver2/msg/detail/dds_fastrtps/custom_msg__type_support.cpp.o[0m
[29.446s] [ 47%] Built target livox_interfaces2__rosidl_typesupport_introspection_c
[29.511s] [ 47%] Built target livox_interfaces2__rosidl_typesupport_cpp
[29.615s] [ 49%] [32m[1mLinking CXX shared library liblivox_ros_driver2__rosidl_typesupport_introspection_cpp.so[0m
[29.623s] [ 50%] [32mBuilding CXX object CMakeFiles/livox_ros_driver2.dir/src/lddc.cpp.o[0m
[29.628s] [ 52%] [32mBuilding CXX object CMakeFiles/livox_ros_driver2.dir/src/livox_ros_driver2.cpp.o[0m
[29.634s] [ 54%] [32mBuilding CXX object CMakeFiles/livox_ros_driver2.dir/src/driver_node.cpp.o[0m
[29.819s] [ 56%] [32mBuilding CXX object CMakeFiles/livox_ros_driver2.dir/src/lds.cpp.o[0m
[29.857s] [ 56%] Built target livox_interfaces2__rosidl_typesupport_introspection_cpp
[29.890s] [ 57%] [32mBuilding CXX object CMakeFiles/livox_ros_driver2.dir/src/lds_lidar.cpp.o[0m
[30.050s] [ 59%] [32m[1mLinking CXX shared library liblivox_ros_driver2__rosidl_typesupport_fastrtps_cpp.so[0m
[30.053s] [ 61%] [32m[1mLinking CXX shared library liblivox_ros_driver2__rosidl_typesupport_fastrtps_c.so[0m
[30.330s] [ 61%] Built target livox_interfaces2__rosidl_typesupport_fastrtps_c
[30.368s] [ 63%] [32mBuilding CXX object CMakeFiles/livox_ros_driver2.dir/src/comm/comm.cpp.o[0m
[30.443s] [ 63%] Built target livox_interfaces2__rosidl_typesupport_fastrtps_cpp
[30.554s] [ 63%] Built target livox_interfaces2
[30.681s] [ 64%] [34m[1mGenerating Python code for ROS interfaces[0m
[36.423s] [ 66%] [32mBuilding CXX object CMakeFiles/livox_ros_driver2.dir/src/comm/ldq.cpp.o[0m
[36.594s] [ 68%] [32mBuilding CXX object CMakeFiles/livox_ros_driver2.dir/src/comm/semaphore.cpp.o[0m
[36.636s] [ 70%] [32mBuilding CXX object CMakeFiles/livox_ros_driver2.dir/src/comm/lidar_imu_data_queue.cpp.o[0m
[36.927s] [ 70%] Built target livox_interfaces2__py
[36.956s] [ 71%] [32mBuilding CXX object CMakeFiles/livox_ros_driver2.dir/src/comm/cache_index.cpp.o[0m
[38.911s] [ 75%] [32mBuilding CXX object CMakeFiles/livox_ros_driver2.dir/src/parse_cfg_file/parse_cfg_file.cpp.o[0m
[38.913s] [ 75%] [32mBuilding CXX object CMakeFiles/livox_ros_driver2.dir/src/comm/pub_handler.cpp.o[0m
[45.190s] [ 77%] [32m[1mLinking CXX executable livox_ros_driver2_node[0m
[46.311s] [ 77%] Built target livox_ros_driver2_node
[53.564s] [ 78%] [32mBuilding CXX object CMakeFiles/livox_ros_driver2.dir/src/call_back/livox_lidar_callback.cpp.o[0m
[54.271s] [ 80%] [32mBuilding CXX object CMakeFiles/livox_ros_driver2.dir/src/call_back/lidar_common_callback.cpp.o[0m
[54.891s] [ 82%] [32mBuilding CXX object CMakeFiles/livox_ros_driver2.dir/src/parse_cfg_file/parse_livox_lidar_cfg.cpp.o[0m
[55.645s] [ 84%] [32m[1mLinking CXX shared library liblivox_ros_driver2.so[0m
[56.921s] [ 84%] Built target livox_ros_driver2
[56.957s] [ 85%] [32mBuilding C object CMakeFiles/livox_interfaces2__rosidl_generator_py.dir/rosidl_generator_py/livox_ros_driver2/msg/_custom_point_s.c.o[0m
[57.215s] [ 87%] [32mBuilding C object CMakeFiles/livox_interfaces2__rosidl_generator_py.dir/rosidl_generator_py/livox_ros_driver2/msg/_custom_msg_s.c.o[0m
[57.342s] [ 89%] [32m[1mLinking C shared library rosidl_generator_py/livox_ros_driver2/liblivox_interfaces2__rosidl_generator_py.so[0m
[57.406s] [ 89%] Built target livox_interfaces2__rosidl_generator_py
[57.444s] [ 91%] [32mBuilding C object CMakeFiles/livox_ros_driver2__rosidl_typesupport_fastrtps_c__pyext.dir/rosidl_generator_py/livox_ros_driver2/_livox_ros_driver2_s.ep.rosidl_typesupport_fastrtps_c.c.o[0m
[57.559s] [ 92%] [32m[1mLinking C shared library rosidl_generator_py/livox_ros_driver2/livox_ros_driver2_s__rosidl_typesupport_fastrtps_c.cpython-310-x86_64-linux-gnu.so[0m
[57.601s] [ 92%] Built target livox_ros_driver2__rosidl_typesupport_fastrtps_c__pyext
[57.642s] [ 94%] [32mBuilding C object CMakeFiles/livox_ros_driver2__rosidl_typesupport_c__pyext.dir/rosidl_generator_py/livox_ros_driver2/_livox_ros_driver2_s.ep.rosidl_typesupport_c.c.o[0m
[57.775s] [ 96%] [32m[1mLinking C shared library rosidl_generator_py/livox_ros_driver2/livox_ros_driver2_s__rosidl_typesupport_c.cpython-310-x86_64-linux-gnu.so[0m
[57.831s] [ 96%] Built target livox_ros_driver2__rosidl_typesupport_c__pyext
[57.858s] [ 98%] [32mBuilding C object CMakeFiles/livox_ros_driver2__rosidl_typesupport_introspection_c__pyext.dir/rosidl_generator_py/livox_ros_driver2/_livox_ros_driver2_s.ep.rosidl_typesupport_introspection_c.c.o[0m
[57.950s] [100%] [32m[1mLinking C shared library rosidl_generator_py/livox_ros_driver2/livox_ros_driver2_s__rosidl_typesupport_introspection_c.cpython-310-x86_64-linux-gnu.so[0m
[57.994s] [100%] Built target livox_ros_driver2__rosidl_typesupport_introspection_c__pyext
[58.223s] Invoked command in '/home/niuniu/mid360_ws/build/livox_ros_driver2' returned '0': CMAKE_PREFIX_PATH=${CMAKE_PREFIX_PATH}:/opt/ros/humble /usr/bin/cmake --build /home/niuniu/mid360_ws/build/livox_ros_driver2 -- -j8 -l8
[58.388s] Invoking command in '/home/niuniu/mid360_ws/build/livox_ros_driver2': CMAKE_PREFIX_PATH=${CMAKE_PREFIX_PATH}:/opt/ros/humble /usr/bin/cmake --install /home/niuniu/mid360_ws/build/livox_ros_driver2
[58.419s] -- Install configuration: ""
[58.421s] -- Installing: /home/niuniu/mid360_ws/install/livox_ros_driver2/share/ament_index/resource_index/rosidl_interfaces/livox_ros_driver2
[58.421s] -- Installing: /home/niuniu/mid360_ws/install/livox_ros_driver2/include/livox_ros_driver2/livox_ros_driver2
[58.422s] -- Installing: /home/niuniu/mid360_ws/install/livox_ros_driver2/include/livox_ros_driver2/livox_ros_driver2/msg
[58.422s] -- Installing: /home/niuniu/mid360_ws/install/livox_ros_driver2/include/livox_ros_driver2/livox_ros_driver2/msg/detail
[58.422s] -- Installing: /home/niuniu/mid360_ws/install/livox_ros_driver2/include/livox_ros_driver2/livox_ros_driver2/msg/detail/custom_point__functions.c
[58.422s] -- Installing: /home/niuniu/mid360_ws/install/livox_ros_driver2/include/livox_ros_driver2/livox_ros_driver2/msg/detail/custom_point__type_support.h
[58.423s] -- Installing: /home/niuniu/mid360_ws/install/livox_ros_driver2/include/livox_ros_driver2/livox_ros_driver2/msg/detail/custom_msg__type_support.h
[58.423s] -- Installing: /home/niuniu/mid360_ws/install/livox_ros_driver2/include/livox_ros_driver2/livox_ros_driver2/msg/detail/custom_point__struct.h
[58.423s] -- Installing: /home/niuniu/mid360_ws/install/livox_ros_driver2/include/livox_ros_driver2/livox_ros_driver2/msg/detail/custom_msg__struct.h
[58.423s] -- Installing: /home/niuniu/mid360_ws/install/livox_ros_driver2/include/livox_ros_driver2/livox_ros_driver2/msg/detail/custom_msg__functions.h
[58.423s] -- Installing: /home/niuniu/mid360_ws/install/livox_ros_driver2/include/livox_ros_driver2/livox_ros_driver2/msg/detail/custom_msg__functions.c
[58.424s] -- Installing: /home/niuniu/mid360_ws/install/livox_ros_driver2/include/livox_ros_driver2/livox_ros_driver2/msg/detail/custom_point__functions.h
[58.424s] -- Installing: /home/niuniu/mid360_ws/install/livox_ros_driver2/include/livox_ros_driver2/livox_ros_driver2/msg/rosidl_generator_c__visibility_control.h
[58.425s] -- Installing: /home/niuniu/mid360_ws/install/livox_ros_driver2/include/livox_ros_driver2/livox_ros_driver2/msg/custom_point.h
[58.425s] -- Installing: /home/niuniu/mid360_ws/install/livox_ros_driver2/include/livox_ros_driver2/livox_ros_driver2/msg/custom_msg.h
[58.426s] -- Installing: /home/niuniu/mid360_ws/install/livox_ros_driver2/share/livox_ros_driver2/environment/library_path.sh
[58.427s] -- Installing: /home/niuniu/mid360_ws/install/livox_ros_driver2/share/livox_ros_driver2/environment/library_path.dsv
[58.428s] -- Installing: /home/niuniu/mid360_ws/install/livox_ros_driver2/lib/liblivox_ros_driver2__rosidl_generator_c.so
[58.430s] -- Set runtime path of "/home/niuniu/mid360_ws/install/livox_ros_driver2/lib/liblivox_ros_driver2__rosidl_generator_c.so" to ""
[58.430s] -- Up-to-date: /home/niuniu/mid360_ws/install/livox_ros_driver2/include/livox_ros_driver2/livox_ros_driver2
[58.430s] -- Up-to-date: /home/niuniu/mid360_ws/install/livox_ros_driver2/include/livox_ros_driver2/livox_ros_driver2/msg
[58.431s] -- Installing: /home/niuniu/mid360_ws/install/livox_ros_driver2/include/livox_ros_driver2/livox_ros_driver2/msg/rosidl_typesupport_fastrtps_c__visibility_control.h
[58.431s] -- Up-to-date: /home/niuniu/mid360_ws/install/livox_ros_driver2/include/livox_ros_driver2/livox_ros_driver2/msg/detail
[58.432s] -- Installing: /home/niuniu/mid360_ws/install/livox_ros_driver2/include/livox_ros_driver2/livox_ros_driver2/msg/detail/custom_msg__rosidl_typesupport_fastrtps_c.h
[58.432s] -- Installing: /home/niuniu/mid360_ws/install/livox_ros_driver2/include/livox_ros_driver2/livox_ros_driver2/msg/detail/custom_point__rosidl_typesupport_fastrtps_c.h
[58.433s] -- Installing: /home/niuniu/mid360_ws/install/livox_ros_driver2/lib/liblivox_ros_driver2__rosidl_typesupport_fastrtps_c.so
[58.434s] -- Set runtime path of "/home/niuniu/mid360_ws/install/livox_ros_driver2/lib/liblivox_ros_driver2__rosidl_typesupport_fastrtps_c.so" to ""
[58.434s] -- Up-to-date: /home/niuniu/mid360_ws/install/livox_ros_driver2/include/livox_ros_driver2/livox_ros_driver2
[58.434s] -- Up-to-date: /home/niuniu/mid360_ws/install/livox_ros_driver2/include/livox_ros_driver2/livox_ros_driver2/msg
[58.434s] -- Up-to-date: /home/niuniu/mid360_ws/install/livox_ros_driver2/include/livox_ros_driver2/livox_ros_driver2/msg/detail
[58.434s] -- Installing: /home/niuniu/mid360_ws/install/livox_ros_driver2/include/livox_ros_driver2/livox_ros_driver2/msg/detail/custom_msg__rosidl_typesupport_introspection_c.h
[58.434s] -- Installing: /home/niuniu/mid360_ws/install/livox_ros_driver2/include/livox_ros_driver2/livox_ros_driver2/msg/detail/custom_msg__type_support.c
[58.436s] -- Installing: /home/niuniu/mid360_ws/install/livox_ros_driver2/include/livox_ros_driver2/livox_ros_driver2/msg/detail/custom_point__type_support.c
[58.436s] -- Installing: /home/niuniu/mid360_ws/install/livox_ros_driver2/include/livox_ros_driver2/livox_ros_driver2/msg/detail/custom_point__rosidl_typesupport_introspection_c.h
[58.437s] -- Installing: /home/niuniu/mid360_ws/install/livox_ros_driver2/include/livox_ros_driver2/livox_ros_driver2/msg/rosidl_typesupport_introspection_c__visibility_control.h
[58.437s] -- Installing: /home/niuniu/mid360_ws/install/livox_ros_driver2/lib/liblivox_ros_driver2__rosidl_typesupport_introspection_c.so
[58.438s] -- Set runtime path of "/home/niuniu/mid360_ws/install/livox_ros_driver2/lib/liblivox_ros_driver2__rosidl_typesupport_introspection_c.so" to ""
[58.438s] -- Installing: /home/niuniu/mid360_ws/install/livox_ros_driver2/lib/liblivox_ros_driver2__rosidl_typesupport_c.so
[58.438s] -- Set runtime path of "/home/niuniu/mid360_ws/install/livox_ros_driver2/lib/liblivox_ros_driver2__rosidl_typesupport_c.so" to ""
[58.438s] -- Up-to-date: /home/niuniu/mid360_ws/install/livox_ros_driver2/include/livox_ros_driver2/livox_ros_driver2
[58.438s] -- Up-to-date: /home/niuniu/mid360_ws/install/livox_ros_driver2/include/livox_ros_driver2/livox_ros_driver2/msg
[58.438s] -- Installing: /home/niuniu/mid360_ws/install/livox_ros_driver2/include/livox_ros_driver2/livox_ros_driver2/msg/rosidl_generator_cpp__visibility_control.hpp
[58.438s] -- Installing: /home/niuniu/mid360_ws/install/livox_ros_driver2/include/livox_ros_driver2/livox_ros_driver2/msg/custom_point.hpp
[58.438s] -- Up-to-date: /home/niuniu/mid360_ws/install/livox_ros_driver2/include/livox_ros_driver2/livox_ros_driver2/msg/detail
[58.438s] -- Installing: /home/niuniu/mid360_ws/install/livox_ros_driver2/include/livox_ros_driver2/livox_ros_driver2/msg/detail/custom_msg__type_support.hpp
[58.438s] -- Installing: /home/niuniu/mid360_ws/install/livox_ros_driver2/include/livox_ros_driver2/livox_ros_driver2/msg/detail/custom_point__type_support.hpp
[58.439s] -- Installing: /home/niuniu/mid360_ws/install/livox_ros_driver2/include/livox_ros_driver2/livox_ros_driver2/msg/detail/custom_point__traits.hpp
[58.439s] -- Installing: /home/niuniu/mid360_ws/install/livox_ros_driver2/include/livox_ros_driver2/livox_ros_driver2/msg/detail/custom_msg__builder.hpp
[58.439s] -- Installing: /home/niuniu/mid360_ws/install/livox_ros_driver2/include/livox_ros_driver2/livox_ros_driver2/msg/detail/custom_point__builder.hpp
[58.439s] -- Installing: /home/niuniu/mid360_ws/install/livox_ros_driver2/include/livox_ros_driver2/livox_ros_driver2/msg/detail/custom_msg__struct.hpp
[58.440s] -- Installing: /home/niuniu/mid360_ws/install/livox_ros_driver2/include/livox_ros_driver2/livox_ros_driver2/msg/detail/custom_msg__traits.hpp
[58.441s] -- Installing: /home/niuniu/mid360_ws/install/livox_ros_driver2/include/livox_ros_driver2/livox_ros_driver2/msg/detail/custom_point__struct.hpp
[58.441s] -- Installing: /home/niuniu/mid360_ws/install/livox_ros_driver2/include/livox_ros_driver2/livox_ros_driver2/msg/custom_msg.hpp
[58.441s] -- Up-to-date: /home/niuniu/mid360_ws/install/livox_ros_driver2/include/livox_ros_driver2/livox_ros_driver2
[58.441s] -- Up-to-date: /home/niuniu/mid360_ws/install/livox_ros_driver2/include/livox_ros_driver2/livox_ros_driver2/msg
[58.441s] -- Installing: /home/niuniu/mid360_ws/install/livox_ros_driver2/include/livox_ros_driver2/livox_ros_driver2/msg/rosidl_typesupport_fastrtps_cpp__visibility_control.h
[58.442s] -- Up-to-date: /home/niuniu/mid360_ws/install/livox_ros_driver2/include/livox_ros_driver2/livox_ros_driver2/msg/detail
[58.442s] -- Installing: /home/niuniu/mid360_ws/install/livox_ros_driver2/include/livox_ros_driver2/livox_ros_driver2/msg/detail/custom_point__rosidl_typesupport_fastrtps_cpp.hpp
[58.443s] -- Installing: /home/niuniu/mid360_ws/install/livox_ros_driver2/include/livox_ros_driver2/livox_ros_driver2/msg/detail/custom_msg__rosidl_typesupport_fastrtps_cpp.hpp
[58.444s] -- Installing: /home/niuniu/mid360_ws/install/livox_ros_driver2/include/livox_ros_driver2/livox_ros_driver2/msg/detail/dds_fastrtps
[58.444s] -- Installing: /home/niuniu/mid360_ws/install/livox_ros_driver2/lib/liblivox_ros_driver2__rosidl_typesupport_fastrtps_cpp.so
[58.444s] -- Set runtime path of "/home/niuniu/mid360_ws/install/livox_ros_driver2/lib/liblivox_ros_driver2__rosidl_typesupport_fastrtps_cpp.so" to ""
[58.444s] -- Up-to-date: /home/niuniu/mid360_ws/install/livox_ros_driver2/include/livox_ros_driver2/livox_ros_driver2
[58.444s] -- Up-to-date: /home/niuniu/mid360_ws/install/livox_ros_driver2/include/livox_ros_driver2/livox_ros_driver2/msg
[58.444s] -- Up-to-date: /home/niuniu/mid360_ws/install/livox_ros_driver2/include/livox_ros_driver2/livox_ros_driver2/msg/detail
[58.444s] -- Installing: /home/niuniu/mid360_ws/install/livox_ros_driver2/include/livox_ros_driver2/livox_ros_driver2/msg/detail/custom_msg__type_support.cpp
[58.445s] -- Installing: /home/niuniu/mid360_ws/install/livox_ros_driver2/include/livox_ros_driver2/livox_ros_driver2/msg/detail/custom_point__type_support.cpp
[58.445s] -- Installing: /home/niuniu/mid360_ws/install/livox_ros_driver2/include/livox_ros_driver2/livox_ros_driver2/msg/detail/custom_point__rosidl_typesupport_introspection_cpp.hpp
[58.445s] -- Installing: /home/niuniu/mid360_ws/install/livox_ros_driver2/include/livox_ros_driver2/livox_ros_driver2/msg/detail/custom_msg__rosidl_typesupport_introspection_cpp.hpp
[58.446s] -- Installing: /home/niuniu/mid360_ws/install/livox_ros_driver2/lib/liblivox_ros_driver2__rosidl_typesupport_introspection_cpp.so
[58.448s] -- Set runtime path of "/home/niuniu/mid360_ws/install/livox_ros_driver2/lib/liblivox_ros_driver2__rosidl_typesupport_introspection_cpp.so" to ""
[58.449s] -- Installing: /home/niuniu/mid360_ws/install/livox_ros_driver2/lib/liblivox_ros_driver2__rosidl_typesupport_cpp.so
[58.449s] -- Set runtime path of "/home/niuniu/mid360_ws/install/livox_ros_driver2/lib/liblivox_ros_driver2__rosidl_typesupport_cpp.so" to ""
[58.449s] -- Installing: /home/niuniu/mid360_ws/install/livox_ros_driver2/share/livox_ros_driver2/environment/pythonpath.sh
[58.450s] -- Installing: /home/niuniu/mid360_ws/install/livox_ros_driver2/share/livox_ros_driver2/environment/pythonpath.dsv
[58.451s] -- Installing: /home/niuniu/mid360_ws/install/livox_ros_driver2/local/lib/python3.10/dist-packages/livox_ros_driver2-1.0.0-py3.10.egg-info
[58.451s] -- Installing: /home/niuniu/mid360_ws/install/livox_ros_driver2/local/lib/python3.10/dist-packages/livox_ros_driver2-1.0.0-py3.10.egg-info/SOURCES.txt
[58.452s] -- Installing: /home/niuniu/mid360_ws/install/livox_ros_driver2/local/lib/python3.10/dist-packages/livox_ros_driver2-1.0.0-py3.10.egg-info/PKG-INFO
[58.453s] -- Installing: /home/niuniu/mid360_ws/install/livox_ros_driver2/local/lib/python3.10/dist-packages/livox_ros_driver2-1.0.0-py3.10.egg-info/dependency_links.txt
[58.453s] -- Installing: /home/niuniu/mid360_ws/install/livox_ros_driver2/local/lib/python3.10/dist-packages/livox_ros_driver2-1.0.0-py3.10.egg-info/top_level.txt
[58.453s] -- Installing: /home/niuniu/mid360_ws/install/livox_ros_driver2/local/lib/python3.10/dist-packages/livox_ros_driver2
[58.454s] -- Installing: /home/niuniu/mid360_ws/install/livox_ros_driver2/local/lib/python3.10/dist-packages/livox_ros_driver2/_livox_ros_driver2_s.ep.rosidl_typesupport_fastrtps_c.c
[58.454s] -- Installing: /home/niuniu/mid360_ws/install/livox_ros_driver2/local/lib/python3.10/dist-packages/livox_ros_driver2/livox_ros_driver2_s__rosidl_typesupport_c.cpython-310-x86_64-linux-gnu.so
[58.455s] -- Installing: /home/niuniu/mid360_ws/install/livox_ros_driver2/local/lib/python3.10/dist-packages/livox_ros_driver2/liblivox_interfaces2__rosidl_generator_py.so
[58.455s] -- Installing: /home/niuniu/mid360_ws/install/livox_ros_driver2/local/lib/python3.10/dist-packages/livox_ros_driver2/msg
[58.455s] -- Installing: /home/niuniu/mid360_ws/install/livox_ros_driver2/local/lib/python3.10/dist-packages/livox_ros_driver2/msg/_custom_msg.py
[58.455s] -- Installing: /home/niuniu/mid360_ws/install/livox_ros_driver2/local/lib/python3.10/dist-packages/livox_ros_driver2/msg/_custom_point.py
[58.455s] -- Installing: /home/niuniu/mid360_ws/install/livox_ros_driver2/local/lib/python3.10/dist-packages/livox_ros_driver2/msg/_custom_msg_s.c
[58.455s] -- Installing: /home/niuniu/mid360_ws/install/livox_ros_driver2/local/lib/python3.10/dist-packages/livox_ros_driver2/msg/_custom_point_s.c
[58.455s] -- Installing: /home/niuniu/mid360_ws/install/livox_ros_driver2/local/lib/python3.10/dist-packages/livox_ros_driver2/msg/__init__.py
[58.457s] -- Installing: /home/niuniu/mid360_ws/install/livox_ros_driver2/local/lib/python3.10/dist-packages/livox_ros_driver2/livox_ros_driver2_s__rosidl_typesupport_fastrtps_c.cpython-310-x86_64-linux-gnu.so
[58.457s] -- Installing: /home/niuniu/mid360_ws/install/livox_ros_driver2/local/lib/python3.10/dist-packages/livox_ros_driver2/__init__.py
[58.457s] -- Installing: /home/niuniu/mid360_ws/install/livox_ros_driver2/local/lib/python3.10/dist-packages/livox_ros_driver2/livox_ros_driver2_s__rosidl_typesupport_introspection_c.cpython-310-x86_64-linux-gnu.so
[58.457s] -- Installing: /home/niuniu/mid360_ws/install/livox_ros_driver2/local/lib/python3.10/dist-packages/livox_ros_driver2/_livox_ros_driver2_s.ep.rosidl_typesupport_c.c
[58.457s] -- Installing: /home/niuniu/mid360_ws/install/livox_ros_driver2/local/lib/python3.10/dist-packages/livox_ros_driver2/_livox_ros_driver2_s.ep.rosidl_typesupport_introspection_c.c
[58.574s] Listing '/home/niuniu/mid360_ws/install/livox_ros_driver2/local/lib/python3.10/dist-packages/livox_ros_driver2'...
[58.574s] Compiling '/home/niuniu/mid360_ws/install/livox_ros_driver2/local/lib/python3.10/dist-packages/livox_ros_driver2/__init__.py'...
[58.574s] Listing '/home/niuniu/mid360_ws/install/livox_ros_driver2/local/lib/python3.10/dist-packages/livox_ros_driver2/msg'...
[58.574s] Compiling '/home/niuniu/mid360_ws/install/livox_ros_driver2/local/lib/python3.10/dist-packages/livox_ros_driver2/msg/__init__.py'...
[58.574s] Compiling '/home/niuniu/mid360_ws/install/livox_ros_driver2/local/lib/python3.10/dist-packages/livox_ros_driver2/msg/_custom_msg.py'...
[58.574s] Compiling '/home/niuniu/mid360_ws/install/livox_ros_driver2/local/lib/python3.10/dist-packages/livox_ros_driver2/msg/_custom_point.py'...
[58.579s] -- Installing: /home/niuniu/mid360_ws/install/livox_ros_driver2/local/lib/python3.10/dist-packages/livox_ros_driver2/livox_ros_driver2_s__rosidl_typesupport_fastrtps_c.cpython-310-x86_64-linux-gnu.so
[58.580s] -- Set runtime path of "/home/niuniu/mid360_ws/install/livox_ros_driver2/local/lib/python3.10/dist-packages/livox_ros_driver2/livox_ros_driver2_s__rosidl_typesupport_fastrtps_c.cpython-310-x86_64-linux-gnu.so" to ""
[58.580s] -- Installing: /home/niuniu/mid360_ws/install/livox_ros_driver2/local/lib/python3.10/dist-packages/livox_ros_driver2/livox_ros_driver2_s__rosidl_typesupport_introspection_c.cpython-310-x86_64-linux-gnu.so
[58.580s] -- Set runtime path of "/home/niuniu/mid360_ws/install/livox_ros_driver2/local/lib/python3.10/dist-packages/livox_ros_driver2/livox_ros_driver2_s__rosidl_typesupport_introspection_c.cpython-310-x86_64-linux-gnu.so" to ""
[58.581s] -- Installing: /home/niuniu/mid360_ws/install/livox_ros_driver2/local/lib/python3.10/dist-packages/livox_ros_driver2/livox_ros_driver2_s__rosidl_typesupport_c.cpython-310-x86_64-linux-gnu.so
[58.581s] -- Set runtime path of "/home/niuniu/mid360_ws/install/livox_ros_driver2/local/lib/python3.10/dist-packages/livox_ros_driver2/livox_ros_driver2_s__rosidl_typesupport_c.cpython-310-x86_64-linux-gnu.so" to ""
[58.582s] -- Installing: /home/niuniu/mid360_ws/install/livox_ros_driver2/lib/liblivox_interfaces2__rosidl_generator_py.so
[58.582s] -- Set runtime path of "/home/niuniu/mid360_ws/install/livox_ros_driver2/lib/liblivox_interfaces2__rosidl_generator_py.so" to ""
[58.583s] -- Installing: /home/niuniu/mid360_ws/install/livox_ros_driver2/share/livox_ros_driver2/msg/CustomPoint.idl
[58.583s] -- Installing: /home/niuniu/mid360_ws/install/livox_ros_driver2/share/livox_ros_driver2/msg/CustomMsg.idl
[58.584s] -- Installing: /home/niuniu/mid360_ws/install/livox_ros_driver2/share/livox_ros_driver2/msg/CustomPoint.msg
[58.585s] -- Installing: /home/niuniu/mid360_ws/install/livox_ros_driver2/share/livox_ros_driver2/msg/CustomMsg.msg
[58.585s] -- Installing: /home/niuniu/mid360_ws/install/livox_ros_driver2/lib/livox_ros_driver2/livox_ros_driver2_node
[58.586s] -- Set runtime path of "/home/niuniu/mid360_ws/install/livox_ros_driver2/lib/livox_ros_driver2/livox_ros_driver2_node" to ""
[58.586s] -- Installing: /home/niuniu/mid360_ws/install/livox_ros_driver2/lib/liblivox_ros_driver2.so
[58.592s] -- Set runtime path of "/home/niuniu/mid360_ws/install/livox_ros_driver2/lib/liblivox_ros_driver2.so" to ""
[58.593s] -- Installing: /home/niuniu/mid360_ws/install/livox_ros_driver2/share/livox_ros_driver2/config
[58.593s] -- Installing: /home/niuniu/mid360_ws/install/livox_ros_driver2/share/livox_ros_driver2/config/HAP_config.json
[58.593s] -- Installing: /home/niuniu/mid360_ws/install/livox_ros_driver2/share/livox_ros_driver2/config/display_point_cloud_ROS1.rviz
[58.594s] -- Installing: /home/niuniu/mid360_ws/install/livox_ros_driver2/share/livox_ros_driver2/config/display_point_cloud_ROS2.rviz
[58.595s] -- Installing: /home/niuniu/mid360_ws/install/livox_ros_driver2/share/livox_ros_driver2/config/mixed_HAP_MID360_config.json
[58.596s] -- Installing: /home/niuniu/mid360_ws/install/livox_ros_driver2/share/livox_ros_driver2/config/MID360_config.json
[58.597s] -- Installing: /home/niuniu/mid360_ws/install/livox_ros_driver2/share/livox_ros_driver2/launch_ROS2
[58.597s] -- Installing: /home/niuniu/mid360_ws/install/livox_ros_driver2/share/livox_ros_driver2/launch_ROS2/msg_MID360_launch.py
[58.597s] -- Installing: /home/niuniu/mid360_ws/install/livox_ros_driver2/share/livox_ros_driver2/launch_ROS2/rviz_mixed.py
[58.597s] -- Installing: /home/niuniu/mid360_ws/install/livox_ros_driver2/share/livox_ros_driver2/launch_ROS2/rviz_MID360_launch.py
[58.598s] -- Installing: /home/niuniu/mid360_ws/install/livox_ros_driver2/share/livox_ros_driver2/launch_ROS2/msg_HAP_launch.py
[58.598s] -- Installing: /home/niuniu/mid360_ws/install/livox_ros_driver2/share/livox_ros_driver2/launch_ROS2/rviz_HAP_launch.py
[58.599s] -- Installing: /home/niuniu/mid360_ws/install/livox_ros_driver2/share/ament_index/resource_index/package_run_dependencies/livox_ros_driver2
[58.599s] -- Installing: /home/niuniu/mid360_ws/install/livox_ros_driver2/share/ament_index/resource_index/parent_prefix_path/livox_ros_driver2
[58.600s] -- Installing: /home/niuniu/mid360_ws/install/livox_ros_driver2/share/livox_ros_driver2/environment/ament_prefix_path.sh
[58.601s] -- Installing: /home/niuniu/mid360_ws/install/livox_ros_driver2/share/livox_ros_driver2/environment/ament_prefix_path.dsv
[58.602s] -- Installing: /home/niuniu/mid360_ws/install/livox_ros_driver2/share/livox_ros_driver2/environment/path.sh
[58.603s] -- Installing: /home/niuniu/mid360_ws/install/livox_ros_driver2/share/livox_ros_driver2/environment/path.dsv
[58.603s] -- Installing: /home/niuniu/mid360_ws/install/livox_ros_driver2/share/livox_ros_driver2/local_setup.bash
[58.604s] -- Installing: /home/niuniu/mid360_ws/install/livox_ros_driver2/share/livox_ros_driver2/local_setup.sh
[58.604s] -- Installing: /home/niuniu/mid360_ws/install/livox_ros_driver2/share/livox_ros_driver2/local_setup.zsh
[58.605s] -- Installing: /home/niuniu/mid360_ws/install/livox_ros_driver2/share/livox_ros_driver2/local_setup.dsv
[58.606s] -- Installing: /home/niuniu/mid360_ws/install/livox_ros_driver2/share/livox_ros_driver2/package.dsv
[58.606s] -- Installing: /home/niuniu/mid360_ws/install/livox_ros_driver2/share/ament_index/resource_index/packages/livox_ros_driver2
[58.607s] -- Installing: /home/niuniu/mid360_ws/install/livox_ros_driver2/share/livox_ros_driver2/cmake/export_livox_interfaces2__rosidl_generator_cExport.cmake
[58.608s] -- Installing: /home/niuniu/mid360_ws/install/livox_ros_driver2/share/livox_ros_driver2/cmake/export_livox_interfaces2__rosidl_generator_cExport-noconfig.cmake
[58.609s] -- Installing: /home/niuniu/mid360_ws/install/livox_ros_driver2/share/livox_ros_driver2/cmake/export_livox_interfaces2__rosidl_typesupport_fastrtps_cExport.cmake
[58.609s] -- Installing: /home/niuniu/mid360_ws/install/livox_ros_driver2/share/livox_ros_driver2/cmake/export_livox_interfaces2__rosidl_typesupport_fastrtps_cExport-noconfig.cmake
[58.610s] -- Installing: /home/niuniu/mid360_ws/install/livox_ros_driver2/share/livox_ros_driver2/cmake/livox_interfaces2__rosidl_typesupport_introspection_cExport.cmake
[58.610s] -- Installing: /home/niuniu/mid360_ws/install/livox_ros_driver2/share/livox_ros_driver2/cmake/livox_interfaces2__rosidl_typesupport_introspection_cExport-noconfig.cmake
[58.611s] -- Installing: /home/niuniu/mid360_ws/install/livox_ros_driver2/share/livox_ros_driver2/cmake/livox_interfaces2__rosidl_typesupport_cExport.cmake
[58.612s] -- Installing: /home/niuniu/mid360_ws/install/livox_ros_driver2/share/livox_ros_driver2/cmake/livox_interfaces2__rosidl_typesupport_cExport-noconfig.cmake
[58.613s] -- Installing: /home/niuniu/mid360_ws/install/livox_ros_driver2/share/livox_ros_driver2/cmake/export_livox_interfaces2__rosidl_generator_cppExport.cmake
[58.614s] -- Installing: /home/niuniu/mid360_ws/install/livox_ros_driver2/share/livox_ros_driver2/cmake/export_livox_interfaces2__rosidl_typesupport_fastrtps_cppExport.cmake
[58.614s] -- Installing: /home/niuniu/mid360_ws/install/livox_ros_driver2/share/livox_ros_driver2/cmake/export_livox_interfaces2__rosidl_typesupport_fastrtps_cppExport-noconfig.cmake
[58.615s] -- Installing: /home/niuniu/mid360_ws/install/livox_ros_driver2/share/livox_ros_driver2/cmake/livox_interfaces2__rosidl_typesupport_introspection_cppExport.cmake
[58.616s] -- Installing: /home/niuniu/mid360_ws/install/livox_ros_driver2/share/livox_ros_driver2/cmake/livox_interfaces2__rosidl_typesupport_introspection_cppExport-noconfig.cmake
[58.616s] -- Installing: /home/niuniu/mid360_ws/install/livox_ros_driver2/share/livox_ros_driver2/cmake/livox_interfaces2__rosidl_typesupport_cppExport.cmake
[58.617s] -- Installing: /home/niuniu/mid360_ws/install/livox_ros_driver2/share/livox_ros_driver2/cmake/livox_interfaces2__rosidl_typesupport_cppExport-noconfig.cmake
[58.617s] -- Installing: /home/niuniu/mid360_ws/install/livox_ros_driver2/share/livox_ros_driver2/cmake/export_livox_interfaces2__rosidl_generator_pyExport.cmake
[58.618s] -- Installing: /home/niuniu/mid360_ws/install/livox_ros_driver2/share/livox_ros_driver2/cmake/export_livox_interfaces2__rosidl_generator_pyExport-noconfig.cmake
[58.619s] -- Installing: /home/niuniu/mid360_ws/install/livox_ros_driver2/share/ament_index/resource_index/rclcpp_components/livox_ros_driver2
[58.619s] -- Installing: /home/niuniu/mid360_ws/install/livox_ros_driver2/share/livox_ros_driver2/cmake/rosidl_cmake-extras.cmake
[58.619s] -- Installing: /home/niuniu/mid360_ws/install/livox_ros_driver2/share/livox_ros_driver2/cmake/ament_cmake_export_dependencies-extras.cmake
[58.620s] -- Installing: /home/niuniu/mid360_ws/install/livox_ros_driver2/share/livox_ros_driver2/cmake/ament_cmake_export_include_directories-extras.cmake
[58.620s] -- Installing: /home/niuniu/mid360_ws/install/livox_ros_driver2/share/livox_ros_driver2/cmake/ament_cmake_export_libraries-extras.cmake
[58.621s] -- Installing: /home/niuniu/mid360_ws/install/livox_ros_driver2/share/livox_ros_driver2/cmake/ament_cmake_export_targets-extras.cmake
[58.621s] -- Installing: /home/niuniu/mid360_ws/install/livox_ros_driver2/share/livox_ros_driver2/cmake/rosidl_cmake_export_typesupport_targets-extras.cmake
[58.621s] -- Installing: /home/niuniu/mid360_ws/install/livox_ros_driver2/share/livox_ros_driver2/cmake/rosidl_cmake_export_typesupport_libraries-extras.cmake
[58.621s] -- Installing: /home/niuniu/mid360_ws/install/livox_ros_driver2/share/livox_ros_driver2/cmake/livox_ros_driver2Config.cmake
[58.622s] -- Installing: /home/niuniu/mid360_ws/install/livox_ros_driver2/share/livox_ros_driver2/cmake/livox_ros_driver2Config-version.cmake
[58.622s] -- Installing: /home/niuniu/mid360_ws/install/livox_ros_driver2/share/livox_ros_driver2/package.xml
[58.639s] Invoked command in '/home/niuniu/mid360_ws/build/livox_ros_driver2' returned '0': CMAKE_PREFIX_PATH=${CMAKE_PREFIX_PATH}:/opt/ros/humble /usr/bin/cmake --install /home/niuniu/mid360_ws/build/livox_ros_driver2
