[0.721s] DEBUG:colcon:Command line arguments: ['/usr/bin/colcon', 'build']
[0.721s] DEBUG:colcon:Parsed command line arguments: Namespace(log_base=None, log_level=None, verb_name='build', build_base='build', install_base='install', merge_install=False, symlink_install=False, test_result_base=None, continue_on_error=False, executor='parallel', parallel_workers=8, event_handlers=None, ignore_user_meta=False, metas=['./colcon.meta'], base_paths=['.'], packages_ignore=None, packages_ignore_regex=None, paths=None, packages_up_to=None, packages_up_to_regex=None, packages_above=None, packages_above_and_dependencies=None, packages_above_depth=None, packages_select_by_dep=None, packages_skip_by_dep=None, packages_skip_up_to=None, packages_select_build_failed=False, packages_skip_build_finished=False, packages_select_test_failures=False, packages_skip_test_passed=False, packages_select=None, packages_skip=None, packages_select_regex=None, packages_skip_regex=None, packages_start=None, packages_end=None, allow_overriding=[], cmake_args=None, cmake_target=None, cmake_target_skip_unavailable=False, cmake_clean_cache=False, cmake_clean_first=False, cmake_force_configure=False, ament_cmake_args=None, catkin_cmake_args=None, catkin_skip_building_tests=False, verb_parser=<colcon_defaults.argument_parser.defaults.DefaultArgumentsDecorator object at 0x70ecd432b9d0>, verb_extension=<colcon_core.verb.build.BuildVerb object at 0x70ecd432a9b0>, main=<bound method BuildVerb.main of <colcon_core.verb.build.BuildVerb object at 0x70ecd432a9b0>>)
[1.288s] Level 1:colcon.colcon_core.package_discovery:discover_packages(colcon_meta) check parameters
[1.288s] Level 1:colcon.colcon_core.package_discovery:discover_packages(recursive) check parameters
[1.288s] Level 1:colcon.colcon_core.package_discovery:discover_packages(ignore) check parameters
[1.288s] Level 1:colcon.colcon_core.package_discovery:discover_packages(path) check parameters
[1.288s] Level 1:colcon.colcon_core.package_discovery:discover_packages(colcon_meta) discover
[1.289s] Level 1:colcon.colcon_core.package_discovery:discover_packages(recursive) discover
[1.289s] INFO:colcon.colcon_core.package_discovery:Crawling recursively for packages in '/home/niuniu/mid360_ws'
[1.289s] Level 1:colcon.colcon_core.package_identification:_identify(.) by extensions ['ignore', 'ignore_ament_install']
[1.289s] Level 1:colcon.colcon_core.package_identification:_identify(.) by extension 'ignore'
[1.289s] Level 1:colcon.colcon_core.package_identification:_identify(.) by extension 'ignore_ament_install'
[1.289s] Level 1:colcon.colcon_core.package_identification:_identify(.) by extensions ['colcon_pkg']
[1.289s] Level 1:colcon.colcon_core.package_identification:_identify(.) by extension 'colcon_pkg'
[1.289s] Level 1:colcon.colcon_core.package_identification:_identify(.) by extensions ['colcon_meta']
[1.289s] Level 1:colcon.colcon_core.package_identification:_identify(.) by extension 'colcon_meta'
[1.289s] Level 1:colcon.colcon_core.package_identification:_identify(.) by extensions ['ros']
[1.289s] Level 1:colcon.colcon_core.package_identification:_identify(.) by extension 'ros'
[1.351s] Level 1:colcon.colcon_core.package_identification:_identify(.) by extensions ['cmake', 'python']
[1.351s] Level 1:colcon.colcon_core.package_identification:_identify(.) by extension 'cmake'
[1.351s] Level 1:colcon.colcon_core.package_identification:_identify(.) by extension 'python'
[1.351s] Level 1:colcon.colcon_core.package_identification:_identify(.) by extensions ['python_setup_py']
[1.351s] Level 1:colcon.colcon_core.package_identification:_identify(.) by extension 'python_setup_py'
[1.351s] Level 1:colcon.colcon_core.package_identification:_identify(build) by extensions ['ignore', 'ignore_ament_install']
[1.351s] Level 1:colcon.colcon_core.package_identification:_identify(build) by extension 'ignore'
[1.351s] Level 1:colcon.colcon_core.package_identification:_identify(build) ignored
[1.351s] Level 1:colcon.colcon_core.package_identification:_identify(install) by extensions ['ignore', 'ignore_ament_install']
[1.351s] Level 1:colcon.colcon_core.package_identification:_identify(install) by extension 'ignore'
[1.351s] Level 1:colcon.colcon_core.package_identification:_identify(install) ignored
[1.351s] Level 1:colcon.colcon_core.package_identification:_identify(log) by extensions ['ignore', 'ignore_ament_install']
[1.351s] Level 1:colcon.colcon_core.package_identification:_identify(log) by extension 'ignore'
[1.351s] Level 1:colcon.colcon_core.package_identification:_identify(log) ignored
[1.351s] Level 1:colcon.colcon_core.package_identification:_identify(src) by extensions ['ignore', 'ignore_ament_install']
[1.351s] Level 1:colcon.colcon_core.package_identification:_identify(src) by extension 'ignore'
[1.351s] Level 1:colcon.colcon_core.package_identification:_identify(src) by extension 'ignore_ament_install'
[1.352s] Level 1:colcon.colcon_core.package_identification:_identify(src) by extensions ['colcon_pkg']
[1.352s] Level 1:colcon.colcon_core.package_identification:_identify(src) by extension 'colcon_pkg'
[1.352s] Level 1:colcon.colcon_core.package_identification:_identify(src) by extensions ['colcon_meta']
[1.352s] Level 1:colcon.colcon_core.package_identification:_identify(src) by extension 'colcon_meta'
[1.352s] Level 1:colcon.colcon_core.package_identification:_identify(src) by extensions ['ros']
[1.352s] Level 1:colcon.colcon_core.package_identification:_identify(src) by extension 'ros'
[1.352s] Level 1:colcon.colcon_core.package_identification:_identify(src) by extensions ['cmake', 'python']
[1.352s] Level 1:colcon.colcon_core.package_identification:_identify(src) by extension 'cmake'
[1.352s] Level 1:colcon.colcon_core.package_identification:_identify(src) by extension 'python'
[1.352s] Level 1:colcon.colcon_core.package_identification:_identify(src) by extensions ['python_setup_py']
[1.352s] Level 1:colcon.colcon_core.package_identification:_identify(src) by extension 'python_setup_py'
[1.352s] Level 1:colcon.colcon_core.package_identification:_identify(src/Livox-SDK2) by extensions ['ignore', 'ignore_ament_install']
[1.352s] Level 1:colcon.colcon_core.package_identification:_identify(src/Livox-SDK2) by extension 'ignore'
[1.352s] Level 1:colcon.colcon_core.package_identification:_identify(src/Livox-SDK2) by extension 'ignore_ament_install'
[1.352s] Level 1:colcon.colcon_core.package_identification:_identify(src/Livox-SDK2) by extensions ['colcon_pkg']
[1.352s] Level 1:colcon.colcon_core.package_identification:_identify(src/Livox-SDK2) by extension 'colcon_pkg'
[1.352s] Level 1:colcon.colcon_core.package_identification:_identify(src/Livox-SDK2) by extensions ['colcon_meta']
[1.352s] Level 1:colcon.colcon_core.package_identification:_identify(src/Livox-SDK2) by extension 'colcon_meta'
[1.352s] Level 1:colcon.colcon_core.package_identification:_identify(src/Livox-SDK2) by extensions ['ros']
[1.352s] Level 1:colcon.colcon_core.package_identification:_identify(src/Livox-SDK2) by extension 'ros'
[1.352s] Level 1:colcon.colcon_core.package_identification:_identify(src/Livox-SDK2) by extensions ['cmake', 'python']
[1.352s] Level 1:colcon.colcon_core.package_identification:_identify(src/Livox-SDK2) by extension 'cmake'
[1.360s] Level 1:colcon.colcon_core.package_identification:_identify(src/Livox-SDK2) by extension 'python'
[1.360s] DEBUG:colcon.colcon_core.package_identification:Package 'src/Livox-SDK2' with type 'cmake' and name 'livox_sdk2'
[1.360s] Level 1:colcon.colcon_core.package_identification:_identify(src/rm_driver) by extensions ['ignore', 'ignore_ament_install']
[1.360s] Level 1:colcon.colcon_core.package_identification:_identify(src/rm_driver) by extension 'ignore'
[1.360s] Level 1:colcon.colcon_core.package_identification:_identify(src/rm_driver) by extension 'ignore_ament_install'
[1.361s] Level 1:colcon.colcon_core.package_identification:_identify(src/rm_driver) by extensions ['colcon_pkg']
[1.361s] Level 1:colcon.colcon_core.package_identification:_identify(src/rm_driver) by extension 'colcon_pkg'
[1.361s] Level 1:colcon.colcon_core.package_identification:_identify(src/rm_driver) by extensions ['colcon_meta']
[1.362s] Level 1:colcon.colcon_core.package_identification:_identify(src/rm_driver) by extension 'colcon_meta'
[1.362s] Level 1:colcon.colcon_core.package_identification:_identify(src/rm_driver) by extensions ['ros']
[1.362s] Level 1:colcon.colcon_core.package_identification:_identify(src/rm_driver) by extension 'ros'
[1.362s] Level 1:colcon.colcon_core.package_identification:_identify(src/rm_driver) by extensions ['cmake', 'python']
[1.362s] Level 1:colcon.colcon_core.package_identification:_identify(src/rm_driver) by extension 'cmake'
[1.362s] Level 1:colcon.colcon_core.package_identification:_identify(src/rm_driver) by extension 'python'
[1.362s] Level 1:colcon.colcon_core.package_identification:_identify(src/rm_driver) by extensions ['python_setup_py']
[1.362s] Level 1:colcon.colcon_core.package_identification:_identify(src/rm_driver) by extension 'python_setup_py'
[1.362s] Level 1:colcon.colcon_core.package_identification:_identify(src/rm_driver/livox_ros_driver2) by extensions ['ignore', 'ignore_ament_install']
[1.362s] Level 1:colcon.colcon_core.package_identification:_identify(src/rm_driver/livox_ros_driver2) by extension 'ignore'
[1.362s] Level 1:colcon.colcon_core.package_identification:_identify(src/rm_driver/livox_ros_driver2) by extension 'ignore_ament_install'
[1.362s] Level 1:colcon.colcon_core.package_identification:_identify(src/rm_driver/livox_ros_driver2) by extensions ['colcon_pkg']
[1.362s] Level 1:colcon.colcon_core.package_identification:_identify(src/rm_driver/livox_ros_driver2) by extension 'colcon_pkg'
[1.362s] Level 1:colcon.colcon_core.package_identification:_identify(src/rm_driver/livox_ros_driver2) by extensions ['colcon_meta']
[1.362s] Level 1:colcon.colcon_core.package_identification:_identify(src/rm_driver/livox_ros_driver2) by extension 'colcon_meta'
[1.362s] Level 1:colcon.colcon_core.package_identification:_identify(src/rm_driver/livox_ros_driver2) by extensions ['ros']
[1.362s] Level 1:colcon.colcon_core.package_identification:_identify(src/rm_driver/livox_ros_driver2) by extension 'ros'
[1.370s] DEBUG:colcon.colcon_core.package_identification:Package 'src/rm_driver/livox_ros_driver2' with type 'ros.ament_cmake' and name 'livox_ros_driver2'
[1.370s] Level 1:colcon.colcon_core.package_identification:_identify(src/rm_localization) by extensions ['ignore', 'ignore_ament_install']
[1.370s] Level 1:colcon.colcon_core.package_identification:_identify(src/rm_localization) by extension 'ignore'
[1.370s] Level 1:colcon.colcon_core.package_identification:_identify(src/rm_localization) by extension 'ignore_ament_install'
[1.370s] Level 1:colcon.colcon_core.package_identification:_identify(src/rm_localization) by extensions ['colcon_pkg']
[1.370s] Level 1:colcon.colcon_core.package_identification:_identify(src/rm_localization) by extension 'colcon_pkg'
[1.370s] Level 1:colcon.colcon_core.package_identification:_identify(src/rm_localization) by extensions ['colcon_meta']
[1.370s] Level 1:colcon.colcon_core.package_identification:_identify(src/rm_localization) by extension 'colcon_meta'
[1.370s] Level 1:colcon.colcon_core.package_identification:_identify(src/rm_localization) by extensions ['ros']
[1.370s] Level 1:colcon.colcon_core.package_identification:_identify(src/rm_localization) by extension 'ros'
[1.370s] Level 1:colcon.colcon_core.package_identification:_identify(src/rm_localization) by extensions ['cmake', 'python']
[1.370s] Level 1:colcon.colcon_core.package_identification:_identify(src/rm_localization) by extension 'cmake'
[1.370s] Level 1:colcon.colcon_core.package_identification:_identify(src/rm_localization) by extension 'python'
[1.370s] Level 1:colcon.colcon_core.package_identification:_identify(src/rm_localization) by extensions ['python_setup_py']
[1.370s] Level 1:colcon.colcon_core.package_identification:_identify(src/rm_localization) by extension 'python_setup_py'
[1.370s] Level 1:colcon.colcon_core.package_identification:_identify(src/rm_localization/FAST_LIO) by extensions ['ignore', 'ignore_ament_install']
[1.370s] Level 1:colcon.colcon_core.package_identification:_identify(src/rm_localization/FAST_LIO) by extension 'ignore'
[1.370s] Level 1:colcon.colcon_core.package_identification:_identify(src/rm_localization/FAST_LIO) by extension 'ignore_ament_install'
[1.371s] Level 1:colcon.colcon_core.package_identification:_identify(src/rm_localization/FAST_LIO) by extensions ['colcon_pkg']
[1.371s] Level 1:colcon.colcon_core.package_identification:_identify(src/rm_localization/FAST_LIO) by extension 'colcon_pkg'
[1.371s] Level 1:colcon.colcon_core.package_identification:_identify(src/rm_localization/FAST_LIO) by extensions ['colcon_meta']
[1.371s] Level 1:colcon.colcon_core.package_identification:_identify(src/rm_localization/FAST_LIO) by extension 'colcon_meta'
[1.371s] Level 1:colcon.colcon_core.package_identification:_identify(src/rm_localization/FAST_LIO) by extensions ['ros']
[1.371s] Level 1:colcon.colcon_core.package_identification:_identify(src/rm_localization/FAST_LIO) by extension 'ros'
[1.372s] DEBUG:colcon.colcon_core.package_identification:Package 'src/rm_localization/FAST_LIO' with type 'ros.ament_cmake' and name 'fast_lio'
[1.372s] Level 1:colcon.colcon_core.package_identification:_identify(src/rm_navigation) by extensions ['ignore', 'ignore_ament_install']
[1.372s] Level 1:colcon.colcon_core.package_identification:_identify(src/rm_navigation) by extension 'ignore'
[1.372s] Level 1:colcon.colcon_core.package_identification:_identify(src/rm_navigation) by extension 'ignore_ament_install'
[1.372s] Level 1:colcon.colcon_core.package_identification:_identify(src/rm_navigation) by extensions ['colcon_pkg']
[1.372s] Level 1:colcon.colcon_core.package_identification:_identify(src/rm_navigation) by extension 'colcon_pkg'
[1.372s] Level 1:colcon.colcon_core.package_identification:_identify(src/rm_navigation) by extensions ['colcon_meta']
[1.372s] Level 1:colcon.colcon_core.package_identification:_identify(src/rm_navigation) by extension 'colcon_meta'
[1.372s] Level 1:colcon.colcon_core.package_identification:_identify(src/rm_navigation) by extensions ['ros']
[1.372s] Level 1:colcon.colcon_core.package_identification:_identify(src/rm_navigation) by extension 'ros'
[1.372s] Level 1:colcon.colcon_core.package_identification:_identify(src/rm_navigation) by extensions ['cmake', 'python']
[1.372s] Level 1:colcon.colcon_core.package_identification:_identify(src/rm_navigation) by extension 'cmake'
[1.372s] Level 1:colcon.colcon_core.package_identification:_identify(src/rm_navigation) by extension 'python'
[1.372s] Level 1:colcon.colcon_core.package_identification:_identify(src/rm_navigation) by extensions ['python_setup_py']
[1.373s] Level 1:colcon.colcon_core.package_identification:_identify(src/rm_navigation) by extension 'python_setup_py'
[1.373s] Level 1:colcon.colcon_core.package_identification:_identify(src/rm_navigation/src) by extensions ['ignore', 'ignore_ament_install']
[1.373s] Level 1:colcon.colcon_core.package_identification:_identify(src/rm_navigation/src) by extension 'ignore'
[1.373s] Level 1:colcon.colcon_core.package_identification:_identify(src/rm_navigation/src) by extension 'ignore_ament_install'
[1.373s] Level 1:colcon.colcon_core.package_identification:_identify(src/rm_navigation/src) by extensions ['colcon_pkg']
[1.373s] Level 1:colcon.colcon_core.package_identification:_identify(src/rm_navigation/src) by extension 'colcon_pkg'
[1.373s] Level 1:colcon.colcon_core.package_identification:_identify(src/rm_navigation/src) by extensions ['colcon_meta']
[1.373s] Level 1:colcon.colcon_core.package_identification:_identify(src/rm_navigation/src) by extension 'colcon_meta'
[1.373s] Level 1:colcon.colcon_core.package_identification:_identify(src/rm_navigation/src) by extensions ['ros']
[1.373s] Level 1:colcon.colcon_core.package_identification:_identify(src/rm_navigation/src) by extension 'ros'
[1.373s] Level 1:colcon.colcon_core.package_identification:_identify(src/rm_navigation/src) by extensions ['cmake', 'python']
[1.373s] Level 1:colcon.colcon_core.package_identification:_identify(src/rm_navigation/src) by extension 'cmake'
[1.373s] Level 1:colcon.colcon_core.package_identification:_identify(src/rm_navigation/src) by extension 'python'
[1.373s] Level 1:colcon.colcon_core.package_identification:_identify(src/rm_navigation/src) by extensions ['python_setup_py']
[1.373s] Level 1:colcon.colcon_core.package_identification:_identify(src/rm_navigation/src) by extension 'python_setup_py'
[1.373s] Level 1:colcon.colcon_core.package_identification:_identify(src/rm_navigation/third_party) by extensions ['ignore', 'ignore_ament_install']
[1.373s] Level 1:colcon.colcon_core.package_identification:_identify(src/rm_navigation/third_party) by extension 'ignore'
[1.373s] Level 1:colcon.colcon_core.package_identification:_identify(src/rm_navigation/third_party) by extension 'ignore_ament_install'
[1.373s] Level 1:colcon.colcon_core.package_identification:_identify(src/rm_navigation/third_party) by extensions ['colcon_pkg']
[1.373s] Level 1:colcon.colcon_core.package_identification:_identify(src/rm_navigation/third_party) by extension 'colcon_pkg'
[1.373s] Level 1:colcon.colcon_core.package_identification:_identify(src/rm_navigation/third_party) by extensions ['colcon_meta']
[1.373s] Level 1:colcon.colcon_core.package_identification:_identify(src/rm_navigation/third_party) by extension 'colcon_meta'
[1.374s] Level 1:colcon.colcon_core.package_identification:_identify(src/rm_navigation/third_party) by extensions ['ros']
[1.374s] Level 1:colcon.colcon_core.package_identification:_identify(src/rm_navigation/third_party) by extension 'ros'
[1.374s] Level 1:colcon.colcon_core.package_identification:_identify(src/rm_navigation/third_party) by extensions ['cmake', 'python']
[1.374s] Level 1:colcon.colcon_core.package_identification:_identify(src/rm_navigation/third_party) by extension 'cmake'
[1.374s] Level 1:colcon.colcon_core.package_identification:_identify(src/rm_navigation/third_party) by extension 'python'
[1.374s] Level 1:colcon.colcon_core.package_identification:_identify(src/rm_navigation/third_party) by extensions ['python_setup_py']
[1.374s] Level 1:colcon.colcon_core.package_identification:_identify(src/rm_navigation/third_party) by extension 'python_setup_py'
[1.374s] Level 1:colcon.colcon_core.package_discovery:discover_packages(recursive) using defaults
[1.374s] Level 1:colcon.colcon_core.package_discovery:discover_packages(ignore) discover
[1.374s] Level 1:colcon.colcon_core.package_discovery:discover_packages(ignore) using defaults
[1.374s] Level 1:colcon.colcon_core.package_discovery:discover_packages(path) discover
[1.374s] Level 1:colcon.colcon_core.package_discovery:discover_packages(path) using defaults
[1.469s] Level 1:colcon.colcon_core.package_discovery:discover_packages(prefix_path) check parameters
[1.469s] Level 1:colcon.colcon_core.package_discovery:discover_packages(prefix_path) discover
[1.476s] DEBUG:colcon.colcon_installed_package_information.package_discovery:Found 3 installed packages in /home/niuniu/mid360_ws/install
[1.483s] DEBUG:colcon.colcon_installed_package_information.package_discovery:Found 2 installed packages in /home/niuniu/ydlidar_ws/install
[1.488s] DEBUG:colcon.colcon_installed_package_information.package_discovery:Found 303 installed packages in /opt/ros/humble
[1.511s] Level 1:colcon.colcon_core.package_discovery:discover_packages(prefix_path) using defaults
[1.720s] Level 5:colcon.colcon_core.verb:set package 'livox_ros_driver2' build argument 'cmake_args' from command line to 'None'
[1.720s] Level 5:colcon.colcon_core.verb:set package 'livox_ros_driver2' build argument 'cmake_target' from command line to 'None'
[1.720s] Level 5:colcon.colcon_core.verb:set package 'livox_ros_driver2' build argument 'cmake_target_skip_unavailable' from command line to 'False'
[1.720s] Level 5:colcon.colcon_core.verb:set package 'livox_ros_driver2' build argument 'cmake_clean_cache' from command line to 'False'
[1.720s] Level 5:colcon.colcon_core.verb:set package 'livox_ros_driver2' build argument 'cmake_clean_first' from command line to 'False'
[1.720s] Level 5:colcon.colcon_core.verb:set package 'livox_ros_driver2' build argument 'cmake_force_configure' from command line to 'False'
[1.720s] Level 5:colcon.colcon_core.verb:set package 'livox_ros_driver2' build argument 'ament_cmake_args' from command line to 'None'
[1.720s] Level 5:colcon.colcon_core.verb:set package 'livox_ros_driver2' build argument 'catkin_cmake_args' from command line to 'None'
[1.720s] Level 5:colcon.colcon_core.verb:set package 'livox_ros_driver2' build argument 'catkin_skip_building_tests' from command line to 'False'
[1.720s] DEBUG:colcon.colcon_core.verb:Building package 'livox_ros_driver2' with the following arguments: {'ament_cmake_args': None, 'build_base': '/home/niuniu/mid360_ws/build/livox_ros_driver2', 'catkin_cmake_args': None, 'catkin_skip_building_tests': False, 'cmake_args': None, 'cmake_clean_cache': False, 'cmake_clean_first': False, 'cmake_force_configure': False, 'cmake_target': None, 'cmake_target_skip_unavailable': False, 'install_base': '/home/niuniu/mid360_ws/install/livox_ros_driver2', 'merge_install': False, 'path': '/home/niuniu/mid360_ws/src/rm_driver/livox_ros_driver2', 'symlink_install': False, 'test_result_base': None}
[1.720s] Level 5:colcon.colcon_core.verb:set package 'livox_sdk2' build argument 'cmake_args' from command line to 'None'
[1.720s] Level 5:colcon.colcon_core.verb:set package 'livox_sdk2' build argument 'cmake_target' from command line to 'None'
[1.720s] Level 5:colcon.colcon_core.verb:set package 'livox_sdk2' build argument 'cmake_target_skip_unavailable' from command line to 'False'
[1.720s] Level 5:colcon.colcon_core.verb:set package 'livox_sdk2' build argument 'cmake_clean_cache' from command line to 'False'
[1.720s] Level 5:colcon.colcon_core.verb:set package 'livox_sdk2' build argument 'cmake_clean_first' from command line to 'False'
[1.720s] Level 5:colcon.colcon_core.verb:set package 'livox_sdk2' build argument 'cmake_force_configure' from command line to 'False'
[1.720s] Level 5:colcon.colcon_core.verb:set package 'livox_sdk2' build argument 'ament_cmake_args' from command line to 'None'
[1.720s] Level 5:colcon.colcon_core.verb:set package 'livox_sdk2' build argument 'catkin_cmake_args' from command line to 'None'
[1.720s] Level 5:colcon.colcon_core.verb:set package 'livox_sdk2' build argument 'catkin_skip_building_tests' from command line to 'False'
[1.720s] DEBUG:colcon.colcon_core.verb:Building package 'livox_sdk2' with the following arguments: {'ament_cmake_args': None, 'build_base': '/home/niuniu/mid360_ws/build/livox_sdk2', 'catkin_cmake_args': None, 'catkin_skip_building_tests': False, 'cmake_args': None, 'cmake_clean_cache': False, 'cmake_clean_first': False, 'cmake_force_configure': False, 'cmake_target': None, 'cmake_target_skip_unavailable': False, 'install_base': '/home/niuniu/mid360_ws/install/livox_sdk2', 'merge_install': False, 'path': '/home/niuniu/mid360_ws/src/Livox-SDK2', 'symlink_install': False, 'test_result_base': None}
[1.721s] Level 5:colcon.colcon_core.verb:set package 'fast_lio' build argument 'cmake_args' from command line to 'None'
[1.721s] Level 5:colcon.colcon_core.verb:set package 'fast_lio' build argument 'cmake_target' from command line to 'None'
[1.721s] Level 5:colcon.colcon_core.verb:set package 'fast_lio' build argument 'cmake_target_skip_unavailable' from command line to 'False'
[1.721s] Level 5:colcon.colcon_core.verb:set package 'fast_lio' build argument 'cmake_clean_cache' from command line to 'False'
[1.721s] Level 5:colcon.colcon_core.verb:set package 'fast_lio' build argument 'cmake_clean_first' from command line to 'False'
[1.721s] Level 5:colcon.colcon_core.verb:set package 'fast_lio' build argument 'cmake_force_configure' from command line to 'False'
[1.721s] Level 5:colcon.colcon_core.verb:set package 'fast_lio' build argument 'ament_cmake_args' from command line to 'None'
[1.721s] Level 5:colcon.colcon_core.verb:set package 'fast_lio' build argument 'catkin_cmake_args' from command line to 'None'
[1.721s] Level 5:colcon.colcon_core.verb:set package 'fast_lio' build argument 'catkin_skip_building_tests' from command line to 'False'
[1.721s] DEBUG:colcon.colcon_core.verb:Building package 'fast_lio' with the following arguments: {'ament_cmake_args': None, 'build_base': '/home/niuniu/mid360_ws/build/fast_lio', 'catkin_cmake_args': None, 'catkin_skip_building_tests': False, 'cmake_args': None, 'cmake_clean_cache': False, 'cmake_clean_first': False, 'cmake_force_configure': False, 'cmake_target': None, 'cmake_target_skip_unavailable': False, 'install_base': '/home/niuniu/mid360_ws/install/fast_lio', 'merge_install': False, 'path': '/home/niuniu/mid360_ws/src/rm_localization/FAST_LIO', 'symlink_install': False, 'test_result_base': None}
[1.721s] INFO:colcon.colcon_core.executor:Executing jobs using 'parallel' executor
[1.722s] DEBUG:colcon.colcon_parallel_executor.executor.parallel:run_until_complete
[1.723s] INFO:colcon.colcon_ros.task.ament_cmake.build:Building ROS package in '/home/niuniu/mid360_ws/src/rm_driver/livox_ros_driver2' with build type 'ament_cmake'
[1.723s] INFO:colcon.colcon_cmake.task.cmake.build:Building CMake package in '/home/niuniu/mid360_ws/src/rm_driver/livox_ros_driver2'
[1.732s] INFO:colcon.colcon_core.plugin_system:Skipping extension 'colcon_core.shell.bat': Not used on non-Windows systems
[1.733s] INFO:colcon.colcon_core.shell:Skip shell extension 'powershell' for command environment: Not usable outside of PowerShell
[1.733s] DEBUG:colcon.colcon_core.shell:Skip shell extension 'dsv' for command environment
[1.738s] INFO:colcon.colcon_cmake.task.cmake.build:Building CMake package in '/home/niuniu/mid360_ws/src/Livox-SDK2'
[1.738s] INFO:colcon.colcon_core.shell:Skip shell extension 'powershell' for command environment: Not usable outside of PowerShell
[1.738s] DEBUG:colcon.colcon_core.shell:Skip shell extension 'dsv' for command environment
[1.754s] DEBUG:colcon.colcon_core.event_handler.log_command:Invoking command in '/home/niuniu/mid360_ws/build/livox_ros_driver2': CMAKE_PREFIX_PATH=${CMAKE_PREFIX_PATH}:/opt/ros/humble /usr/bin/cmake /home/niuniu/mid360_ws/src/rm_driver/livox_ros_driver2 -DCMAKE_INSTALL_PREFIX=/home/niuniu/mid360_ws/install/livox_ros_driver2
[1.763s] DEBUG:colcon.colcon_core.event_handler.log_command:Invoking command in '/home/niuniu/mid360_ws/build/livox_sdk2': /usr/bin/cmake /home/niuniu/mid360_ws/src/Livox-SDK2 -DCMAKE_INSTALL_PREFIX=/home/niuniu/mid360_ws/install/livox_sdk2
[1.900s] DEBUG:colcon.colcon_core.event_handler.log_command:Invoked command in '/home/niuniu/mid360_ws/build/livox_sdk2' returned '0': /usr/bin/cmake /home/niuniu/mid360_ws/src/Livox-SDK2 -DCMAKE_INSTALL_PREFIX=/home/niuniu/mid360_ws/install/livox_sdk2
[1.900s] DEBUG:colcon.colcon_core.event_handler.log_command:Invoking command in '/home/niuniu/mid360_ws/build/livox_sdk2': /usr/bin/cmake --build /home/niuniu/mid360_ws/build/livox_sdk2 -- -j8 -l8
[2.287s] DEBUG:colcon.colcon_core.event_handler.log_command:Invoked command in '/home/niuniu/mid360_ws/build/livox_sdk2' returned '0': /usr/bin/cmake --build /home/niuniu/mid360_ws/build/livox_sdk2 -- -j8 -l8
[2.301s] DEBUG:colcon.colcon_core.event_handler.log_command:Invoking command in '/home/niuniu/mid360_ws/build/livox_sdk2': /usr/bin/cmake --install /home/niuniu/mid360_ws/build/livox_sdk2
[2.312s] Level 1:colcon.colcon_core.environment:create_environment_scripts_only(livox_sdk2)
[2.313s] DEBUG:colcon.colcon_core.event_handler.log_command:Invoked command in '/home/niuniu/mid360_ws/build/livox_sdk2' returned '0': /usr/bin/cmake --install /home/niuniu/mid360_ws/build/livox_sdk2
[2.324s] Level 1:colcon.colcon_core.environment:checking '/home/niuniu/mid360_ws/install/livox_sdk2' for CMake module files
[2.324s] Level 1:colcon.colcon_core.environment:checking '/home/niuniu/mid360_ws/install/livox_sdk2' for CMake config files
[2.325s] Level 1:colcon.colcon_core.environment:checking '/home/niuniu/mid360_ws/install/livox_sdk2/lib'
[2.325s] Level 1:colcon.colcon_core.shell:create_environment_hook('livox_sdk2', 'ld_library_path_lib')
[2.325s] INFO:colcon.colcon_core.shell:Creating environment hook '/home/niuniu/mid360_ws/install/livox_sdk2/share/livox_sdk2/hook/ld_library_path_lib.ps1'
[2.326s] INFO:colcon.colcon_core.shell:Creating environment descriptor '/home/niuniu/mid360_ws/install/livox_sdk2/share/livox_sdk2/hook/ld_library_path_lib.dsv'
[2.326s] INFO:colcon.colcon_core.shell:Creating environment hook '/home/niuniu/mid360_ws/install/livox_sdk2/share/livox_sdk2/hook/ld_library_path_lib.sh'
[2.326s] Level 1:colcon.colcon_core.environment:checking '/home/niuniu/mid360_ws/install/livox_sdk2/bin'
[2.326s] Level 1:colcon.colcon_core.environment:checking '/home/niuniu/mid360_ws/install/livox_sdk2/lib/pkgconfig/livox_sdk2.pc'
[2.327s] Level 1:colcon.colcon_core.environment:checking '/home/niuniu/mid360_ws/install/livox_sdk2/lib/python3.10/site-packages'
[2.327s] Level 1:colcon.colcon_core.environment:checking '/home/niuniu/mid360_ws/install/livox_sdk2/bin'
[2.327s] INFO:colcon.colcon_core.shell:Creating package script '/home/niuniu/mid360_ws/install/livox_sdk2/share/livox_sdk2/package.ps1'
[2.327s] INFO:colcon.colcon_core.shell:Creating package descriptor '/home/niuniu/mid360_ws/install/livox_sdk2/share/livox_sdk2/package.dsv'
[2.328s] INFO:colcon.colcon_core.shell:Creating package script '/home/niuniu/mid360_ws/install/livox_sdk2/share/livox_sdk2/package.sh'
[2.328s] INFO:colcon.colcon_core.shell:Creating package script '/home/niuniu/mid360_ws/install/livox_sdk2/share/livox_sdk2/package.bash'
[2.329s] INFO:colcon.colcon_core.shell:Creating package script '/home/niuniu/mid360_ws/install/livox_sdk2/share/livox_sdk2/package.zsh'
[2.329s] Level 1:colcon.colcon_core.environment:create_file_with_runtime_dependencies(/home/niuniu/mid360_ws/install/livox_sdk2/share/colcon-core/packages/livox_sdk2)
[5.791s] DEBUG:colcon.colcon_core.event_handler.log_command:Invoked command in '/home/niuniu/mid360_ws/build/livox_ros_driver2' returned '0': CMAKE_PREFIX_PATH=${CMAKE_PREFIX_PATH}:/opt/ros/humble /usr/bin/cmake /home/niuniu/mid360_ws/src/rm_driver/livox_ros_driver2 -DCMAKE_INSTALL_PREFIX=/home/niuniu/mid360_ws/install/livox_ros_driver2
[5.796s] DEBUG:colcon.colcon_core.event_handler.log_command:Invoking command in '/home/niuniu/mid360_ws/build/livox_ros_driver2': CMAKE_PREFIX_PATH=${CMAKE_PREFIX_PATH}:/opt/ros/humble /usr/bin/cmake --build /home/niuniu/mid360_ws/build/livox_ros_driver2 -- -j8 -l8
[6.175s] DEBUG:colcon.colcon_core.event_handler.log_command:Invoked command in '/home/niuniu/mid360_ws/build/livox_ros_driver2' returned '0': CMAKE_PREFIX_PATH=${CMAKE_PREFIX_PATH}:/opt/ros/humble /usr/bin/cmake --build /home/niuniu/mid360_ws/build/livox_ros_driver2 -- -j8 -l8
[6.180s] DEBUG:colcon.colcon_core.event_handler.log_command:Invoking command in '/home/niuniu/mid360_ws/build/livox_ros_driver2': CMAKE_PREFIX_PATH=${CMAKE_PREFIX_PATH}:/opt/ros/humble /usr/bin/cmake --install /home/niuniu/mid360_ws/build/livox_ros_driver2
[6.236s] Level 1:colcon.colcon_core.environment:create_environment_scripts_only(livox_ros_driver2)
[6.236s] Level 1:colcon.colcon_core.environment:checking '/home/niuniu/mid360_ws/install/livox_ros_driver2' for CMake module files
[6.237s] DEBUG:colcon.colcon_core.event_handler.log_command:Invoked command in '/home/niuniu/mid360_ws/build/livox_ros_driver2' returned '0': CMAKE_PREFIX_PATH=${CMAKE_PREFIX_PATH}:/opt/ros/humble /usr/bin/cmake --install /home/niuniu/mid360_ws/build/livox_ros_driver2
[6.237s] Level 1:colcon.colcon_core.environment:checking '/home/niuniu/mid360_ws/install/livox_ros_driver2' for CMake config files
[6.238s] Level 1:colcon.colcon_core.shell:create_environment_hook('livox_ros_driver2', 'cmake_prefix_path')
[6.238s] INFO:colcon.colcon_core.shell:Creating environment hook '/home/niuniu/mid360_ws/install/livox_ros_driver2/share/livox_ros_driver2/hook/cmake_prefix_path.ps1'
[6.238s] INFO:colcon.colcon_core.shell:Creating environment descriptor '/home/niuniu/mid360_ws/install/livox_ros_driver2/share/livox_ros_driver2/hook/cmake_prefix_path.dsv'
[6.239s] INFO:colcon.colcon_core.shell:Creating environment hook '/home/niuniu/mid360_ws/install/livox_ros_driver2/share/livox_ros_driver2/hook/cmake_prefix_path.sh'
[6.239s] Level 1:colcon.colcon_core.environment:checking '/home/niuniu/mid360_ws/install/livox_ros_driver2/lib'
[6.239s] Level 1:colcon.colcon_core.shell:create_environment_hook('livox_ros_driver2', 'ld_library_path_lib')
[6.239s] INFO:colcon.colcon_core.shell:Creating environment hook '/home/niuniu/mid360_ws/install/livox_ros_driver2/share/livox_ros_driver2/hook/ld_library_path_lib.ps1'
[6.240s] INFO:colcon.colcon_core.shell:Creating environment descriptor '/home/niuniu/mid360_ws/install/livox_ros_driver2/share/livox_ros_driver2/hook/ld_library_path_lib.dsv'
[6.240s] INFO:colcon.colcon_core.shell:Creating environment hook '/home/niuniu/mid360_ws/install/livox_ros_driver2/share/livox_ros_driver2/hook/ld_library_path_lib.sh'
[6.241s] Level 1:colcon.colcon_core.environment:checking '/home/niuniu/mid360_ws/install/livox_ros_driver2/bin'
[6.241s] Level 1:colcon.colcon_core.environment:checking '/home/niuniu/mid360_ws/install/livox_ros_driver2/lib/pkgconfig/livox_ros_driver2.pc'
[6.241s] Level 1:colcon.colcon_core.environment:checking '/home/niuniu/mid360_ws/install/livox_ros_driver2/lib/python3.10/site-packages'
[6.241s] Level 1:colcon.colcon_core.environment:checking '/home/niuniu/mid360_ws/install/livox_ros_driver2/bin'
[6.241s] INFO:colcon.colcon_core.shell:Creating package script '/home/niuniu/mid360_ws/install/livox_ros_driver2/share/livox_ros_driver2/package.ps1'
[6.241s] INFO:colcon.colcon_core.shell:Creating package descriptor '/home/niuniu/mid360_ws/install/livox_ros_driver2/share/livox_ros_driver2/package.dsv'
[6.242s] INFO:colcon.colcon_core.shell:Creating package script '/home/niuniu/mid360_ws/install/livox_ros_driver2/share/livox_ros_driver2/package.sh'
[6.242s] INFO:colcon.colcon_core.shell:Creating package script '/home/niuniu/mid360_ws/install/livox_ros_driver2/share/livox_ros_driver2/package.bash'
[6.243s] INFO:colcon.colcon_core.shell:Creating package script '/home/niuniu/mid360_ws/install/livox_ros_driver2/share/livox_ros_driver2/package.zsh'
[6.243s] Level 1:colcon.colcon_core.environment:create_file_with_runtime_dependencies(/home/niuniu/mid360_ws/install/livox_ros_driver2/share/colcon-core/packages/livox_ros_driver2)
[6.244s] Level 1:colcon.colcon_core.environment:create_environment_scripts_only(livox_ros_driver2)
[6.244s] Level 1:colcon.colcon_core.environment:checking '/home/niuniu/mid360_ws/install/livox_ros_driver2' for CMake module files
[6.245s] Level 1:colcon.colcon_core.environment:checking '/home/niuniu/mid360_ws/install/livox_ros_driver2' for CMake config files
[6.245s] Level 1:colcon.colcon_core.shell:create_environment_hook('livox_ros_driver2', 'cmake_prefix_path')
[6.245s] INFO:colcon.colcon_core.shell:Creating environment hook '/home/niuniu/mid360_ws/install/livox_ros_driver2/share/livox_ros_driver2/hook/cmake_prefix_path.ps1'
[6.245s] INFO:colcon.colcon_core.shell:Creating environment descriptor '/home/niuniu/mid360_ws/install/livox_ros_driver2/share/livox_ros_driver2/hook/cmake_prefix_path.dsv'
[6.246s] INFO:colcon.colcon_core.shell:Creating environment hook '/home/niuniu/mid360_ws/install/livox_ros_driver2/share/livox_ros_driver2/hook/cmake_prefix_path.sh'
[6.246s] Level 1:colcon.colcon_core.environment:checking '/home/niuniu/mid360_ws/install/livox_ros_driver2/lib'
[6.247s] Level 1:colcon.colcon_core.shell:create_environment_hook('livox_ros_driver2', 'ld_library_path_lib')
[6.247s] INFO:colcon.colcon_core.shell:Creating environment hook '/home/niuniu/mid360_ws/install/livox_ros_driver2/share/livox_ros_driver2/hook/ld_library_path_lib.ps1'
[6.247s] INFO:colcon.colcon_core.shell:Creating environment descriptor '/home/niuniu/mid360_ws/install/livox_ros_driver2/share/livox_ros_driver2/hook/ld_library_path_lib.dsv'
[6.247s] INFO:colcon.colcon_core.shell:Creating environment hook '/home/niuniu/mid360_ws/install/livox_ros_driver2/share/livox_ros_driver2/hook/ld_library_path_lib.sh'
[6.248s] Level 1:colcon.colcon_core.environment:checking '/home/niuniu/mid360_ws/install/livox_ros_driver2/bin'
[6.248s] Level 1:colcon.colcon_core.environment:checking '/home/niuniu/mid360_ws/install/livox_ros_driver2/lib/pkgconfig/livox_ros_driver2.pc'
[6.248s] Level 1:colcon.colcon_core.environment:checking '/home/niuniu/mid360_ws/install/livox_ros_driver2/lib/python3.10/site-packages'
[6.248s] Level 1:colcon.colcon_core.environment:checking '/home/niuniu/mid360_ws/install/livox_ros_driver2/bin'
[6.248s] INFO:colcon.colcon_core.shell:Creating package script '/home/niuniu/mid360_ws/install/livox_ros_driver2/share/livox_ros_driver2/package.ps1'
[6.249s] INFO:colcon.colcon_core.shell:Creating package descriptor '/home/niuniu/mid360_ws/install/livox_ros_driver2/share/livox_ros_driver2/package.dsv'
[6.249s] INFO:colcon.colcon_core.shell:Creating package script '/home/niuniu/mid360_ws/install/livox_ros_driver2/share/livox_ros_driver2/package.sh'
[6.250s] INFO:colcon.colcon_core.shell:Creating package script '/home/niuniu/mid360_ws/install/livox_ros_driver2/share/livox_ros_driver2/package.bash'
[6.250s] INFO:colcon.colcon_core.shell:Creating package script '/home/niuniu/mid360_ws/install/livox_ros_driver2/share/livox_ros_driver2/package.zsh'
[6.250s] Level 1:colcon.colcon_core.environment:create_file_with_runtime_dependencies(/home/niuniu/mid360_ws/install/livox_ros_driver2/share/colcon-core/packages/livox_ros_driver2)
[6.251s] INFO:colcon.colcon_ros.task.ament_cmake.build:Building ROS package in '/home/niuniu/mid360_ws/src/rm_localization/FAST_LIO' with build type 'ament_cmake'
[6.251s] INFO:colcon.colcon_cmake.task.cmake.build:Building CMake package in '/home/niuniu/mid360_ws/src/rm_localization/FAST_LIO'
[6.251s] INFO:colcon.colcon_core.shell:Skip shell extension 'powershell' for command environment: Not usable outside of PowerShell
[6.251s] DEBUG:colcon.colcon_core.shell:Skip shell extension 'dsv' for command environment
[6.268s] DEBUG:colcon.colcon_core.event_handler.log_command:Invoking command in '/home/niuniu/mid360_ws/build/fast_lio': CMAKE_PREFIX_PATH=/home/niuniu/mid360_ws/install/livox_ros_driver2:/home/niuniu/mid360_ws/install/fast_lio:/home/niuniu/ydlidar_ws/install/ydlidar_ros2_driver:/opt/ros/humble LD_LIBRARY_PATH=/home/niuniu/mid360_ws/install/livox_ros_driver2/lib:/home/niuniu/mid360_ws/install/livox_sdk2/lib:/home/niuniu/mid360_ws/install/fast_lio/lib:/lib:/opt/ros/humble/lib:/lib:/opt/ros/humble/lib:/usr/lib/x86_64-linux-gnu/gazebo-11/plugins:/opt/ros/humble/opt/rviz_ogre_vendor/lib:/opt/ros/humble/lib/x86_64-linux-gnu:/opt/ros/humble/lib:/usr/local/lib:/usr/local/lib /usr/bin/cmake /home/niuniu/mid360_ws/src/rm_localization/FAST_LIO -DCMAKE_INSTALL_PREFIX=/home/niuniu/mid360_ws/install/fast_lio
[8.536s] DEBUG:colcon.colcon_core.event_handler.log_command:Invoked command in '/home/niuniu/mid360_ws/build/fast_lio' returned '0': CMAKE_PREFIX_PATH=/home/niuniu/mid360_ws/install/livox_ros_driver2:/home/niuniu/mid360_ws/install/fast_lio:/home/niuniu/ydlidar_ws/install/ydlidar_ros2_driver:/opt/ros/humble LD_LIBRARY_PATH=/home/niuniu/mid360_ws/install/livox_ros_driver2/lib:/home/niuniu/mid360_ws/install/livox_sdk2/lib:/home/niuniu/mid360_ws/install/fast_lio/lib:/lib:/opt/ros/humble/lib:/lib:/opt/ros/humble/lib:/usr/lib/x86_64-linux-gnu/gazebo-11/plugins:/opt/ros/humble/opt/rviz_ogre_vendor/lib:/opt/ros/humble/lib/x86_64-linux-gnu:/opt/ros/humble/lib:/usr/local/lib:/usr/local/lib /usr/bin/cmake /home/niuniu/mid360_ws/src/rm_localization/FAST_LIO -DCMAKE_INSTALL_PREFIX=/home/niuniu/mid360_ws/install/fast_lio
[8.540s] DEBUG:colcon.colcon_core.event_handler.log_command:Invoking command in '/home/niuniu/mid360_ws/build/fast_lio': CMAKE_PREFIX_PATH=/home/niuniu/mid360_ws/install/livox_ros_driver2:/home/niuniu/mid360_ws/install/fast_lio:/home/niuniu/ydlidar_ws/install/ydlidar_ros2_driver:/opt/ros/humble LD_LIBRARY_PATH=/home/niuniu/mid360_ws/install/livox_ros_driver2/lib:/home/niuniu/mid360_ws/install/livox_sdk2/lib:/home/niuniu/mid360_ws/install/fast_lio/lib:/lib:/opt/ros/humble/lib:/lib:/opt/ros/humble/lib:/usr/lib/x86_64-linux-gnu/gazebo-11/plugins:/opt/ros/humble/opt/rviz_ogre_vendor/lib:/opt/ros/humble/lib/x86_64-linux-gnu:/opt/ros/humble/lib:/usr/local/lib:/usr/local/lib /usr/bin/cmake --build /home/niuniu/mid360_ws/build/fast_lio -- -j8 -l8
[8.818s] DEBUG:colcon.colcon_core.event_handler.log_command:Invoked command in '/home/niuniu/mid360_ws/build/fast_lio' returned '0': CMAKE_PREFIX_PATH=/home/niuniu/mid360_ws/install/livox_ros_driver2:/home/niuniu/mid360_ws/install/fast_lio:/home/niuniu/ydlidar_ws/install/ydlidar_ros2_driver:/opt/ros/humble LD_LIBRARY_PATH=/home/niuniu/mid360_ws/install/livox_ros_driver2/lib:/home/niuniu/mid360_ws/install/livox_sdk2/lib:/home/niuniu/mid360_ws/install/fast_lio/lib:/lib:/opt/ros/humble/lib:/lib:/opt/ros/humble/lib:/usr/lib/x86_64-linux-gnu/gazebo-11/plugins:/opt/ros/humble/opt/rviz_ogre_vendor/lib:/opt/ros/humble/lib/x86_64-linux-gnu:/opt/ros/humble/lib:/usr/local/lib:/usr/local/lib /usr/bin/cmake --build /home/niuniu/mid360_ws/build/fast_lio -- -j8 -l8
[8.822s] DEBUG:colcon.colcon_core.event_handler.log_command:Invoking command in '/home/niuniu/mid360_ws/build/fast_lio': CMAKE_PREFIX_PATH=/home/niuniu/mid360_ws/install/livox_ros_driver2:/home/niuniu/mid360_ws/install/fast_lio:/home/niuniu/ydlidar_ws/install/ydlidar_ros2_driver:/opt/ros/humble LD_LIBRARY_PATH=/home/niuniu/mid360_ws/install/livox_ros_driver2/lib:/home/niuniu/mid360_ws/install/livox_sdk2/lib:/home/niuniu/mid360_ws/install/fast_lio/lib:/lib:/opt/ros/humble/lib:/lib:/opt/ros/humble/lib:/usr/lib/x86_64-linux-gnu/gazebo-11/plugins:/opt/ros/humble/opt/rviz_ogre_vendor/lib:/opt/ros/humble/lib/x86_64-linux-gnu:/opt/ros/humble/lib:/usr/local/lib:/usr/local/lib /usr/bin/cmake --install /home/niuniu/mid360_ws/build/fast_lio
[8.869s] Level 1:colcon.colcon_core.environment:create_environment_scripts_only(fast_lio)
[8.869s] Level 1:colcon.colcon_core.environment:checking '/home/niuniu/mid360_ws/install/fast_lio' for CMake module files
[8.870s] DEBUG:colcon.colcon_core.event_handler.log_command:Invoked command in '/home/niuniu/mid360_ws/build/fast_lio' returned '0': CMAKE_PREFIX_PATH=/home/niuniu/mid360_ws/install/livox_ros_driver2:/home/niuniu/mid360_ws/install/fast_lio:/home/niuniu/ydlidar_ws/install/ydlidar_ros2_driver:/opt/ros/humble LD_LIBRARY_PATH=/home/niuniu/mid360_ws/install/livox_ros_driver2/lib:/home/niuniu/mid360_ws/install/livox_sdk2/lib:/home/niuniu/mid360_ws/install/fast_lio/lib:/lib:/opt/ros/humble/lib:/lib:/opt/ros/humble/lib:/usr/lib/x86_64-linux-gnu/gazebo-11/plugins:/opt/ros/humble/opt/rviz_ogre_vendor/lib:/opt/ros/humble/lib/x86_64-linux-gnu:/opt/ros/humble/lib:/usr/local/lib:/usr/local/lib /usr/bin/cmake --install /home/niuniu/mid360_ws/build/fast_lio
[8.870s] Level 1:colcon.colcon_core.environment:checking '/home/niuniu/mid360_ws/install/fast_lio' for CMake config files
[8.871s] Level 1:colcon.colcon_core.shell:create_environment_hook('fast_lio', 'cmake_prefix_path')
[8.871s] INFO:colcon.colcon_core.shell:Creating environment hook '/home/niuniu/mid360_ws/install/fast_lio/share/fast_lio/hook/cmake_prefix_path.ps1'
[8.871s] INFO:colcon.colcon_core.shell:Creating environment descriptor '/home/niuniu/mid360_ws/install/fast_lio/share/fast_lio/hook/cmake_prefix_path.dsv'
[8.872s] INFO:colcon.colcon_core.shell:Creating environment hook '/home/niuniu/mid360_ws/install/fast_lio/share/fast_lio/hook/cmake_prefix_path.sh'
[8.872s] Level 1:colcon.colcon_core.environment:checking '/home/niuniu/mid360_ws/install/fast_lio/lib'
[8.873s] Level 1:colcon.colcon_core.shell:create_environment_hook('fast_lio', 'ld_library_path_lib')
[8.873s] INFO:colcon.colcon_core.shell:Creating environment hook '/home/niuniu/mid360_ws/install/fast_lio/share/fast_lio/hook/ld_library_path_lib.ps1'
[8.873s] INFO:colcon.colcon_core.shell:Creating environment descriptor '/home/niuniu/mid360_ws/install/fast_lio/share/fast_lio/hook/ld_library_path_lib.dsv'
[8.873s] INFO:colcon.colcon_core.shell:Creating environment hook '/home/niuniu/mid360_ws/install/fast_lio/share/fast_lio/hook/ld_library_path_lib.sh'
[8.874s] Level 1:colcon.colcon_core.environment:checking '/home/niuniu/mid360_ws/install/fast_lio/bin'
[8.874s] Level 1:colcon.colcon_core.environment:checking '/home/niuniu/mid360_ws/install/fast_lio/lib/pkgconfig/fast_lio.pc'
[8.874s] Level 1:colcon.colcon_core.environment:checking '/home/niuniu/mid360_ws/install/fast_lio/lib/python3.10/site-packages'
[8.874s] Level 1:colcon.colcon_core.environment:checking '/home/niuniu/mid360_ws/install/fast_lio/bin'
[8.874s] INFO:colcon.colcon_core.shell:Creating package script '/home/niuniu/mid360_ws/install/fast_lio/share/fast_lio/package.ps1'
[8.875s] INFO:colcon.colcon_core.shell:Creating package descriptor '/home/niuniu/mid360_ws/install/fast_lio/share/fast_lio/package.dsv'
[8.875s] INFO:colcon.colcon_core.shell:Creating package script '/home/niuniu/mid360_ws/install/fast_lio/share/fast_lio/package.sh'
[8.876s] INFO:colcon.colcon_core.shell:Creating package script '/home/niuniu/mid360_ws/install/fast_lio/share/fast_lio/package.bash'
[8.876s] INFO:colcon.colcon_core.shell:Creating package script '/home/niuniu/mid360_ws/install/fast_lio/share/fast_lio/package.zsh'
[8.876s] Level 1:colcon.colcon_core.environment:create_file_with_runtime_dependencies(/home/niuniu/mid360_ws/install/fast_lio/share/colcon-core/packages/fast_lio)
[8.877s] Level 1:colcon.colcon_core.environment:create_environment_scripts_only(fast_lio)
[8.877s] Level 1:colcon.colcon_core.environment:checking '/home/niuniu/mid360_ws/install/fast_lio' for CMake module files
[8.878s] Level 1:colcon.colcon_core.environment:checking '/home/niuniu/mid360_ws/install/fast_lio' for CMake config files
[8.878s] Level 1:colcon.colcon_core.shell:create_environment_hook('fast_lio', 'cmake_prefix_path')
[8.878s] INFO:colcon.colcon_core.shell:Creating environment hook '/home/niuniu/mid360_ws/install/fast_lio/share/fast_lio/hook/cmake_prefix_path.ps1'
[8.878s] INFO:colcon.colcon_core.shell:Creating environment descriptor '/home/niuniu/mid360_ws/install/fast_lio/share/fast_lio/hook/cmake_prefix_path.dsv'
[8.879s] INFO:colcon.colcon_core.shell:Creating environment hook '/home/niuniu/mid360_ws/install/fast_lio/share/fast_lio/hook/cmake_prefix_path.sh'
[8.879s] Level 1:colcon.colcon_core.environment:checking '/home/niuniu/mid360_ws/install/fast_lio/lib'
[8.879s] Level 1:colcon.colcon_core.shell:create_environment_hook('fast_lio', 'ld_library_path_lib')
[8.879s] INFO:colcon.colcon_core.shell:Creating environment hook '/home/niuniu/mid360_ws/install/fast_lio/share/fast_lio/hook/ld_library_path_lib.ps1'
[8.880s] INFO:colcon.colcon_core.shell:Creating environment descriptor '/home/niuniu/mid360_ws/install/fast_lio/share/fast_lio/hook/ld_library_path_lib.dsv'
[8.880s] INFO:colcon.colcon_core.shell:Creating environment hook '/home/niuniu/mid360_ws/install/fast_lio/share/fast_lio/hook/ld_library_path_lib.sh'
[8.880s] Level 1:colcon.colcon_core.environment:checking '/home/niuniu/mid360_ws/install/fast_lio/bin'
[8.881s] Level 1:colcon.colcon_core.environment:checking '/home/niuniu/mid360_ws/install/fast_lio/lib/pkgconfig/fast_lio.pc'
[8.881s] Level 1:colcon.colcon_core.environment:checking '/home/niuniu/mid360_ws/install/fast_lio/lib/python3.10/site-packages'
[8.881s] Level 1:colcon.colcon_core.environment:checking '/home/niuniu/mid360_ws/install/fast_lio/bin'
[8.881s] INFO:colcon.colcon_core.shell:Creating package script '/home/niuniu/mid360_ws/install/fast_lio/share/fast_lio/package.ps1'
[8.882s] INFO:colcon.colcon_core.shell:Creating package descriptor '/home/niuniu/mid360_ws/install/fast_lio/share/fast_lio/package.dsv'
[8.882s] INFO:colcon.colcon_core.shell:Creating package script '/home/niuniu/mid360_ws/install/fast_lio/share/fast_lio/package.sh'
[8.882s] INFO:colcon.colcon_core.shell:Creating package script '/home/niuniu/mid360_ws/install/fast_lio/share/fast_lio/package.bash'
[8.883s] INFO:colcon.colcon_core.shell:Creating package script '/home/niuniu/mid360_ws/install/fast_lio/share/fast_lio/package.zsh'
[8.883s] Level 1:colcon.colcon_core.environment:create_file_with_runtime_dependencies(/home/niuniu/mid360_ws/install/fast_lio/share/colcon-core/packages/fast_lio)
[8.883s] DEBUG:colcon.colcon_parallel_executor.executor.parallel:closing loop
[8.884s] DEBUG:colcon.colcon_parallel_executor.executor.parallel:loop closed
[8.884s] DEBUG:colcon.colcon_parallel_executor.executor.parallel:run_until_complete finished with '0'
[8.885s] DEBUG:colcon.colcon_core.event_reactor:joining thread
[8.896s] INFO:colcon.colcon_core.plugin_system:Skipping extension 'colcon_notification.desktop_notification.terminal_notifier': Not used on non-Darwin systems
[8.897s] INFO:colcon.colcon_core.plugin_system:Skipping extension 'colcon_notification.desktop_notification.win32': Not used on non-Windows systems
[8.897s] INFO:colcon.colcon_notification.desktop_notification:Sending desktop notification using 'notify2'
[9.118s] DEBUG:colcon.colcon_core.event_reactor:joined thread
[9.118s] INFO:colcon.colcon_core.shell:Creating prefix script '/home/niuniu/mid360_ws/install/local_setup.ps1'
[9.120s] INFO:colcon.colcon_core.shell:Creating prefix util module '/home/niuniu/mid360_ws/install/_local_setup_util_ps1.py'
[9.121s] INFO:colcon.colcon_core.shell:Creating prefix chain script '/home/niuniu/mid360_ws/install/setup.ps1'
[9.122s] INFO:colcon.colcon_core.shell:Creating prefix script '/home/niuniu/mid360_ws/install/local_setup.sh'
[9.122s] INFO:colcon.colcon_core.shell:Creating prefix util module '/home/niuniu/mid360_ws/install/_local_setup_util_sh.py'
[9.123s] INFO:colcon.colcon_core.shell:Creating prefix chain script '/home/niuniu/mid360_ws/install/setup.sh'
[9.124s] INFO:colcon.colcon_core.shell:Creating prefix script '/home/niuniu/mid360_ws/install/local_setup.bash'
[9.124s] INFO:colcon.colcon_core.shell:Creating prefix chain script '/home/niuniu/mid360_ws/install/setup.bash'
[9.125s] INFO:colcon.colcon_core.shell:Creating prefix script '/home/niuniu/mid360_ws/install/local_setup.zsh'
[9.126s] INFO:colcon.colcon_core.shell:Creating prefix chain script '/home/niuniu/mid360_ws/install/setup.zsh'
