[0.030s] Invoking command in '/home/niuniu/mid360_ws/build/livox_ros_driver2': CMAKE_PREFIX_PATH=${CMAKE_PREFIX_PATH}:/opt/ros/humble /usr/bin/cmake /home/niuniu/mid360_ws/src/rm_driver/livox_ros_driver2 -DCMAKE_INSTALL_PREFIX=/home/niuniu/mid360_ws/install/livox_ros_driver2
[0.102s] -- livox_ros_driver2 version: 1.2.4
[0.105s] -- Found ament_cmake_auto: 1.3.11 (/opt/ros/humble/share/ament_cmake_auto/cmake)
[0.652s] -- Using all available rosidl_typesupport_c: rosidl_typesupport_fastrtps_c;rosidl_typesupport_introspection_c
[0.660s] -- Found rosidl_adapter: 3.1.6 (/opt/ros/humble/share/rosidl_adapter/cmake)
[0.726s] -- Using all available rosidl_typesupport_cpp: rosidl_typesupport_fastrtps_cpp;rosidl_typesupport_introspection_cpp
[0.868s] -- Found rmw_implementation_cmake: 6.1.2 (/opt/ros/humble/share/rmw_implementation_cmake/cmake)
[0.873s] -- Found rmw_fastrtps_cpp: 6.2.7 (/opt/ros/humble/share/rmw_fastrtps_cpp/cmake)
[1.019s] -- Using RMW implementation 'rmw_fastrtps_cpp' as default
[1.255s] -- Eigen found (include: /usr/include/eigen3, version: 3.4.0)
[1.310s] -- FLANN found (include: /usr/include, lib: /usr/lib/x86_64-linux-gnu/libflann_cpp.so)
[2.188s] -- OpenNI found (version: 1.5.4.0, include: /usr/include/ni, lib: /usr/lib/libOpenNI.so;libusb::libusb)
[2.196s] -- OpenNI2 found (version: 2.2.0.33, include: /usr/include/openni2, lib: /usr/lib/x86_64-linux-gnu/libOpenNI2.so;libusb::libusb)
[2.313s] -- Eigen found (include: /usr/include/eigen3, version: 3.4.0)
[2.321s] -- OpenNI found (version: 1.5.4.0, include: /usr/include/ni, lib: /usr/lib/libOpenNI.so;libusb::libusb)
[2.329s] -- OpenNI2 found (version: 2.2.0.33, include: /usr/include/openni2, lib: /usr/lib/x86_64-linux-gnu/libOpenNI2.so;libusb::libusb)
[2.438s] -- Found Qhull version 8.0.2
[2.552s] -- OpenNI found (version: 1.5.4.0, include: /usr/include/ni, lib: /usr/lib/libOpenNI.so;libusb::libusb)
[2.708s] [0m/usr/include/apr-1.0[0m
[2.708s] [0mapr-1[0m
[2.965s] -- Found ament_cmake_ros: 0.10.0 (/opt/ros/humble/share/ament_cmake_ros/cmake)
[3.247s] -- Using all available rosidl_typesupport_c: rosidl_typesupport_fastrtps_c;rosidl_typesupport_introspection_c
[3.734s] -- Using all available rosidl_typesupport_cpp: rosidl_typesupport_fastrtps_cpp;rosidl_typesupport_introspection_cpp
[3.755s] -- Found python_cmake_module: 0.10.0 (/opt/ros/humble/share/python_cmake_module/cmake)
[3.780s] -- Using PYTHON_EXECUTABLE: /usr/bin/python3
[3.780s] -- Using PYTHON_INCLUDE_DIRS: /usr/include/python3.10
[3.780s] -- Using PYTHON_LIBRARIES: /usr/lib/x86_64-linux-gnu/libpython3.10.so
[3.814s] -- Found ament_lint_auto: 0.12.12 (/opt/ros/humble/share/ament_lint_auto/cmake)
[3.862s] -- Added test 'copyright' to check source files copyright and LICENSE
[3.873s] -- Added test 'cppcheck' to perform static code analysis on C / C++ code
[3.873s] -- Configured cppcheck include dirs: /home/niuniu/mid360_ws/src/rm_driver/livox_ros_driver2/3rdparty;/home/niuniu/mid360_ws/src/rm_driver/livox_ros_driver2/src
[3.874s] -- Configured cppcheck exclude dirs and/or files: 
[3.878s] -- Added test 'cpplint' to check C / C++ code against the Google style
[3.878s] -- Configured cpplint exclude dirs and/or files: 
[3.879s] -- Added test 'flake8' to check Python code syntax and style conventions
[3.881s] -- Added test 'lint_cmake' to check CMake code style
[3.881s] -- Added test 'pep257' to check Python code against some of the docstring style conventions in PEP 257
[3.886s] -- Added test 'uncrustify' to check C / C++ code style
[3.886s] -- Configured uncrustify additional arguments: 
[3.888s] -- Added test 'xmllint' to check XML markup files
[3.891s] -- Configuring done
[4.020s] -- Generating done
[4.044s] -- Build files have been written to: /home/niuniu/mid360_ws/build/livox_ros_driver2
[4.067s] Invoked command in '/home/niuniu/mid360_ws/build/livox_ros_driver2' returned '0': CMAKE_PREFIX_PATH=${CMAKE_PREFIX_PATH}:/opt/ros/humble /usr/bin/cmake /home/niuniu/mid360_ws/src/rm_driver/livox_ros_driver2 -DCMAKE_INSTALL_PREFIX=/home/niuniu/mid360_ws/install/livox_ros_driver2
[4.072s] Invoking command in '/home/niuniu/mid360_ws/build/livox_ros_driver2': CMAKE_PREFIX_PATH=${CMAKE_PREFIX_PATH}:/opt/ros/humble /usr/bin/cmake --build /home/niuniu/mid360_ws/build/livox_ros_driver2 -- -j8 -l8
[4.131s] [35m[1mConsolidate compiler generated dependencies of target livox_interfaces2__rosidl_generator_c[0m
[4.133s] [35m[1mConsolidate compiler generated dependencies of target livox_ros_driver2_node[0m
[4.144s] [  1%] Built target livox_interfaces2__cpp
[4.156s] [  1%] Built target ament_cmake_python_copy_livox_ros_driver2
[4.156s] [35m[1mConsolidate compiler generated dependencies of target livox_interfaces2__rosidl_typesupport_introspection_cpp[0m
[4.156s] [35m[1mConsolidate compiler generated dependencies of target livox_interfaces2__rosidl_typesupport_cpp[0m
[4.156s] [  8%] Built target livox_interfaces2__rosidl_generator_c
[4.166s] [35m[1mConsolidate compiler generated dependencies of target livox_interfaces2__rosidl_typesupport_fastrtps_cpp[0m
[4.172s] [35m[1mConsolidate compiler generated dependencies of target livox_interfaces2__rosidl_typesupport_introspection_c[0m
[4.172s] [35m[1mConsolidate compiler generated dependencies of target livox_interfaces2__rosidl_typesupport_fastrtps_c[0m
[4.176s] [35m[1mConsolidate compiler generated dependencies of target livox_interfaces2__rosidl_typesupport_c[0m
[4.180s] [ 15%] Built target livox_interfaces2__rosidl_typesupport_introspection_cpp
[4.182s] [ 22%] Built target livox_interfaces2__rosidl_typesupport_cpp
[4.190s] [ 29%] Built target livox_interfaces2__rosidl_typesupport_introspection_c
[4.191s] [ 36%] Built target livox_interfaces2__rosidl_typesupport_c
[4.191s] [ 43%] Built target livox_interfaces2__rosidl_typesupport_fastrtps_c
[4.193s] [ 50%] Built target livox_interfaces2__rosidl_typesupport_fastrtps_cpp
[4.210s] [35m[1mConsolidate compiler generated dependencies of target livox_ros_driver2[0m
[4.213s] [ 54%] Built target livox_ros_driver2_node
[4.218s] [ 54%] Built target livox_interfaces2
[4.248s] [ 56%] Built target livox_interfaces2__py
[4.260s] [35m[1mConsolidate compiler generated dependencies of target livox_interfaces2__rosidl_generator_py[0m
[4.286s] [ 61%] Built target livox_interfaces2__rosidl_generator_py
[4.298s] [35m[1mConsolidate compiler generated dependencies of target livox_ros_driver2__rosidl_typesupport_c__pyext[0m
[4.298s] [35m[1mConsolidate compiler generated dependencies of target livox_ros_driver2__rosidl_typesupport_fastrtps_c__pyext[0m
[4.299s] [35m[1mConsolidate compiler generated dependencies of target livox_ros_driver2__rosidl_typesupport_introspection_c__pyext[0m
[4.316s] [ 64%] Built target livox_ros_driver2__rosidl_typesupport_fastrtps_c__pyext
[4.316s] [ 71%] Built target livox_ros_driver2__rosidl_typesupport_introspection_c__pyext
[4.316s] [ 71%] Built target livox_ros_driver2__rosidl_typesupport_c__pyext
[4.380s] [100%] Built target livox_ros_driver2
[4.406s] running egg_info
[4.407s] writing livox_ros_driver2.egg-info/PKG-INFO
[4.407s] writing dependency_links to livox_ros_driver2.egg-info/dependency_links.txt
[4.407s] writing top-level names to livox_ros_driver2.egg-info/top_level.txt
[4.410s] reading manifest file 'livox_ros_driver2.egg-info/SOURCES.txt'
[4.411s] writing manifest file 'livox_ros_driver2.egg-info/SOURCES.txt'
[4.435s] [100%] Built target ament_cmake_python_build_livox_ros_driver2_egg
[4.451s] Invoked command in '/home/niuniu/mid360_ws/build/livox_ros_driver2' returned '0': CMAKE_PREFIX_PATH=${CMAKE_PREFIX_PATH}:/opt/ros/humble /usr/bin/cmake --build /home/niuniu/mid360_ws/build/livox_ros_driver2 -- -j8 -l8
[4.456s] Invoking command in '/home/niuniu/mid360_ws/build/livox_ros_driver2': CMAKE_PREFIX_PATH=${CMAKE_PREFIX_PATH}:/opt/ros/humble /usr/bin/cmake --install /home/niuniu/mid360_ws/build/livox_ros_driver2
[4.464s] -- Install configuration: ""
[4.464s] -- Up-to-date: /home/niuniu/mid360_ws/install/livox_ros_driver2/share/ament_index/resource_index/rosidl_interfaces/livox_ros_driver2
[4.465s] -- Up-to-date: /home/niuniu/mid360_ws/install/livox_ros_driver2/include/livox_ros_driver2/livox_ros_driver2
[4.465s] -- Up-to-date: /home/niuniu/mid360_ws/install/livox_ros_driver2/include/livox_ros_driver2/livox_ros_driver2/msg
[4.465s] -- Up-to-date: /home/niuniu/mid360_ws/install/livox_ros_driver2/include/livox_ros_driver2/livox_ros_driver2/msg/detail
[4.465s] -- Up-to-date: /home/niuniu/mid360_ws/install/livox_ros_driver2/include/livox_ros_driver2/livox_ros_driver2/msg/detail/custom_point__functions.c
[4.465s] -- Up-to-date: /home/niuniu/mid360_ws/install/livox_ros_driver2/include/livox_ros_driver2/livox_ros_driver2/msg/detail/custom_point__type_support.h
[4.465s] -- Up-to-date: /home/niuniu/mid360_ws/install/livox_ros_driver2/include/livox_ros_driver2/livox_ros_driver2/msg/detail/custom_msg__type_support.h
[4.465s] -- Up-to-date: /home/niuniu/mid360_ws/install/livox_ros_driver2/include/livox_ros_driver2/livox_ros_driver2/msg/detail/custom_point__struct.h
[4.466s] -- Up-to-date: /home/niuniu/mid360_ws/install/livox_ros_driver2/include/livox_ros_driver2/livox_ros_driver2/msg/detail/custom_msg__struct.h
[4.466s] -- Up-to-date: /home/niuniu/mid360_ws/install/livox_ros_driver2/include/livox_ros_driver2/livox_ros_driver2/msg/detail/custom_msg__functions.h
[4.466s] -- Up-to-date: /home/niuniu/mid360_ws/install/livox_ros_driver2/include/livox_ros_driver2/livox_ros_driver2/msg/detail/custom_msg__functions.c
[4.466s] -- Up-to-date: /home/niuniu/mid360_ws/install/livox_ros_driver2/include/livox_ros_driver2/livox_ros_driver2/msg/detail/custom_point__functions.h
[4.466s] -- Up-to-date: /home/niuniu/mid360_ws/install/livox_ros_driver2/include/livox_ros_driver2/livox_ros_driver2/msg/rosidl_generator_c__visibility_control.h
[4.466s] -- Up-to-date: /home/niuniu/mid360_ws/install/livox_ros_driver2/include/livox_ros_driver2/livox_ros_driver2/msg/custom_point.h
[4.466s] -- Up-to-date: /home/niuniu/mid360_ws/install/livox_ros_driver2/include/livox_ros_driver2/livox_ros_driver2/msg/custom_msg.h
[4.466s] -- Up-to-date: /home/niuniu/mid360_ws/install/livox_ros_driver2/share/livox_ros_driver2/environment/library_path.sh
[4.466s] -- Installing: /home/niuniu/mid360_ws/install/livox_ros_driver2/share/livox_ros_driver2/environment/library_path.dsv
[4.466s] -- Up-to-date: /home/niuniu/mid360_ws/install/livox_ros_driver2/lib/liblivox_ros_driver2__rosidl_generator_c.so
[4.466s] -- Up-to-date: /home/niuniu/mid360_ws/install/livox_ros_driver2/include/livox_ros_driver2/livox_ros_driver2
[4.466s] -- Up-to-date: /home/niuniu/mid360_ws/install/livox_ros_driver2/include/livox_ros_driver2/livox_ros_driver2/msg
[4.466s] -- Up-to-date: /home/niuniu/mid360_ws/install/livox_ros_driver2/include/livox_ros_driver2/livox_ros_driver2/msg/rosidl_typesupport_fastrtps_c__visibility_control.h
[4.466s] -- Up-to-date: /home/niuniu/mid360_ws/install/livox_ros_driver2/include/livox_ros_driver2/livox_ros_driver2/msg/detail
[4.466s] -- Up-to-date: /home/niuniu/mid360_ws/install/livox_ros_driver2/include/livox_ros_driver2/livox_ros_driver2/msg/detail/custom_msg__rosidl_typesupport_fastrtps_c.h
[4.467s] -- Up-to-date: /home/niuniu/mid360_ws/install/livox_ros_driver2/include/livox_ros_driver2/livox_ros_driver2/msg/detail/custom_point__rosidl_typesupport_fastrtps_c.h
[4.467s] -- Up-to-date: /home/niuniu/mid360_ws/install/livox_ros_driver2/lib/liblivox_ros_driver2__rosidl_typesupport_fastrtps_c.so
[4.467s] -- Up-to-date: /home/niuniu/mid360_ws/install/livox_ros_driver2/include/livox_ros_driver2/livox_ros_driver2
[4.467s] -- Up-to-date: /home/niuniu/mid360_ws/install/livox_ros_driver2/include/livox_ros_driver2/livox_ros_driver2/msg
[4.467s] -- Up-to-date: /home/niuniu/mid360_ws/install/livox_ros_driver2/include/livox_ros_driver2/livox_ros_driver2/msg/detail
[4.467s] -- Up-to-date: /home/niuniu/mid360_ws/install/livox_ros_driver2/include/livox_ros_driver2/livox_ros_driver2/msg/detail/custom_msg__rosidl_typesupport_introspection_c.h
[4.467s] -- Up-to-date: /home/niuniu/mid360_ws/install/livox_ros_driver2/include/livox_ros_driver2/livox_ros_driver2/msg/detail/custom_msg__type_support.c
[4.467s] -- Up-to-date: /home/niuniu/mid360_ws/install/livox_ros_driver2/include/livox_ros_driver2/livox_ros_driver2/msg/detail/custom_point__type_support.c
[4.467s] -- Up-to-date: /home/niuniu/mid360_ws/install/livox_ros_driver2/include/livox_ros_driver2/livox_ros_driver2/msg/detail/custom_point__rosidl_typesupport_introspection_c.h
[4.467s] -- Up-to-date: /home/niuniu/mid360_ws/install/livox_ros_driver2/include/livox_ros_driver2/livox_ros_driver2/msg/rosidl_typesupport_introspection_c__visibility_control.h
[4.467s] -- Up-to-date: /home/niuniu/mid360_ws/install/livox_ros_driver2/lib/liblivox_ros_driver2__rosidl_typesupport_introspection_c.so
[4.468s] -- Up-to-date: /home/niuniu/mid360_ws/install/livox_ros_driver2/lib/liblivox_ros_driver2__rosidl_typesupport_c.so
[4.468s] -- Up-to-date: /home/niuniu/mid360_ws/install/livox_ros_driver2/include/livox_ros_driver2/livox_ros_driver2
[4.468s] -- Up-to-date: /home/niuniu/mid360_ws/install/livox_ros_driver2/include/livox_ros_driver2/livox_ros_driver2/msg
[4.469s] -- Up-to-date: /home/niuniu/mid360_ws/install/livox_ros_driver2/include/livox_ros_driver2/livox_ros_driver2/msg/rosidl_generator_cpp__visibility_control.hpp
[4.469s] -- Up-to-date: /home/niuniu/mid360_ws/install/livox_ros_driver2/include/livox_ros_driver2/livox_ros_driver2/msg/custom_point.hpp
[4.469s] -- Up-to-date: /home/niuniu/mid360_ws/install/livox_ros_driver2/include/livox_ros_driver2/livox_ros_driver2/msg/detail
[4.469s] -- Up-to-date: /home/niuniu/mid360_ws/install/livox_ros_driver2/include/livox_ros_driver2/livox_ros_driver2/msg/detail/custom_msg__type_support.hpp
[4.469s] -- Up-to-date: /home/niuniu/mid360_ws/install/livox_ros_driver2/include/livox_ros_driver2/livox_ros_driver2/msg/detail/custom_point__type_support.hpp
[4.469s] -- Up-to-date: /home/niuniu/mid360_ws/install/livox_ros_driver2/include/livox_ros_driver2/livox_ros_driver2/msg/detail/custom_point__traits.hpp
[4.469s] -- Up-to-date: /home/niuniu/mid360_ws/install/livox_ros_driver2/include/livox_ros_driver2/livox_ros_driver2/msg/detail/custom_msg__builder.hpp
[4.469s] -- Up-to-date: /home/niuniu/mid360_ws/install/livox_ros_driver2/include/livox_ros_driver2/livox_ros_driver2/msg/detail/custom_point__builder.hpp
[4.469s] -- Up-to-date: /home/niuniu/mid360_ws/install/livox_ros_driver2/include/livox_ros_driver2/livox_ros_driver2/msg/detail/custom_msg__struct.hpp
[4.469s] -- Up-to-date: /home/niuniu/mid360_ws/install/livox_ros_driver2/include/livox_ros_driver2/livox_ros_driver2/msg/detail/custom_msg__traits.hpp
[4.470s] -- Up-to-date: /home/niuniu/mid360_ws/install/livox_ros_driver2/include/livox_ros_driver2/livox_ros_driver2/msg/detail/custom_point__struct.hpp
[4.470s] -- Up-to-date: /home/niuniu/mid360_ws/install/livox_ros_driver2/include/livox_ros_driver2/livox_ros_driver2/msg/custom_msg.hpp
[4.470s] -- Up-to-date: /home/niuniu/mid360_ws/install/livox_ros_driver2/include/livox_ros_driver2/livox_ros_driver2
[4.470s] -- Up-to-date: /home/niuniu/mid360_ws/install/livox_ros_driver2/include/livox_ros_driver2/livox_ros_driver2/msg
[4.470s] -- Up-to-date: /home/niuniu/mid360_ws/install/livox_ros_driver2/include/livox_ros_driver2/livox_ros_driver2/msg/rosidl_typesupport_fastrtps_cpp__visibility_control.h
[4.470s] -- Up-to-date: /home/niuniu/mid360_ws/install/livox_ros_driver2/include/livox_ros_driver2/livox_ros_driver2/msg/detail
[4.470s] -- Up-to-date: /home/niuniu/mid360_ws/install/livox_ros_driver2/include/livox_ros_driver2/livox_ros_driver2/msg/detail/custom_point__rosidl_typesupport_fastrtps_cpp.hpp
[4.470s] -- Up-to-date: /home/niuniu/mid360_ws/install/livox_ros_driver2/include/livox_ros_driver2/livox_ros_driver2/msg/detail/custom_msg__rosidl_typesupport_fastrtps_cpp.hpp
[4.470s] -- Up-to-date: /home/niuniu/mid360_ws/install/livox_ros_driver2/include/livox_ros_driver2/livox_ros_driver2/msg/detail/dds_fastrtps
[4.470s] -- Up-to-date: /home/niuniu/mid360_ws/install/livox_ros_driver2/lib/liblivox_ros_driver2__rosidl_typesupport_fastrtps_cpp.so
[4.470s] -- Up-to-date: /home/niuniu/mid360_ws/install/livox_ros_driver2/include/livox_ros_driver2/livox_ros_driver2
[4.471s] -- Up-to-date: /home/niuniu/mid360_ws/install/livox_ros_driver2/include/livox_ros_driver2/livox_ros_driver2/msg
[4.471s] -- Up-to-date: /home/niuniu/mid360_ws/install/livox_ros_driver2/include/livox_ros_driver2/livox_ros_driver2/msg/detail
[4.471s] -- Up-to-date: /home/niuniu/mid360_ws/install/livox_ros_driver2/include/livox_ros_driver2/livox_ros_driver2/msg/detail/custom_msg__type_support.cpp
[4.471s] -- Up-to-date: /home/niuniu/mid360_ws/install/livox_ros_driver2/include/livox_ros_driver2/livox_ros_driver2/msg/detail/custom_point__type_support.cpp
[4.471s] -- Up-to-date: /home/niuniu/mid360_ws/install/livox_ros_driver2/include/livox_ros_driver2/livox_ros_driver2/msg/detail/custom_point__rosidl_typesupport_introspection_cpp.hpp
[4.471s] -- Up-to-date: /home/niuniu/mid360_ws/install/livox_ros_driver2/include/livox_ros_driver2/livox_ros_driver2/msg/detail/custom_msg__rosidl_typesupport_introspection_cpp.hpp
[4.471s] -- Up-to-date: /home/niuniu/mid360_ws/install/livox_ros_driver2/lib/liblivox_ros_driver2__rosidl_typesupport_introspection_cpp.so
[4.471s] -- Up-to-date: /home/niuniu/mid360_ws/install/livox_ros_driver2/lib/liblivox_ros_driver2__rosidl_typesupport_cpp.so
[4.471s] -- Up-to-date: /home/niuniu/mid360_ws/install/livox_ros_driver2/share/livox_ros_driver2/environment/pythonpath.sh
[4.471s] -- Installing: /home/niuniu/mid360_ws/install/livox_ros_driver2/share/livox_ros_driver2/environment/pythonpath.dsv
[4.471s] -- Up-to-date: /home/niuniu/mid360_ws/install/livox_ros_driver2/local/lib/python3.10/dist-packages/livox_ros_driver2-1.0.0-py3.10.egg-info
[4.471s] -- Installing: /home/niuniu/mid360_ws/install/livox_ros_driver2/local/lib/python3.10/dist-packages/livox_ros_driver2-1.0.0-py3.10.egg-info/SOURCES.txt
[4.471s] -- Installing: /home/niuniu/mid360_ws/install/livox_ros_driver2/local/lib/python3.10/dist-packages/livox_ros_driver2-1.0.0-py3.10.egg-info/PKG-INFO
[4.471s] -- Installing: /home/niuniu/mid360_ws/install/livox_ros_driver2/local/lib/python3.10/dist-packages/livox_ros_driver2-1.0.0-py3.10.egg-info/dependency_links.txt
[4.472s] -- Installing: /home/niuniu/mid360_ws/install/livox_ros_driver2/local/lib/python3.10/dist-packages/livox_ros_driver2-1.0.0-py3.10.egg-info/top_level.txt
[4.472s] -- Up-to-date: /home/niuniu/mid360_ws/install/livox_ros_driver2/local/lib/python3.10/dist-packages/livox_ros_driver2
[4.472s] -- Up-to-date: /home/niuniu/mid360_ws/install/livox_ros_driver2/local/lib/python3.10/dist-packages/livox_ros_driver2/_livox_ros_driver2_s.ep.rosidl_typesupport_fastrtps_c.c
[4.473s] -- Up-to-date: /home/niuniu/mid360_ws/install/livox_ros_driver2/local/lib/python3.10/dist-packages/livox_ros_driver2/livox_ros_driver2_s__rosidl_typesupport_c.cpython-310-x86_64-linux-gnu.so
[4.473s] -- Up-to-date: /home/niuniu/mid360_ws/install/livox_ros_driver2/local/lib/python3.10/dist-packages/livox_ros_driver2/liblivox_interfaces2__rosidl_generator_py.so
[4.473s] -- Up-to-date: /home/niuniu/mid360_ws/install/livox_ros_driver2/local/lib/python3.10/dist-packages/livox_ros_driver2/msg
[4.473s] -- Up-to-date: /home/niuniu/mid360_ws/install/livox_ros_driver2/local/lib/python3.10/dist-packages/livox_ros_driver2/msg/_custom_msg.py
[4.473s] -- Up-to-date: /home/niuniu/mid360_ws/install/livox_ros_driver2/local/lib/python3.10/dist-packages/livox_ros_driver2/msg/_custom_point.py
[4.473s] -- Up-to-date: /home/niuniu/mid360_ws/install/livox_ros_driver2/local/lib/python3.10/dist-packages/livox_ros_driver2/msg/_custom_msg_s.c
[4.473s] -- Up-to-date: /home/niuniu/mid360_ws/install/livox_ros_driver2/local/lib/python3.10/dist-packages/livox_ros_driver2/msg/_custom_point_s.c
[4.473s] -- Up-to-date: /home/niuniu/mid360_ws/install/livox_ros_driver2/local/lib/python3.10/dist-packages/livox_ros_driver2/msg/__init__.py
[4.473s] -- Up-to-date: /home/niuniu/mid360_ws/install/livox_ros_driver2/local/lib/python3.10/dist-packages/livox_ros_driver2/livox_ros_driver2_s__rosidl_typesupport_fastrtps_c.cpython-310-x86_64-linux-gnu.so
[4.473s] -- Installing: /home/niuniu/mid360_ws/install/livox_ros_driver2/local/lib/python3.10/dist-packages/livox_ros_driver2/__init__.py
[4.473s] -- Up-to-date: /home/niuniu/mid360_ws/install/livox_ros_driver2/local/lib/python3.10/dist-packages/livox_ros_driver2/livox_ros_driver2_s__rosidl_typesupport_introspection_c.cpython-310-x86_64-linux-gnu.so
[4.473s] -- Up-to-date: /home/niuniu/mid360_ws/install/livox_ros_driver2/local/lib/python3.10/dist-packages/livox_ros_driver2/_livox_ros_driver2_s.ep.rosidl_typesupport_c.c
[4.473s] -- Up-to-date: /home/niuniu/mid360_ws/install/livox_ros_driver2/local/lib/python3.10/dist-packages/livox_ros_driver2/_livox_ros_driver2_s.ep.rosidl_typesupport_introspection_c.c
[4.501s] Listing '/home/niuniu/mid360_ws/install/livox_ros_driver2/local/lib/python3.10/dist-packages/livox_ros_driver2'...
[4.501s] Compiling '/home/niuniu/mid360_ws/install/livox_ros_driver2/local/lib/python3.10/dist-packages/livox_ros_driver2/__init__.py'...
[4.501s] Listing '/home/niuniu/mid360_ws/install/livox_ros_driver2/local/lib/python3.10/dist-packages/livox_ros_driver2/msg'...
[4.504s] -- Up-to-date: /home/niuniu/mid360_ws/install/livox_ros_driver2/local/lib/python3.10/dist-packages/livox_ros_driver2/livox_ros_driver2_s__rosidl_typesupport_fastrtps_c.cpython-310-x86_64-linux-gnu.so
[4.504s] -- Up-to-date: /home/niuniu/mid360_ws/install/livox_ros_driver2/local/lib/python3.10/dist-packages/livox_ros_driver2/livox_ros_driver2_s__rosidl_typesupport_introspection_c.cpython-310-x86_64-linux-gnu.so
[4.505s] -- Up-to-date: /home/niuniu/mid360_ws/install/livox_ros_driver2/local/lib/python3.10/dist-packages/livox_ros_driver2/livox_ros_driver2_s__rosidl_typesupport_c.cpython-310-x86_64-linux-gnu.so
[4.505s] -- Up-to-date: /home/niuniu/mid360_ws/install/livox_ros_driver2/lib/liblivox_interfaces2__rosidl_generator_py.so
[4.505s] -- Up-to-date: /home/niuniu/mid360_ws/install/livox_ros_driver2/share/livox_ros_driver2/msg/CustomPoint.idl
[4.505s] -- Up-to-date: /home/niuniu/mid360_ws/install/livox_ros_driver2/share/livox_ros_driver2/msg/CustomMsg.idl
[4.505s] -- Up-to-date: /home/niuniu/mid360_ws/install/livox_ros_driver2/share/livox_ros_driver2/msg/CustomPoint.msg
[4.506s] -- Up-to-date: /home/niuniu/mid360_ws/install/livox_ros_driver2/share/livox_ros_driver2/msg/CustomMsg.msg
[4.506s] -- Up-to-date: /home/niuniu/mid360_ws/install/livox_ros_driver2/lib/livox_ros_driver2/livox_ros_driver2_node
[4.506s] -- Up-to-date: /home/niuniu/mid360_ws/install/livox_ros_driver2/lib/liblivox_ros_driver2.so
[4.506s] -- Up-to-date: /home/niuniu/mid360_ws/install/livox_ros_driver2/share/livox_ros_driver2/config
[4.506s] -- Up-to-date: /home/niuniu/mid360_ws/install/livox_ros_driver2/share/livox_ros_driver2/config/HAP_config.json
[4.506s] -- Up-to-date: /home/niuniu/mid360_ws/install/livox_ros_driver2/share/livox_ros_driver2/config/display_point_cloud_ROS1.rviz
[4.506s] -- Up-to-date: /home/niuniu/mid360_ws/install/livox_ros_driver2/share/livox_ros_driver2/config/display_point_cloud_ROS2.rviz
[4.507s] -- Up-to-date: /home/niuniu/mid360_ws/install/livox_ros_driver2/share/livox_ros_driver2/config/mixed_HAP_MID360_config.json
[4.507s] -- Up-to-date: /home/niuniu/mid360_ws/install/livox_ros_driver2/share/livox_ros_driver2/config/MID360_config.json
[4.507s] -- Up-to-date: /home/niuniu/mid360_ws/install/livox_ros_driver2/share/livox_ros_driver2/launch_ROS2
[4.507s] -- Up-to-date: /home/niuniu/mid360_ws/install/livox_ros_driver2/share/livox_ros_driver2/launch_ROS2/msg_MID360_launch.py
[4.507s] -- Up-to-date: /home/niuniu/mid360_ws/install/livox_ros_driver2/share/livox_ros_driver2/launch_ROS2/rviz_mixed.py
[4.507s] -- Up-to-date: /home/niuniu/mid360_ws/install/livox_ros_driver2/share/livox_ros_driver2/launch_ROS2/rviz_MID360_launch.py
[4.507s] -- Up-to-date: /home/niuniu/mid360_ws/install/livox_ros_driver2/share/livox_ros_driver2/launch_ROS2/msg_HAP_launch.py
[4.507s] -- Up-to-date: /home/niuniu/mid360_ws/install/livox_ros_driver2/share/livox_ros_driver2/launch_ROS2/rviz_HAP_launch.py
[4.507s] -- Up-to-date: /home/niuniu/mid360_ws/install/livox_ros_driver2/share/ament_index/resource_index/package_run_dependencies/livox_ros_driver2
[4.507s] -- Up-to-date: /home/niuniu/mid360_ws/install/livox_ros_driver2/share/ament_index/resource_index/parent_prefix_path/livox_ros_driver2
[4.507s] -- Up-to-date: /home/niuniu/mid360_ws/install/livox_ros_driver2/share/livox_ros_driver2/environment/ament_prefix_path.sh
[4.507s] -- Installing: /home/niuniu/mid360_ws/install/livox_ros_driver2/share/livox_ros_driver2/environment/ament_prefix_path.dsv
[4.507s] -- Up-to-date: /home/niuniu/mid360_ws/install/livox_ros_driver2/share/livox_ros_driver2/environment/path.sh
[4.507s] -- Installing: /home/niuniu/mid360_ws/install/livox_ros_driver2/share/livox_ros_driver2/environment/path.dsv
[4.507s] -- Up-to-date: /home/niuniu/mid360_ws/install/livox_ros_driver2/share/livox_ros_driver2/local_setup.bash
[4.507s] -- Up-to-date: /home/niuniu/mid360_ws/install/livox_ros_driver2/share/livox_ros_driver2/local_setup.sh
[4.507s] -- Up-to-date: /home/niuniu/mid360_ws/install/livox_ros_driver2/share/livox_ros_driver2/local_setup.zsh
[4.507s] -- Installing: /home/niuniu/mid360_ws/install/livox_ros_driver2/share/livox_ros_driver2/local_setup.dsv
[4.507s] -- Installing: /home/niuniu/mid360_ws/install/livox_ros_driver2/share/livox_ros_driver2/package.dsv
[4.508s] -- Up-to-date: /home/niuniu/mid360_ws/install/livox_ros_driver2/share/ament_index/resource_index/packages/livox_ros_driver2
[4.508s] -- Up-to-date: /home/niuniu/mid360_ws/install/livox_ros_driver2/share/livox_ros_driver2/cmake/export_livox_interfaces2__rosidl_generator_cExport.cmake
[4.508s] -- Up-to-date: /home/niuniu/mid360_ws/install/livox_ros_driver2/share/livox_ros_driver2/cmake/export_livox_interfaces2__rosidl_generator_cExport-noconfig.cmake
[4.508s] -- Up-to-date: /home/niuniu/mid360_ws/install/livox_ros_driver2/share/livox_ros_driver2/cmake/export_livox_interfaces2__rosidl_typesupport_fastrtps_cExport.cmake
[4.508s] -- Up-to-date: /home/niuniu/mid360_ws/install/livox_ros_driver2/share/livox_ros_driver2/cmake/export_livox_interfaces2__rosidl_typesupport_fastrtps_cExport-noconfig.cmake
[4.508s] -- Up-to-date: /home/niuniu/mid360_ws/install/livox_ros_driver2/share/livox_ros_driver2/cmake/livox_interfaces2__rosidl_typesupport_introspection_cExport.cmake
[4.508s] -- Up-to-date: /home/niuniu/mid360_ws/install/livox_ros_driver2/share/livox_ros_driver2/cmake/livox_interfaces2__rosidl_typesupport_introspection_cExport-noconfig.cmake
[4.508s] -- Up-to-date: /home/niuniu/mid360_ws/install/livox_ros_driver2/share/livox_ros_driver2/cmake/livox_interfaces2__rosidl_typesupport_cExport.cmake
[4.509s] -- Up-to-date: /home/niuniu/mid360_ws/install/livox_ros_driver2/share/livox_ros_driver2/cmake/livox_interfaces2__rosidl_typesupport_cExport-noconfig.cmake
[4.509s] -- Up-to-date: /home/niuniu/mid360_ws/install/livox_ros_driver2/share/livox_ros_driver2/cmake/export_livox_interfaces2__rosidl_generator_cppExport.cmake
[4.510s] -- Up-to-date: /home/niuniu/mid360_ws/install/livox_ros_driver2/share/livox_ros_driver2/cmake/export_livox_interfaces2__rosidl_typesupport_fastrtps_cppExport.cmake
[4.510s] -- Up-to-date: /home/niuniu/mid360_ws/install/livox_ros_driver2/share/livox_ros_driver2/cmake/export_livox_interfaces2__rosidl_typesupport_fastrtps_cppExport-noconfig.cmake
[4.510s] -- Up-to-date: /home/niuniu/mid360_ws/install/livox_ros_driver2/share/livox_ros_driver2/cmake/livox_interfaces2__rosidl_typesupport_introspection_cppExport.cmake
[4.510s] -- Up-to-date: /home/niuniu/mid360_ws/install/livox_ros_driver2/share/livox_ros_driver2/cmake/livox_interfaces2__rosidl_typesupport_introspection_cppExport-noconfig.cmake
[4.510s] -- Up-to-date: /home/niuniu/mid360_ws/install/livox_ros_driver2/share/livox_ros_driver2/cmake/livox_interfaces2__rosidl_typesupport_cppExport.cmake
[4.510s] -- Up-to-date: /home/niuniu/mid360_ws/install/livox_ros_driver2/share/livox_ros_driver2/cmake/livox_interfaces2__rosidl_typesupport_cppExport-noconfig.cmake
[4.510s] -- Up-to-date: /home/niuniu/mid360_ws/install/livox_ros_driver2/share/livox_ros_driver2/cmake/export_livox_interfaces2__rosidl_generator_pyExport.cmake
[4.510s] -- Up-to-date: /home/niuniu/mid360_ws/install/livox_ros_driver2/share/livox_ros_driver2/cmake/export_livox_interfaces2__rosidl_generator_pyExport-noconfig.cmake
[4.510s] -- Up-to-date: /home/niuniu/mid360_ws/install/livox_ros_driver2/share/ament_index/resource_index/rclcpp_components/livox_ros_driver2
[4.510s] -- Up-to-date: /home/niuniu/mid360_ws/install/livox_ros_driver2/share/livox_ros_driver2/cmake/rosidl_cmake-extras.cmake
[4.510s] -- Up-to-date: /home/niuniu/mid360_ws/install/livox_ros_driver2/share/livox_ros_driver2/cmake/ament_cmake_export_dependencies-extras.cmake
[4.510s] -- Up-to-date: /home/niuniu/mid360_ws/install/livox_ros_driver2/share/livox_ros_driver2/cmake/ament_cmake_export_include_directories-extras.cmake
[4.510s] -- Up-to-date: /home/niuniu/mid360_ws/install/livox_ros_driver2/share/livox_ros_driver2/cmake/ament_cmake_export_libraries-extras.cmake
[4.510s] -- Up-to-date: /home/niuniu/mid360_ws/install/livox_ros_driver2/share/livox_ros_driver2/cmake/ament_cmake_export_targets-extras.cmake
[4.510s] -- Up-to-date: /home/niuniu/mid360_ws/install/livox_ros_driver2/share/livox_ros_driver2/cmake/rosidl_cmake_export_typesupport_targets-extras.cmake
[4.510s] -- Up-to-date: /home/niuniu/mid360_ws/install/livox_ros_driver2/share/livox_ros_driver2/cmake/rosidl_cmake_export_typesupport_libraries-extras.cmake
[4.510s] -- Up-to-date: /home/niuniu/mid360_ws/install/livox_ros_driver2/share/livox_ros_driver2/cmake/livox_ros_driver2Config.cmake
[4.510s] -- Up-to-date: /home/niuniu/mid360_ws/install/livox_ros_driver2/share/livox_ros_driver2/cmake/livox_ros_driver2Config-version.cmake
[4.510s] -- Up-to-date: /home/niuniu/mid360_ws/install/livox_ros_driver2/share/livox_ros_driver2/package.xml
[4.513s] Invoked command in '/home/niuniu/mid360_ws/build/livox_ros_driver2' returned '0': CMAKE_PREFIX_PATH=${CMAKE_PREFIX_PATH}:/opt/ros/humble /usr/bin/cmake --install /home/niuniu/mid360_ws/build/livox_ros_driver2
