[0.016s] Invoking command in '/home/niuniu/mid360_ws/build/fast_lio': CMAKE_PREFIX_PATH=/home/niuniu/mid360_ws/install/livox_ros_driver2:/home/niuniu/mid360_ws/install/fast_lio:/home/niuniu/ydlidar_ws/install/ydlidar_ros2_driver:/opt/ros/humble LD_LIBRARY_PATH=/home/niuniu/mid360_ws/install/livox_ros_driver2/lib:/home/niuniu/mid360_ws/install/livox_sdk2/lib:/home/niuniu/mid360_ws/install/fast_lio/lib:/lib:/opt/ros/humble/lib:/lib:/opt/ros/humble/lib:/usr/lib/x86_64-linux-gnu/gazebo-11/plugins:/opt/ros/humble/opt/rviz_ogre_vendor/lib:/opt/ros/humble/lib/x86_64-linux-gnu:/opt/ros/humble/lib:/usr/local/lib:/usr/local/lib /usr/bin/cmake /home/niuniu/mid360_ws/src/rm_localization/FAST_LIO -DCMAKE_INSTALL_PREFIX=/home/niuniu/mid360_ws/install/fast_lio
[0.031s] [0mCurrent CPU archtecture: x86_64[0m
[0.042s] [0mProcesser number:  8[0m
[0.043s] [0mcore for MP: 3[0m
[0.046s] -- Found PythonLibs: /usr/lib/x86_64-linux-gnu/libpython3.10.so (found version "3.10.12") 
[0.047s] -- Found ament_cmake: 1.3.11 (/opt/ros/humble/share/ament_cmake/cmake)
[0.164s] -- Found rclcpp: 16.0.12 (/opt/ros/humble/share/rclcpp/cmake)
[0.186s] -- Found rosidl_generator_c: 3.1.6 (/opt/ros/humble/share/rosidl_generator_c/cmake)
[0.187s] -- Found rosidl_adapter: 3.1.6 (/opt/ros/humble/share/rosidl_adapter/cmake)
[0.191s] -- Found rosidl_generator_cpp: 3.1.6 (/opt/ros/humble/share/rosidl_generator_cpp/cmake)
[0.197s] -- Using all available rosidl_typesupport_c: rosidl_typesupport_fastrtps_c;rosidl_typesupport_introspection_c
[0.204s] -- Using all available rosidl_typesupport_cpp: rosidl_typesupport_fastrtps_cpp;rosidl_typesupport_introspection_cpp
[0.225s] -- Found rmw_implementation_cmake: 6.1.2 (/opt/ros/humble/share/rmw_implementation_cmake/cmake)
[0.226s] -- Found rmw_fastrtps_cpp: 6.2.7 (/opt/ros/humble/share/rmw_fastrtps_cpp/cmake)
[0.308s] -- Using RMW implementation 'rmw_fastrtps_cpp' as default
[0.339s] -- Found rclcpp_components: 16.0.12 (/opt/ros/humble/share/rclcpp_components/cmake)
[0.351s] -- Found geometry_msgs: 4.9.0 (/opt/ros/humble/share/geometry_msgs/cmake)
[0.360s] -- Found nav_msgs: 4.9.0 (/opt/ros/humble/share/nav_msgs/cmake)
[0.383s] -- Found sensor_msgs: 4.9.0 (/opt/ros/humble/share/sensor_msgs/cmake)
[0.395s] -- Found std_srvs: 4.9.0 (/opt/ros/humble/share/std_srvs/cmake)
[0.416s] -- Found visualization_msgs: 4.9.0 (/opt/ros/humble/share/visualization_msgs/cmake)
[0.443s] -- Found pcl_conversions: 2.4.5 (/opt/ros/humble/share/pcl_conversions/cmake)
[0.469s] -- Eigen found (include: /usr/include/eigen3, version: 3.4.0)
[0.492s] -- FLANN found (include: /usr/include, lib: /usr/lib/x86_64-linux-gnu/libflann_cpp.so)
[0.787s] -- OpenNI found (version: 1.5.4.0, include: /usr/include/ni, lib: /usr/lib/libOpenNI.so;libusb::libusb)
[0.792s] -- OpenNI2 found (version: 2.2.0.33, include: /usr/include/openni2, lib: /usr/lib/x86_64-linux-gnu/libOpenNI2.so;libusb::libusb)
[0.913s] -- Eigen found (include: /usr/include/eigen3, version: 3.4.0)
[0.920s] -- OpenNI found (version: 1.5.4.0, include: /usr/include/ni, lib: /usr/lib/libOpenNI.so;libusb::libusb)
[0.925s] -- OpenNI2 found (version: 2.2.0.33, include: /usr/include/openni2, lib: /usr/lib/x86_64-linux-gnu/libOpenNI2.so;libusb::libusb)
[1.053s] -- Found Qhull version 8.0.2
[1.172s] -- OpenNI found (version: 1.5.4.0, include: /usr/include/ni, lib: /usr/lib/libOpenNI.so;libusb::libusb)
[1.290s] -- Found livox_ros_driver2: 1.0.0 (/home/niuniu/mid360_ws/install/livox_ros_driver2/share/livox_ros_driver2/cmake)
[1.304s] -- Found rosidl_default_generators: 1.2.0 (/opt/ros/humble/share/rosidl_default_generators/cmake)
[1.311s] -- Found tf2: 0.25.13 (/opt/ros/humble/share/tf2/cmake)
[1.328s] -- Found tf2_ros: 0.25.13 (/opt/ros/humble/share/tf2_ros/cmake)
[1.433s] -- Found tf2_geometry_msgs: 0.25.13 (/opt/ros/humble/share/tf2_geometry_msgs/cmake)
[1.445s] -- Found eigen3_cmake_module: 0.1.1 (/opt/ros/humble/share/eigen3_cmake_module/cmake)
[1.448s] -- Ensuring Eigen3 include directory is part of orocos-kdl CMake target
[1.450s] [33mCMake Warning (dev) at CMakeLists.txt:84 (find_package):
[1.450s]   Policy CMP0074 is not set: find_package uses <PackageName>_ROOT variables.
[1.450s]   Run "cmake --help-policy CMP0074" for policy details.  Use the cmake_policy
[1.450s]   command to set the policy and suppress this warning.
[1.450s] 
[1.450s]   CMake variable PCL_ROOT is set to:
[1.450s] 
[1.450s]     /usr
[1.450s] 
[1.450s]   For compatibility, CMake is ignoring the variable.
[1.450s] This warning is for project developers.  Use -Wno-dev to suppress it.
[1.450s] [0m
[1.458s] -- PCL: /usr/include/pcl-1.12
[1.458s] [0mEigen:/usr/include/eigen3[0m
[1.705s] -- Found ament_cmake_ros: 0.10.0 (/opt/ros/humble/share/ament_cmake_ros/cmake)
[1.977s] -- Using all available rosidl_typesupport_c: rosidl_typesupport_fastrtps_c;rosidl_typesupport_introspection_c
[2.068s] -- Using all available rosidl_typesupport_cpp: rosidl_typesupport_fastrtps_cpp;rosidl_typesupport_introspection_cpp
[2.086s] -- Found python_cmake_module: 0.10.0 (/opt/ros/humble/share/python_cmake_module/cmake)
[2.102s] -- Found PythonLibs: /usr/lib/x86_64-linux-gnu/libpython3.10.so (found suitable version "3.10.12", minimum required is "3.5") 
[2.102s] -- Using PYTHON_EXECUTABLE: /usr/bin/python3
[2.102s] -- Using PYTHON_INCLUDE_DIRS: /usr/include/python3.10
[2.102s] -- Using PYTHON_LIBRARIES: /usr/lib/x86_64-linux-gnu/libpython3.10.so
[2.130s] -- Configuring done
[2.245s] -- Generating done
[2.267s] -- Build files have been written to: /home/niuniu/mid360_ws/build/fast_lio
[2.284s] Invoked command in '/home/niuniu/mid360_ws/build/fast_lio' returned '0': CMAKE_PREFIX_PATH=/home/niuniu/mid360_ws/install/livox_ros_driver2:/home/niuniu/mid360_ws/install/fast_lio:/home/niuniu/ydlidar_ws/install/ydlidar_ros2_driver:/opt/ros/humble LD_LIBRARY_PATH=/home/niuniu/mid360_ws/install/livox_ros_driver2/lib:/home/niuniu/mid360_ws/install/livox_sdk2/lib:/home/niuniu/mid360_ws/install/fast_lio/lib:/lib:/opt/ros/humble/lib:/lib:/opt/ros/humble/lib:/usr/lib/x86_64-linux-gnu/gazebo-11/plugins:/opt/ros/humble/opt/rviz_ogre_vendor/lib:/opt/ros/humble/lib/x86_64-linux-gnu:/opt/ros/humble/lib:/usr/local/lib:/usr/local/lib /usr/bin/cmake /home/niuniu/mid360_ws/src/rm_localization/FAST_LIO -DCMAKE_INSTALL_PREFIX=/home/niuniu/mid360_ws/install/fast_lio
[2.288s] Invoking command in '/home/niuniu/mid360_ws/build/fast_lio': CMAKE_PREFIX_PATH=/home/niuniu/mid360_ws/install/livox_ros_driver2:/home/niuniu/mid360_ws/install/fast_lio:/home/niuniu/ydlidar_ws/install/ydlidar_ros2_driver:/opt/ros/humble LD_LIBRARY_PATH=/home/niuniu/mid360_ws/install/livox_ros_driver2/lib:/home/niuniu/mid360_ws/install/livox_sdk2/lib:/home/niuniu/mid360_ws/install/fast_lio/lib:/lib:/opt/ros/humble/lib:/lib:/opt/ros/humble/lib:/usr/lib/x86_64-linux-gnu/gazebo-11/plugins:/opt/ros/humble/opt/rviz_ogre_vendor/lib:/opt/ros/humble/lib/x86_64-linux-gnu:/opt/ros/humble/lib:/usr/local/lib:/usr/local/lib /usr/bin/cmake --build /home/niuniu/mid360_ws/build/fast_lio -- -j8 -l8
[2.342s] [35m[1mConsolidate compiler generated dependencies of target fast_lio__rosidl_generator_c[0m
[2.353s] [  2%] Built target fast_lio__cpp
[2.356s] [ 11%] Built target fast_lio__rosidl_generator_c
[2.366s] [ 11%] Built target ament_cmake_python_copy_fast_lio
[2.370s] [35m[1mConsolidate compiler generated dependencies of target fast_lio__rosidl_typesupport_fastrtps_cpp[0m
[2.370s] [35m[1mConsolidate compiler generated dependencies of target fast_lio__rosidl_typesupport_introspection_c[0m
[2.370s] [35m[1mConsolidate compiler generated dependencies of target fast_lio__rosidl_typesupport_introspection_cpp[0m
[2.370s] [35m[1mConsolidate compiler generated dependencies of target fast_lio__rosidl_typesupport_fastrtps_c[0m
[2.370s] [35m[1mConsolidate compiler generated dependencies of target fast_lio__rosidl_typesupport_c[0m
[2.374s] [35m[1mConsolidate compiler generated dependencies of target fast_lio__rosidl_typesupport_cpp[0m
[2.384s] [ 20%] Built target fast_lio__rosidl_typesupport_fastrtps_cpp
[2.384s] [ 28%] Built target fast_lio__rosidl_typesupport_c
[2.384s] [ 37%] Built target fast_lio__rosidl_typesupport_introspection_c
[2.385s] [ 45%] Built target fast_lio__rosidl_typesupport_introspection_cpp
[2.391s] [ 54%] Built target fast_lio__rosidl_typesupport_cpp
[2.394s] [ 62%] Built target fast_lio__rosidl_typesupport_fastrtps_c
[2.412s] [35m[1mConsolidate compiler generated dependencies of target fastlio_mapping[0m
[2.423s] [ 62%] Built target fast_lio
[2.449s] [ 65%] Built target fast_lio__py
[2.462s] [35m[1mConsolidate compiler generated dependencies of target fast_lio__rosidl_generator_py[0m
[2.479s] [ 71%] Built target fast_lio__rosidl_generator_py
[2.491s] [35m[1mConsolidate compiler generated dependencies of target fast_lio__rosidl_typesupport_introspection_c__pyext[0m
[2.493s] [35m[1mConsolidate compiler generated dependencies of target fast_lio__rosidl_typesupport_fastrtps_c__pyext[0m
[2.498s] [35m[1mConsolidate compiler generated dependencies of target fast_lio__rosidl_typesupport_c__pyext[0m
[2.509s] [ 82%] Built target fastlio_mapping
[2.515s] [ 88%] Built target fast_lio__rosidl_typesupport_introspection_c__pyext
[2.523s] [ 94%] Built target fast_lio__rosidl_typesupport_c__pyext
[2.529s] running egg_info
[2.529s] writing fast_lio.egg-info/PKG-INFO
[2.530s] writing dependency_links to fast_lio.egg-info/dependency_links.txt
[2.530s] writing top-level names to fast_lio.egg-info/top_level.txt
[2.532s] reading manifest file 'fast_lio.egg-info/SOURCES.txt'
[2.532s] writing manifest file 'fast_lio.egg-info/SOURCES.txt'
[2.544s] [100%] Built target fast_lio__rosidl_typesupport_fastrtps_c__pyext
[2.554s] [100%] Built target ament_cmake_python_build_fast_lio_egg
[2.566s] Invoked command in '/home/niuniu/mid360_ws/build/fast_lio' returned '0': CMAKE_PREFIX_PATH=/home/niuniu/mid360_ws/install/livox_ros_driver2:/home/niuniu/mid360_ws/install/fast_lio:/home/niuniu/ydlidar_ws/install/ydlidar_ros2_driver:/opt/ros/humble LD_LIBRARY_PATH=/home/niuniu/mid360_ws/install/livox_ros_driver2/lib:/home/niuniu/mid360_ws/install/livox_sdk2/lib:/home/niuniu/mid360_ws/install/fast_lio/lib:/lib:/opt/ros/humble/lib:/lib:/opt/ros/humble/lib:/usr/lib/x86_64-linux-gnu/gazebo-11/plugins:/opt/ros/humble/opt/rviz_ogre_vendor/lib:/opt/ros/humble/lib/x86_64-linux-gnu:/opt/ros/humble/lib:/usr/local/lib:/usr/local/lib /usr/bin/cmake --build /home/niuniu/mid360_ws/build/fast_lio -- -j8 -l8
[2.570s] Invoking command in '/home/niuniu/mid360_ws/build/fast_lio': CMAKE_PREFIX_PATH=/home/niuniu/mid360_ws/install/livox_ros_driver2:/home/niuniu/mid360_ws/install/fast_lio:/home/niuniu/ydlidar_ws/install/ydlidar_ros2_driver:/opt/ros/humble LD_LIBRARY_PATH=/home/niuniu/mid360_ws/install/livox_ros_driver2/lib:/home/niuniu/mid360_ws/install/livox_sdk2/lib:/home/niuniu/mid360_ws/install/fast_lio/lib:/lib:/opt/ros/humble/lib:/lib:/opt/ros/humble/lib:/usr/lib/x86_64-linux-gnu/gazebo-11/plugins:/opt/ros/humble/opt/rviz_ogre_vendor/lib:/opt/ros/humble/lib/x86_64-linux-gnu:/opt/ros/humble/lib:/usr/local/lib:/usr/local/lib /usr/bin/cmake --install /home/niuniu/mid360_ws/build/fast_lio
[2.577s] -- Install configuration: "Release"
[2.577s] -- Up-to-date: /home/niuniu/mid360_ws/install/fast_lio/share/ament_index/resource_index/rosidl_interfaces/fast_lio
[2.578s] -- Up-to-date: /home/niuniu/mid360_ws/install/fast_lio/include/fast_lio/fast_lio
[2.578s] -- Up-to-date: /home/niuniu/mid360_ws/install/fast_lio/include/fast_lio/fast_lio/msg
[2.578s] -- Up-to-date: /home/niuniu/mid360_ws/install/fast_lio/include/fast_lio/fast_lio/msg/pose6_d.h
[2.578s] -- Up-to-date: /home/niuniu/mid360_ws/install/fast_lio/include/fast_lio/fast_lio/msg/detail
[2.578s] -- Up-to-date: /home/niuniu/mid360_ws/install/fast_lio/include/fast_lio/fast_lio/msg/detail/pose6_d__type_support.h
[2.578s] -- Up-to-date: /home/niuniu/mid360_ws/install/fast_lio/include/fast_lio/fast_lio/msg/detail/pose6_d__struct.h
[2.578s] -- Up-to-date: /home/niuniu/mid360_ws/install/fast_lio/include/fast_lio/fast_lio/msg/detail/pose6_d__functions.h
[2.578s] -- Up-to-date: /home/niuniu/mid360_ws/install/fast_lio/include/fast_lio/fast_lio/msg/detail/pose6_d__functions.c
[2.578s] -- Up-to-date: /home/niuniu/mid360_ws/install/fast_lio/include/fast_lio/fast_lio/msg/rosidl_generator_c__visibility_control.h
[2.578s] -- Up-to-date: /home/niuniu/mid360_ws/install/fast_lio/share/fast_lio/environment/library_path.sh
[2.578s] -- Installing: /home/niuniu/mid360_ws/install/fast_lio/share/fast_lio/environment/library_path.dsv
[2.578s] -- Up-to-date: /home/niuniu/mid360_ws/install/fast_lio/lib/libfast_lio__rosidl_generator_c.so
[2.578s] -- Up-to-date: /home/niuniu/mid360_ws/install/fast_lio/include/fast_lio/fast_lio
[2.579s] -- Up-to-date: /home/niuniu/mid360_ws/install/fast_lio/include/fast_lio/fast_lio/msg
[2.579s] -- Up-to-date: /home/niuniu/mid360_ws/install/fast_lio/include/fast_lio/fast_lio/msg/rosidl_typesupport_fastrtps_c__visibility_control.h
[2.579s] -- Up-to-date: /home/niuniu/mid360_ws/install/fast_lio/include/fast_lio/fast_lio/msg/detail
[2.579s] -- Up-to-date: /home/niuniu/mid360_ws/install/fast_lio/include/fast_lio/fast_lio/msg/detail/pose6_d__rosidl_typesupport_fastrtps_c.h
[2.579s] -- Up-to-date: /home/niuniu/mid360_ws/install/fast_lio/lib/libfast_lio__rosidl_typesupport_fastrtps_c.so
[2.579s] -- Up-to-date: /home/niuniu/mid360_ws/install/fast_lio/include/fast_lio/fast_lio
[2.579s] -- Up-to-date: /home/niuniu/mid360_ws/install/fast_lio/include/fast_lio/fast_lio/msg
[2.579s] -- Up-to-date: /home/niuniu/mid360_ws/install/fast_lio/include/fast_lio/fast_lio/msg/rosidl_generator_cpp__visibility_control.hpp
[2.579s] -- Up-to-date: /home/niuniu/mid360_ws/install/fast_lio/include/fast_lio/fast_lio/msg/detail
[2.579s] -- Up-to-date: /home/niuniu/mid360_ws/install/fast_lio/include/fast_lio/fast_lio/msg/detail/pose6_d__type_support.hpp
[2.579s] -- Up-to-date: /home/niuniu/mid360_ws/install/fast_lio/include/fast_lio/fast_lio/msg/detail/pose6_d__traits.hpp
[2.579s] -- Up-to-date: /home/niuniu/mid360_ws/install/fast_lio/include/fast_lio/fast_lio/msg/detail/pose6_d__struct.hpp
[2.579s] -- Up-to-date: /home/niuniu/mid360_ws/install/fast_lio/include/fast_lio/fast_lio/msg/detail/pose6_d__builder.hpp
[2.579s] -- Up-to-date: /home/niuniu/mid360_ws/install/fast_lio/include/fast_lio/fast_lio/msg/pose6_d.hpp
[2.579s] -- Up-to-date: /home/niuniu/mid360_ws/install/fast_lio/include/fast_lio/fast_lio
[2.580s] -- Up-to-date: /home/niuniu/mid360_ws/install/fast_lio/include/fast_lio/fast_lio/msg
[2.580s] -- Up-to-date: /home/niuniu/mid360_ws/install/fast_lio/include/fast_lio/fast_lio/msg/rosidl_typesupport_fastrtps_cpp__visibility_control.h
[2.580s] -- Up-to-date: /home/niuniu/mid360_ws/install/fast_lio/include/fast_lio/fast_lio/msg/detail
[2.580s] -- Up-to-date: /home/niuniu/mid360_ws/install/fast_lio/include/fast_lio/fast_lio/msg/detail/pose6_d__rosidl_typesupport_fastrtps_cpp.hpp
[2.580s] -- Up-to-date: /home/niuniu/mid360_ws/install/fast_lio/include/fast_lio/fast_lio/msg/detail/dds_fastrtps
[2.580s] -- Up-to-date: /home/niuniu/mid360_ws/install/fast_lio/lib/libfast_lio__rosidl_typesupport_fastrtps_cpp.so
[2.580s] -- Up-to-date: /home/niuniu/mid360_ws/install/fast_lio/include/fast_lio/fast_lio
[2.580s] -- Up-to-date: /home/niuniu/mid360_ws/install/fast_lio/include/fast_lio/fast_lio/msg
[2.580s] -- Up-to-date: /home/niuniu/mid360_ws/install/fast_lio/include/fast_lio/fast_lio/msg/detail
[2.580s] -- Up-to-date: /home/niuniu/mid360_ws/install/fast_lio/include/fast_lio/fast_lio/msg/detail/pose6_d__rosidl_typesupport_introspection_c.h
[2.580s] -- Up-to-date: /home/niuniu/mid360_ws/install/fast_lio/include/fast_lio/fast_lio/msg/detail/pose6_d__type_support.c
[2.580s] -- Up-to-date: /home/niuniu/mid360_ws/install/fast_lio/include/fast_lio/fast_lio/msg/rosidl_typesupport_introspection_c__visibility_control.h
[2.580s] -- Up-to-date: /home/niuniu/mid360_ws/install/fast_lio/lib/libfast_lio__rosidl_typesupport_introspection_c.so
[2.580s] -- Up-to-date: /home/niuniu/mid360_ws/install/fast_lio/lib/libfast_lio__rosidl_typesupport_c.so
[2.580s] -- Up-to-date: /home/niuniu/mid360_ws/install/fast_lio/include/fast_lio/fast_lio
[2.581s] -- Up-to-date: /home/niuniu/mid360_ws/install/fast_lio/include/fast_lio/fast_lio/msg
[2.581s] -- Up-to-date: /home/niuniu/mid360_ws/install/fast_lio/include/fast_lio/fast_lio/msg/detail
[2.581s] -- Up-to-date: /home/niuniu/mid360_ws/install/fast_lio/include/fast_lio/fast_lio/msg/detail/pose6_d__rosidl_typesupport_introspection_cpp.hpp
[2.581s] -- Up-to-date: /home/niuniu/mid360_ws/install/fast_lio/include/fast_lio/fast_lio/msg/detail/pose6_d__type_support.cpp
[2.581s] -- Up-to-date: /home/niuniu/mid360_ws/install/fast_lio/lib/libfast_lio__rosidl_typesupport_introspection_cpp.so
[2.581s] -- Up-to-date: /home/niuniu/mid360_ws/install/fast_lio/lib/libfast_lio__rosidl_typesupport_cpp.so
[2.581s] -- Up-to-date: /home/niuniu/mid360_ws/install/fast_lio/share/fast_lio/environment/pythonpath.sh
[2.581s] -- Installing: /home/niuniu/mid360_ws/install/fast_lio/share/fast_lio/environment/pythonpath.dsv
[2.582s] -- Up-to-date: /home/niuniu/mid360_ws/install/fast_lio/local/lib/python3.10/dist-packages/fast_lio-0.0.0-py3.10.egg-info
[2.582s] -- Installing: /home/niuniu/mid360_ws/install/fast_lio/local/lib/python3.10/dist-packages/fast_lio-0.0.0-py3.10.egg-info/SOURCES.txt
[2.582s] -- Installing: /home/niuniu/mid360_ws/install/fast_lio/local/lib/python3.10/dist-packages/fast_lio-0.0.0-py3.10.egg-info/PKG-INFO
[2.582s] -- Installing: /home/niuniu/mid360_ws/install/fast_lio/local/lib/python3.10/dist-packages/fast_lio-0.0.0-py3.10.egg-info/dependency_links.txt
[2.582s] -- Installing: /home/niuniu/mid360_ws/install/fast_lio/local/lib/python3.10/dist-packages/fast_lio-0.0.0-py3.10.egg-info/top_level.txt
[2.582s] -- Up-to-date: /home/niuniu/mid360_ws/install/fast_lio/local/lib/python3.10/dist-packages/fast_lio
[2.583s] -- Up-to-date: /home/niuniu/mid360_ws/install/fast_lio/local/lib/python3.10/dist-packages/fast_lio/_fast_lio_s.ep.rosidl_typesupport_fastrtps_c.c
[2.583s] -- Up-to-date: /home/niuniu/mid360_ws/install/fast_lio/local/lib/python3.10/dist-packages/fast_lio/_fast_lio_s.ep.rosidl_typesupport_introspection_c.c
[2.583s] -- Up-to-date: /home/niuniu/mid360_ws/install/fast_lio/local/lib/python3.10/dist-packages/fast_lio/libfast_lio__rosidl_generator_py.so
[2.583s] -- Up-to-date: /home/niuniu/mid360_ws/install/fast_lio/local/lib/python3.10/dist-packages/fast_lio/fast_lio_s__rosidl_typesupport_c.cpython-310-x86_64-linux-gnu.so
[2.583s] -- Up-to-date: /home/niuniu/mid360_ws/install/fast_lio/local/lib/python3.10/dist-packages/fast_lio/msg
[2.583s] -- Up-to-date: /home/niuniu/mid360_ws/install/fast_lio/local/lib/python3.10/dist-packages/fast_lio/msg/_pose6_d.py
[2.583s] -- Up-to-date: /home/niuniu/mid360_ws/install/fast_lio/local/lib/python3.10/dist-packages/fast_lio/msg/__init__.py
[2.583s] -- Up-to-date: /home/niuniu/mid360_ws/install/fast_lio/local/lib/python3.10/dist-packages/fast_lio/msg/_pose6_d_s.c
[2.583s] -- Installing: /home/niuniu/mid360_ws/install/fast_lio/local/lib/python3.10/dist-packages/fast_lio/__init__.py
[2.583s] -- Up-to-date: /home/niuniu/mid360_ws/install/fast_lio/local/lib/python3.10/dist-packages/fast_lio/_fast_lio_s.ep.rosidl_typesupport_c.c
[2.583s] -- Up-to-date: /home/niuniu/mid360_ws/install/fast_lio/local/lib/python3.10/dist-packages/fast_lio/fast_lio_s__rosidl_typesupport_fastrtps_c.cpython-310-x86_64-linux-gnu.so
[2.583s] -- Up-to-date: /home/niuniu/mid360_ws/install/fast_lio/local/lib/python3.10/dist-packages/fast_lio/fast_lio_s__rosidl_typesupport_introspection_c.cpython-310-x86_64-linux-gnu.so
[2.607s] Listing '/home/niuniu/mid360_ws/install/fast_lio/local/lib/python3.10/dist-packages/fast_lio'...
[2.607s] Compiling '/home/niuniu/mid360_ws/install/fast_lio/local/lib/python3.10/dist-packages/fast_lio/__init__.py'...
[2.607s] Listing '/home/niuniu/mid360_ws/install/fast_lio/local/lib/python3.10/dist-packages/fast_lio/msg'...
[2.610s] -- Up-to-date: /home/niuniu/mid360_ws/install/fast_lio/local/lib/python3.10/dist-packages/fast_lio/fast_lio_s__rosidl_typesupport_fastrtps_c.cpython-310-x86_64-linux-gnu.so
[2.610s] -- Up-to-date: /home/niuniu/mid360_ws/install/fast_lio/local/lib/python3.10/dist-packages/fast_lio/fast_lio_s__rosidl_typesupport_introspection_c.cpython-310-x86_64-linux-gnu.so
[2.610s] -- Up-to-date: /home/niuniu/mid360_ws/install/fast_lio/local/lib/python3.10/dist-packages/fast_lio/fast_lio_s__rosidl_typesupport_c.cpython-310-x86_64-linux-gnu.so
[2.611s] -- Up-to-date: /home/niuniu/mid360_ws/install/fast_lio/lib/libfast_lio__rosidl_generator_py.so
[2.611s] -- Up-to-date: /home/niuniu/mid360_ws/install/fast_lio/share/fast_lio/msg/Pose6D.idl
[2.611s] -- Up-to-date: /home/niuniu/mid360_ws/install/fast_lio/share/fast_lio/msg/Pose6D.msg
[2.611s] -- Up-to-date: /home/niuniu/mid360_ws/install/fast_lio/lib/fast_lio/fastlio_mapping
[2.611s] -- Up-to-date: /home/niuniu/mid360_ws/install/fast_lio/share/fast_lio/config
[2.611s] -- Up-to-date: /home/niuniu/mid360_ws/install/fast_lio/share/fast_lio/config/ouster64.yaml
[2.611s] -- Up-to-date: /home/niuniu/mid360_ws/install/fast_lio/share/fast_lio/config/mid360.yaml
[2.611s] -- Up-to-date: /home/niuniu/mid360_ws/install/fast_lio/share/fast_lio/config/avia.yaml
[2.612s] -- Up-to-date: /home/niuniu/mid360_ws/install/fast_lio/share/fast_lio/config/velodyne.yaml
[2.612s] -- Up-to-date: /home/niuniu/mid360_ws/install/fast_lio/share/fast_lio/config/horizon.yaml
[2.612s] -- Up-to-date: /home/niuniu/mid360_ws/install/fast_lio/share/fast_lio/launch
[2.612s] -- Up-to-date: /home/niuniu/mid360_ws/install/fast_lio/share/fast_lio/launch/mapping.launch.py
[2.612s] -- Up-to-date: /home/niuniu/mid360_ws/install/fast_lio/share/fast_lio/launch/gdb_debug_example.launch
[2.612s] -- Up-to-date: /home/niuniu/mid360_ws/install/fast_lio/share/fast_lio/rviz
[2.612s] -- Up-to-date: /home/niuniu/mid360_ws/install/fast_lio/share/fast_lio/rviz/fastlio.rviz
[2.612s] -- Up-to-date: /home/niuniu/mid360_ws/install/fast_lio/share/ament_index/resource_index/package_run_dependencies/fast_lio
[2.612s] -- Up-to-date: /home/niuniu/mid360_ws/install/fast_lio/share/ament_index/resource_index/parent_prefix_path/fast_lio
[2.612s] -- Up-to-date: /home/niuniu/mid360_ws/install/fast_lio/share/fast_lio/environment/ament_prefix_path.sh
[2.612s] -- Installing: /home/niuniu/mid360_ws/install/fast_lio/share/fast_lio/environment/ament_prefix_path.dsv
[2.612s] -- Up-to-date: /home/niuniu/mid360_ws/install/fast_lio/share/fast_lio/environment/path.sh
[2.612s] -- Installing: /home/niuniu/mid360_ws/install/fast_lio/share/fast_lio/environment/path.dsv
[2.612s] -- Up-to-date: /home/niuniu/mid360_ws/install/fast_lio/share/fast_lio/local_setup.bash
[2.612s] -- Up-to-date: /home/niuniu/mid360_ws/install/fast_lio/share/fast_lio/local_setup.sh
[2.612s] -- Up-to-date: /home/niuniu/mid360_ws/install/fast_lio/share/fast_lio/local_setup.zsh
[2.613s] -- Installing: /home/niuniu/mid360_ws/install/fast_lio/share/fast_lio/local_setup.dsv
[2.613s] -- Installing: /home/niuniu/mid360_ws/install/fast_lio/share/fast_lio/package.dsv
[2.613s] -- Up-to-date: /home/niuniu/mid360_ws/install/fast_lio/share/ament_index/resource_index/packages/fast_lio
[2.613s] -- Up-to-date: /home/niuniu/mid360_ws/install/fast_lio/share/fast_lio/cmake/export_fast_lio__rosidl_generator_cExport.cmake
[2.613s] -- Up-to-date: /home/niuniu/mid360_ws/install/fast_lio/share/fast_lio/cmake/export_fast_lio__rosidl_generator_cExport-release.cmake
[2.613s] -- Up-to-date: /home/niuniu/mid360_ws/install/fast_lio/share/fast_lio/cmake/export_fast_lio__rosidl_typesupport_fastrtps_cExport.cmake
[2.613s] -- Up-to-date: /home/niuniu/mid360_ws/install/fast_lio/share/fast_lio/cmake/export_fast_lio__rosidl_typesupport_fastrtps_cExport-release.cmake
[2.613s] -- Up-to-date: /home/niuniu/mid360_ws/install/fast_lio/share/fast_lio/cmake/export_fast_lio__rosidl_generator_cppExport.cmake
[2.614s] -- Up-to-date: /home/niuniu/mid360_ws/install/fast_lio/share/fast_lio/cmake/export_fast_lio__rosidl_typesupport_fastrtps_cppExport.cmake
[2.614s] -- Up-to-date: /home/niuniu/mid360_ws/install/fast_lio/share/fast_lio/cmake/export_fast_lio__rosidl_typesupport_fastrtps_cppExport-release.cmake
[2.614s] -- Up-to-date: /home/niuniu/mid360_ws/install/fast_lio/share/fast_lio/cmake/fast_lio__rosidl_typesupport_introspection_cExport.cmake
[2.614s] -- Up-to-date: /home/niuniu/mid360_ws/install/fast_lio/share/fast_lio/cmake/fast_lio__rosidl_typesupport_introspection_cExport-release.cmake
[2.614s] -- Up-to-date: /home/niuniu/mid360_ws/install/fast_lio/share/fast_lio/cmake/fast_lio__rosidl_typesupport_cExport.cmake
[2.614s] -- Up-to-date: /home/niuniu/mid360_ws/install/fast_lio/share/fast_lio/cmake/fast_lio__rosidl_typesupport_cExport-release.cmake
[2.615s] -- Up-to-date: /home/niuniu/mid360_ws/install/fast_lio/share/fast_lio/cmake/fast_lio__rosidl_typesupport_introspection_cppExport.cmake
[2.615s] -- Up-to-date: /home/niuniu/mid360_ws/install/fast_lio/share/fast_lio/cmake/fast_lio__rosidl_typesupport_introspection_cppExport-release.cmake
[2.615s] -- Up-to-date: /home/niuniu/mid360_ws/install/fast_lio/share/fast_lio/cmake/fast_lio__rosidl_typesupport_cppExport.cmake
[2.615s] -- Up-to-date: /home/niuniu/mid360_ws/install/fast_lio/share/fast_lio/cmake/fast_lio__rosidl_typesupport_cppExport-release.cmake
[2.615s] -- Up-to-date: /home/niuniu/mid360_ws/install/fast_lio/share/fast_lio/cmake/export_fast_lio__rosidl_generator_pyExport.cmake
[2.615s] -- Up-to-date: /home/niuniu/mid360_ws/install/fast_lio/share/fast_lio/cmake/export_fast_lio__rosidl_generator_pyExport-release.cmake
[2.615s] -- Up-to-date: /home/niuniu/mid360_ws/install/fast_lio/share/fast_lio/cmake/rosidl_cmake-extras.cmake
[2.615s] -- Up-to-date: /home/niuniu/mid360_ws/install/fast_lio/share/fast_lio/cmake/ament_cmake_export_include_directories-extras.cmake
[2.615s] -- Up-to-date: /home/niuniu/mid360_ws/install/fast_lio/share/fast_lio/cmake/ament_cmake_export_libraries-extras.cmake
[2.615s] -- Up-to-date: /home/niuniu/mid360_ws/install/fast_lio/share/fast_lio/cmake/ament_cmake_export_targets-extras.cmake
[2.615s] -- Up-to-date: /home/niuniu/mid360_ws/install/fast_lio/share/fast_lio/cmake/rosidl_cmake_export_typesupport_targets-extras.cmake
[2.615s] -- Up-to-date: /home/niuniu/mid360_ws/install/fast_lio/share/fast_lio/cmake/ament_cmake_export_dependencies-extras.cmake
[2.615s] -- Up-to-date: /home/niuniu/mid360_ws/install/fast_lio/share/fast_lio/cmake/rosidl_cmake_export_typesupport_libraries-extras.cmake
[2.615s] -- Up-to-date: /home/niuniu/mid360_ws/install/fast_lio/share/fast_lio/cmake/fast_lioConfig.cmake
[2.615s] -- Up-to-date: /home/niuniu/mid360_ws/install/fast_lio/share/fast_lio/cmake/fast_lioConfig-version.cmake
[2.615s] -- Up-to-date: /home/niuniu/mid360_ws/install/fast_lio/share/fast_lio/package.xml
[2.618s] Invoked command in '/home/niuniu/mid360_ws/build/fast_lio' returned '0': CMAKE_PREFIX_PATH=/home/niuniu/mid360_ws/install/livox_ros_driver2:/home/niuniu/mid360_ws/install/fast_lio:/home/niuniu/ydlidar_ws/install/ydlidar_ros2_driver:/opt/ros/humble LD_LIBRARY_PATH=/home/niuniu/mid360_ws/install/livox_ros_driver2/lib:/home/niuniu/mid360_ws/install/livox_sdk2/lib:/home/niuniu/mid360_ws/install/fast_lio/lib:/lib:/opt/ros/humble/lib:/lib:/opt/ros/humble/lib:/usr/lib/x86_64-linux-gnu/gazebo-11/plugins:/opt/ros/humble/opt/rviz_ogre_vendor/lib:/opt/ros/humble/lib/x86_64-linux-gnu:/opt/ros/humble/lib:/usr/local/lib:/usr/local/lib /usr/bin/cmake --install /home/niuniu/mid360_ws/build/fast_lio
